*------------------------------------------------------------*
Usuario:                win
Fecha:                15/02/16
Hora:                16H12
*------------------------------------------------------------*
* Salida de entrenamiento
*------------------------------------------------------------*
 
 
 
 
Resumen de variables
 
            Nivel de     Número de
Rol          medida     ocurrencias
 
FREQ        INTERVAL          1
INPUT       INTERVAL          5
INPUT       ORDINAL           5
PREDICT     INTERVAL          2
REJECTED    BINARY            3
REJECTED    INTERVAL         10
REJECTED    NOMINAL           1
RESIDUAL    INTERVAL          2
TARGET      BINARY            1
 
 
 
 
Eventos del modelo
 
                                   Número
                      Nivel de       de
Objetivo    Evento     medida     niveles      Orden       Etiqueta
 
DEFAULT      1.00      BINARY        2       Descending    DEFAULT
 
 
 
 
Variables predichas y de decisión
 
Tipo         Variable         Etiqueta
 
TARGET       DEFAULT          DEFAULT
PREDICTED    P_DEFAULT1_00    Predicted: DEFAULT=1.00
RESIDUAL     R_DEFAULT1_00    Residual: DEFAULT=1.00
PREDICTED    P_DEFAULT0_00    Predicted: DEFAULT=0.00
RESIDUAL     R_DEFAULT0_00    Residual: DEFAULT=0.00
FROM         F_DEFAULT        From: DEFAULT
INTO         I_DEFAULT        Into: DEFAULT
 
 
 
 
 
Procedimiento DMREG
 
                    Model Information
 
Conjunto de datos de entrenamiento    WORK.EM_DMREG.VIEW
Catálogo DMDB                         WORK.SCORECARD2_DMDB
Variable objetivo                     DEFAULT (DEFAULT)
Nivel de medida del objetivo          Ordinal
Número de categorías del objetivo     2
Error                                 MBernoulli
Función de vínculo                    Logit
Número de parámetros modelo           6
Número de observaciones               1576
Variable de frecuencia                _FREQ_
Suma de frecuencias                   1420
 
 
          Target Profile
 
   Valor                     Total
ordenado     DEFAULT     Frequency
 
       1     1.00          155.013
       2     0.00         1264.987
 
 
 
 
 
Procedimiento DMREG
 
Optimización Newton-Raphson Ridge
 
Ajuste a escala sin parámetro
 
Estimaciones de parámetro               6
 
                                           Inicio de optimización
 
Restricciones activas                               0  Función objetivo                         489.56507517
Elemento gradiente absoluto máx          67.759057225
 
 
                                                                                                        Ratio
                                                                                                      Between
                                                                                                       Actual
                                                                 Objective     Max Abs                    and
                     Function         Active        Objective     Function    Gradient              Predicted
Iter     Restarts       Calls    Constraints         Function       Change     Element     Ridge       Change
 
   1            0           2              0        434.14158      55.4235     38.9233         0        1.018
   2            0           3              0        421.52619      12.6154      6.9250         0        1.204
   3            0           4              0        418.79982       2.7264      1.6469         0        1.177
   4            0           5              0        418.52602       0.2738      0.1920         0        1.067
   5            0           6              0        418.52297      0.00305     0.00234         0        1.007
   6            0           7              0        418.52297     3.763E-7    2.939E-7         0        1.000
 
                                         Resultados de optimización
 
Iteraciones                                         6  Invocaciones de función                             9
Invocaciones del hessiano                           7  Restricciones activas                               0
Función objetivo                         418.52297048  Elemento gradiente absoluto máx          2.9385586E-7
Ridge                                               0  Actual Over Pred Change                  1.0000826979
 
Convergence criterion (GCONV=1E-6) satisfied.
 
 
        Likelihood Ratio Test for Global Null Hypothesis: BETA=0
 
        -2 Log Likelihood
                         Términos     Likelihood
 Sólo términos     independientes          Ratio
independientes      & covariables     Chi-Square       DF     Pr > ChiSq
 
       979.130            837.046       142.0842        5         <.0001
 
 
                             Analysis of Maximum Likelihood Estimates
 
                                 Standard          Wald                      Estimador
Parameter      DF    Estimate       Error    Chi-Square    Pr > ChiSq    estandarizado    Exp(Est)
 
Intercept       1     -2.0910      0.1027        414.37        <.0001                        0.124
WOE_AGE         1     -0.5291      0.2287          5.35        0.0207          -0.1274       0.589
WOE_INCOME      1     -0.5646      0.2304          6.00        0.0143          -0.1182       0.569
WOE_ACTIVE      1     -0.8940      0.1518         34.69        <.0001          -0.8343       0.409
WOE_AVGEXP      1     -0.9385      0.2733         11.79        0.0006          -0.1706       0.391
WOE_CUR_ADD     1     -0.5692      0.2235          6.48        0.0109          -0.1483       0.566
 
 
    Odds Ratio Estimates
 
                       Point
Effect              Estimate
 
WOE_AGE                0.589
WOE_INCOME             0.569
WOE_ACTIVE             0.409
WOE_AVGEXP             0.391
WOE_CUR_ADD            0.566
 
 
 
 
Scorecard
 
                                                             Puntos de
Obs    Variable    Grupo    Etiqueta                         scorecard
 
  1    ACTIVE        -2     Puntuación neutral                   29
  2    ACTIVE         1     ACTIVE< 2                           125
  3    ACTIVE         2     2<= ACTIVE< 12, _MISSING_            29
  4    ACTIVE         3     12<= ACTIVE< 16                       4
  5    ACTIVE         4     16<= ACTIVE< 19                      22
  6    ACTIVE         5     19<= ACTIVE                           3
  7    AGE           -2     Puntuación neutral                   29
  8    AGE            1     AGE< 27.58, _MISSING_                39
  9    AGE            2     27.58<= AGE< 32.58                   31
 10    AGE            3     32.58<= AGE< 37.25                   22
 11    AGE            4     37.25<= AGE< 52.42                   26
 12    AGE            5     52.42<= AGE                          21
 13    AVGEXP        -2     Puntuación neutral                   29
 14    AVGEXP         1     AVGEXP< 12.65, _MISSING_             28
 15    AVGEXP         2     12.65<= AVGEXP< 57.44                49
 16    AVGEXP         3     57.44<= AVGEXP< 101.76               29
 17    AVGEXP         4     101.76<= AVGEXP< 352.17              36
 18    AVGEXP         5     352.17<= AVGEXP                      15
 19    CUR_ADD       -2     Puntuación neutral                   29
 20    CUR_ADD        1     CUR_ADD< 24, _MISSING_               40
 21    CUR_ADD        2     24<= CUR_ADD< 49                     26
 22    CUR_ADD        3     49<= CUR_ADD< 108                    23
 23    CUR_ADD        4     108<= CUR_ADD< 192                   28
 24    CUR_ADD        5     192<= CUR_ADD                        19
 25    INCOME        -2     Puntuación neutral                   29
 26    INCOME         1     INCOME< 1.8                          41
 27    INCOME         2     1.8<= INCOME< 2.06                   27
 28    INCOME         3     2.06<= INCOME< 4.8, _MISSING_        31
 29    INCOME         4     4.8<= INCOME< 5.48                   43
 30    INCOME         5     5.48<= INCOME                        17


*------------------------------------------------------------*
* Salida de puntuación
*------------------------------------------------------------*


*------------------------------------------------------------*
* Salida del informe
*------------------------------------------------------------*
 
 
 
 
 
 
 
 
 
 
 
 
Estadísticos de ajuste
 
Objetivo=DEFAULT Etiqueta objetivo=DEFAULT
 
Estadísticos
 de ajuste      Etiqueta de estadísticos                      Entrenamiento
 
  _AIC_          criterio de información de Akaike                849.05
  _ASE_          error cuadrado del promedio                        0.09
  _AVERR_        función de error de promedio                       0.29
  _DFE_          grados de libertad para el error                1414.00
  _DFM_          grados de libertad del modelo                      6.00
  _DFT_          grados de libertad totales                      1420.00
  _DIV_          divisor para ASE                                2840.00
  _ERR_          función de error                                 837.05
  _FPE_          error de predicción final                          0.09
  _MAX_          error absoluto máximo                              1.00
  _MSE_          error cuadrático de la media                       0.09
  _NOBS_         suma de frecuencias                             1420.00
  _NW_           número de pesos de los estimadores                 6.00
  _RASE_         suma del promedio de la raíz de cuadrados          0.30
  _RFPE_         error de predicción final de la raíz               0.30
  _RMSE_         error cuadrático de la media de la raíz            0.30
  _SBC_          criterio bayesiano de Schwarz                    880.60
  _SSE_          suma de errores cuadrados                        248.74
  _SUMW_         suma de frec temporales de pesos de caso        2840.00
  _MISC_         tasa de error de clasificación                     0.11
  _KS_          Estadístico de Kolmogorov-Smirno                    0.40
  _AUR_         Área bajo ROC                                       0.77
  _Gini_        Coeficiente Gini                                    0.53
  _ARATIO_      Ratio de exactitud                                  0.53
 
 
 
 
 
 
 
 
 
 
 
 
Tabla de clasificación
 
Rol de los datos=TRAIN Variable objetivo=DEFAULT Etiqueta objetivo=DEFAULT
 
                         Porcentaje    Porcentaje     Número de     Porcentaje
Objetivo    Resultado     objetivo      resultado    ocurrencias       total
 
  0.00        0.00         89.3834       99.8419       1262.99        88.9427
  1.00        0.00         10.6166       96.7745        150.01        10.5643
  0.00        1.00         28.5714        0.1581          2.00         0.1408
  1.00        1.00         71.4286        3.2255          5.00         0.3521
 
 
 
 
 
 
 
 
 
 
 
 
Tabla de evento de clasificación
 
Rol de los datos=TRAIN Objetivo=DEFAULT Etiqueta objetivo=DEFAULT
 
  Falso     Verdadero      Falso     Verdadero
negativo     negativo    positivo     positivo
 
 150.013     1262.99         2           5
 
 
 
 
 
 
 
 
 
 
 
 
Clasificaciones de puntuación de evaluación
 
Rol de los datos=TRAIN Variable objetivo=DEFAULT Etiqueta objetivo=DEFAULT
 
                                                          %
                                                      acumulado                 Probabilidad
                                  Mejora       %          de       Número de    posterior de
Profundidad  Ganancia   Mejora  acumulada  respuesta  respuesta  observaciones    la media
 
      5       234.524  3.34524   3.34524    36.5180    36.5180      71.6392        0.38354
     10       193.602  2.52288   2.93602    27.5408    32.0508      70.9588        0.26601
     15       144.357  1.44743   2.44357    15.8008    26.6750      70.4948        0.21671
     20       127.456  1.77081   2.27456    19.3309    24.8300      71.4948        0.18456
     25       128.265  2.31510   2.28265    25.2726    24.9183      70.9588        0.16198
     30       111.615  1.27760   2.11615    13.9468    23.1007      70.5979        0.14684
     35        94.507  0.92431   1.94507    10.0902    21.2331      71.4227        0.13277
     40        86.818  1.32903   1.86818    14.5082    20.3938      70.9588        0.12029
     45        79.650  1.22020   1.79650    13.3202    19.6113      70.7113        0.10801
     50        67.846  0.62417   1.67846     6.8137    18.3228      71.5670        0.09765
     55        57.189  0.50435   1.57189     5.5056    17.1594      70.9588        0.08985
     60        51.269  0.86238   1.51269     9.4141    16.5131      71.1753        0.07754
     65        43.829  0.54489   1.43829     5.9482    15.7009      71.0309        0.06683
     70        36.225  0.36003   1.36225     3.9302    14.8708      70.1031        0.05519
     75        31.745  0.69301   1.31745     7.5652    14.3818      71.3196        0.04391
     80        24.426  0.14540   1.24426     1.5873    13.5828      70.9588        0.01641
     85        17.345  0.04856   1.17345     0.5300    12.8099      71.5258        0.00475
     90        10.953  0.02038   1.10953     0.2225    12.1121      70.8866        0.00349
     95         5.218  0.01326   1.05218     0.1447    11.4860      70.5979        0.00243
    100         0.000  0.00330   1.00000     0.0361    10.9164      70.6392        0.00167
 
 
 
 
 
 
 
 
 
 
 
 
Distribución de puntuación de evaluación
 
Rol de los datos=TRAIN Variable objetivo=DEFAULT Etiqueta objetivo=DEFAULT
 
Rango de la      Número                  Probabilidad
probabilidad       de       Número de    posterior de
 posterior      eventos    no eventos      la media      Porcentaje
 
 0.55-0.60       4.0000        0.000        0.56623         0.2817
 0.50-0.55       1.0000        2.000        0.52949         0.2113
 0.45-0.50       2.0000        2.000        0.48731         0.2817
 0.40-0.45       6.0756        8.316        0.42457         1.0135
 0.35-0.40       5.2438        6.220        0.36826         0.8073
 0.30-0.35       8.5976       29.186        0.32436         2.6608
 0.25-0.30      13.2807       34.822        0.27301         3.3875
 0.20-0.25      15.9887       66.434        0.22479         5.8044
 0.15-0.20      37.9289      148.556        0.17019        13.1327
 0.10-0.15      33.3564      241.159        0.12135        19.3321
 0.05-0.10      20.3552      294.552        0.07657        22.1766
 0.00-0.05       7.1862      431.742        0.01321        30.9104
