 
                                                                                               
 
 







 
Estadísticos de ajuste

Objetivo=DEFAULT Etiqueta objetivo=DEFAULT

Estadísticos
 de ajuste      Etiqueta de estadísticos                      Entrenamiento

  _AIC_          criterio de información de Akaike                849.05   
  _ASE_          error cuadrado del promedio                        0.09   
  _AVERR_        función de error de promedio                       0.29   
  _DFE_          grados de libertad para el error                1414.00   
  _DFM_          grados de libertad del modelo                      6.00   
  _DFT_          grados de libertad totales                      1420.00   
  _DIV_          divisor para ASE                                2840.00   
  _ERR_          función de error                                 837.05   
  _FPE_          error de predicción final                          0.09   
  _MAX_          error absoluto máximo                              1.00   
  _MSE_          error cuadrático de la media                       0.09   
  _NOBS_         suma de frecuencias                             1420.00   
  _NW_           número de pesos de los estimadores                 6.00   
  _RASE_         suma del promedio de la raíz de cuadrados          0.30   
  _RFPE_         error de predicción final de la raíz               0.30   
  _RMSE_         error cuadrático de la media de la raíz            0.30   
  _SBC_          criterio bayesiano de Schwarz                    880.60   
  _SSE_          suma de errores cuadrados                        248.74   
  _SUMW_         suma de frec temporales de pesos de caso        2840.00   
  _MISC_         tasa de error de clasificación                     0.11   
  _KS_          Estadístico de Kolmogorov-Smirno                    0.40   
  _AUR_         Área bajo ROC                                       0.77   
  _Gini_        Coeficiente Gini                                    0.53   
  _ARATIO_      Ratio de exactitud                                  0.53   
 
                                                                                               
 
 







 
Tabla de clasificación

Rol de los datos=TRAIN Variable objetivo=DEFAULT Etiqueta objetivo=DEFAULT

                         Porcentaje    Porcentaje     Número de     Porcentaje
Objetivo    Resultado     objetivo      resultado    ocurrencias       total

  0.00        0.00         89.3834       99.8419       1262.99        88.9427 
  1.00        0.00         10.6166       96.7745        150.01        10.5643 
  0.00        1.00         28.5714        0.1581          2.00         0.1408 
  1.00        1.00         71.4286        3.2255          5.00         0.3521 
 
                                                                                               
 
 







 
Tabla de evento de clasificación

Rol de los datos=TRAIN Objetivo=DEFAULT Etiqueta objetivo=DEFAULT

  Falso     Verdadero      Falso     Verdadero
negativo     negativo    positivo     positivo

 150.013     1262.99         2           5    
 
                                                                                               
 
 







 
Clasificaciones de puntuación de evaluación

Rol de los datos=TRAIN Variable objetivo=DEFAULT Etiqueta objetivo=DEFAULT

                                                          %
                                                      acumulado                 Probabilidad
                                  Mejora       %          de       Número de    posterior de
Profundidad  Ganancia   Mejora  acumulada  respuesta  respuesta  observaciones    la media

      5       234.524  3.34524   3.34524    36.5180    36.5180      71.6392        0.38354  
     10       193.602  2.52288   2.93602    27.5408    32.0508      70.9588        0.26601  
     15       144.357  1.44743   2.44357    15.8008    26.6750      70.4948        0.21671  
     20       127.456  1.77081   2.27456    19.3309    24.8300      71.4948        0.18456  
     25       128.265  2.31510   2.28265    25.2726    24.9183      70.9588        0.16198  
     30       111.615  1.27760   2.11615    13.9468    23.1007      70.5979        0.14684  
     35        94.507  0.92431   1.94507    10.0902    21.2331      71.4227        0.13277  
     40        86.818  1.32903   1.86818    14.5082    20.3938      70.9588        0.12029  
     45        79.650  1.22020   1.79650    13.3202    19.6113      70.7113        0.10801  
     50        67.846  0.62417   1.67846     6.8137    18.3228      71.5670        0.09765  
     55        57.189  0.50435   1.57189     5.5056    17.1594      70.9588        0.08985  
     60        51.269  0.86238   1.51269     9.4141    16.5131      71.1753        0.07754  
     65        43.829  0.54489   1.43829     5.9482    15.7009      71.0309        0.06683  
     70        36.225  0.36003   1.36225     3.9302    14.8708      70.1031        0.05519  
     75        31.745  0.69301   1.31745     7.5652    14.3818      71.3196        0.04391  
     80        24.426  0.14540   1.24426     1.5873    13.5828      70.9588        0.01641  
     85        17.345  0.04856   1.17345     0.5300    12.8099      71.5258        0.00475  
     90        10.953  0.02038   1.10953     0.2225    12.1121      70.8866        0.00349  
     95         5.218  0.01326   1.05218     0.1447    11.4860      70.5979        0.00243  
    100         0.000  0.00330   1.00000     0.0361    10.9164      70.6392        0.00167  
 
                                                                                               
 
 







 
Distribución de puntuación de evaluación

Rol de los datos=TRAIN Variable objetivo=DEFAULT Etiqueta objetivo=DEFAULT

Rango de la      Número                  Probabilidad
probabilidad       de       Número de    posterior de
 posterior      eventos    no eventos      la media      Porcentaje

 0.55-0.60       4.0000        0.000        0.56623         0.2817 
 0.50-0.55       1.0000        2.000        0.52949         0.2113 
 0.45-0.50       2.0000        2.000        0.48731         0.2817 
 0.40-0.45       6.0756        8.316        0.42457         1.0135 
 0.35-0.40       5.2438        6.220        0.36826         0.8073 
 0.30-0.35       8.5976       29.186        0.32436         2.6608 
 0.25-0.30      13.2807       34.822        0.27301         3.3875 
 0.20-0.25      15.9887       66.434        0.22479         5.8044 
 0.15-0.20      37.9289      148.556        0.17019        13.1327 
 0.10-0.15      33.3564      241.159        0.12135        19.3321 
 0.05-0.10      20.3552      294.552        0.07657        22.1766 
 0.00-0.05       7.1862      431.742        0.01321        30.9104 
