 
                                                                                                                                                                                                                                                                
 
 
Resumen de variables

            Nivel de     Número de
Rol          medida     ocurrencias

FREQ        INTERVAL          1    
INPUT       INTERVAL          5    
INPUT       ORDINAL           5    
PREDICT     INTERVAL          2    
REJECTED    BINARY            3    
REJECTED    INTERVAL         10    
REJECTED    NOMINAL           1    
RESIDUAL    INTERVAL          2    
TARGET      BINARY            1    
 
                                                                                                                                                                                                                                                                
 
 
Eventos del modelo

                                   Número
                      Nivel de       de
Objetivo    Evento     medida     niveles      Orden       Etiqueta

DEFAULT      1.00      BINARY        2       Descending    DEFAULT 
 
                                                                                                                                                                                                                                                                
 
 
Variables predichas y de decisión

Tipo         Variable         Etiqueta

TARGET       DEFAULT          DEFAULT                
PREDICTED    P_DEFAULT1_00    Predicted: DEFAULT=1.00
RESIDUAL     R_DEFAULT1_00    Residual: DEFAULT=1.00 
PREDICTED    P_DEFAULT0_00    Predicted: DEFAULT=0.00
RESIDUAL     R_DEFAULT0_00    Residual: DEFAULT=0.00 
FROM         F_DEFAULT        From: DEFAULT          
INTO         I_DEFAULT        Into: DEFAULT          
 
                                                                                                                                                                                                                                                                
 
 

Procedimiento DMREG

                    Model Information

Conjunto de datos de entrenamiento    WORK.EM_DMREG.VIEW  
Catálogo DMDB                         WORK.SCORECARD2_DMDB
Variable objetivo                     DEFAULT (DEFAULT)   
Nivel de medida del objetivo          Ordinal             
Número de categorías del objetivo     2                   
Error                                 MBernoulli          
Función de vínculo                    Logit               
Número de parámetros modelo           6                   
Número de observaciones               1576                
Variable de frecuencia                _FREQ_              
Suma de frecuencias                   1420                


          Target Profile
 
   Valor                     Total
ordenado     DEFAULT     Frequency

       1     1.00          155.013
       2     0.00         1264.987
 
                                                                                                                                                                                                                                                                
 
 

Procedimiento DMREG

Optimización Newton-Raphson Ridge

Ajuste a escala sin parámetro

Estimaciones de parámetro               6

                                           Inicio de optimización

Restricciones activas                               0  Función objetivo                         489.56507517
Elemento gradiente absoluto máx          67.759057225                                                       


                                                                                                        Ratio
                                                                                                      Between
                                                                                                       Actual
                                                                 Objective     Max Abs                    and
                     Function         Active        Objective     Function    Gradient              Predicted
Iter     Restarts       Calls    Constraints         Function       Change     Element     Ridge       Change

   1            0           2              0        434.14158      55.4235     38.9233         0        1.018
   2            0           3              0        421.52619      12.6154      6.9250         0        1.204
   3            0           4              0        418.79982       2.7264      1.6469         0        1.177
   4            0           5              0        418.52602       0.2738      0.1920         0        1.067
   5            0           6              0        418.52297      0.00305     0.00234         0        1.007
   6            0           7              0        418.52297     3.763E-7    2.939E-7         0        1.000

                                         Resultados de optimización

Iteraciones                                         6  Invocaciones de función                             9
Invocaciones del hessiano                           7  Restricciones activas                               0
Función objetivo                         418.52297048  Elemento gradiente absoluto máx          2.9385586E-7
Ridge                                               0  Actual Over Pred Change                  1.0000826979

Convergence criterion (GCONV=1E-6) satisfied.                                                     


        Likelihood Ratio Test for Global Null Hypothesis: BETA=0
 
        -2 Log Likelihood
                         Términos     Likelihood
 Sólo términos     independientes          Ratio
independientes      & covariables     Chi-Square       DF     Pr > ChiSq

       979.130            837.046       142.0842        5         <.0001


                             Analysis of Maximum Likelihood Estimates
 
                                 Standard          Wald                      Estimador
Parameter      DF    Estimate       Error    Chi-Square    Pr > ChiSq    estandarizado    Exp(Est)

Intercept       1     -2.0910      0.1027        414.37        <.0001                        0.124
WOE_AGE         1     -0.5291      0.2287          5.35        0.0207          -0.1274       0.589
WOE_INCOME      1     -0.5646      0.2304          6.00        0.0143          -0.1182       0.569
WOE_ACTIVE      1     -0.8940      0.1518         34.69        <.0001          -0.8343       0.409
WOE_AVGEXP      1     -0.9385      0.2733         11.79        0.0006          -0.1706       0.391
WOE_CUR_ADD     1     -0.5692      0.2235          6.48        0.0109          -0.1483       0.566


    Odds Ratio Estimates
              
                       Point
Effect              Estimate

WOE_AGE                0.589
WOE_INCOME             0.569
WOE_ACTIVE             0.409
WOE_AVGEXP             0.391
WOE_CUR_ADD            0.566
 
                                                                                                                                                                                                                                                                
 
 
Scorecard

                                                             Puntos de
Obs    Variable    Grupo    Etiqueta                         scorecard

  1    ACTIVE        -2     Puntuación neutral                   29   
  2    ACTIVE         1     ACTIVE< 2                           125   
  3    ACTIVE         2     2<= ACTIVE< 12, _MISSING_            29   
  4    ACTIVE         3     12<= ACTIVE< 16                       4   
  5    ACTIVE         4     16<= ACTIVE< 19                      22   
  6    ACTIVE         5     19<= ACTIVE                           3   
  7    AGE           -2     Puntuación neutral                   29   
  8    AGE            1     AGE< 27.58, _MISSING_                39   
  9    AGE            2     27.58<= AGE< 32.58                   31   
 10    AGE            3     32.58<= AGE< 37.25                   22   
 11    AGE            4     37.25<= AGE< 52.42                   26   
 12    AGE            5     52.42<= AGE                          21   
 13    AVGEXP        -2     Puntuación neutral                   29   
 14    AVGEXP         1     AVGEXP< 12.65, _MISSING_             28   
 15    AVGEXP         2     12.65<= AVGEXP< 57.44                49   
 16    AVGEXP         3     57.44<= AVGEXP< 101.76               29   
 17    AVGEXP         4     101.76<= AVGEXP< 352.17              36   
 18    AVGEXP         5     352.17<= AVGEXP                      15   
 19    CUR_ADD       -2     Puntuación neutral                   29   
 20    CUR_ADD        1     CUR_ADD< 24, _MISSING_               40   
 21    CUR_ADD        2     24<= CUR_ADD< 49                     26   
 22    CUR_ADD        3     49<= CUR_ADD< 108                    23   
 23    CUR_ADD        4     108<= CUR_ADD< 192                   28   
 24    CUR_ADD        5     192<= CUR_ADD                        19   
 25    INCOME        -2     Puntuación neutral                   29   
 26    INCOME         1     INCOME< 1.8                          41   
 27    INCOME         2     1.8<= INCOME< 2.06                   27   
 28    INCOME         3     2.06<= INCOME< 4.8, _MISSING_        31   
 29    INCOME         4     4.8<= INCOME< 5.48                   43   
 30    INCOME         5     5.48<= INCOME                        17   
