*------------------------------------------------------------*
Usuario:                win
Fecha:                17/02/16
Hora:                20H17
*------------------------------------------------------------*
* Salida de entrenamiento
*------------------------------------------------------------*
 
 
 
 
Resumen de variables
 
            Nivel de     Número de
Rol          medida     ocurrencias
 
INPUT       INTERVAL         2
INPUT       NOMINAL          1
REJECTED    INTERVAL         1
REJECTED    NOMINAL          1
TARGET      INTERVAL         1


*------------------------------------------------------------*
* Salida de puntuación
*------------------------------------------------------------*


*------------------------------------------------------------*
* Salida del informe
*------------------------------------------------------------*
