 
                                                                                                                                                                                                                                                                
 
 
Resumen de variables

            Nivel de     Número de
Rol          medida     ocurrencias

INPUT       INTERVAL          2    
REJECTED    INTERVAL         14    
TARGET      INTERVAL          1    
 
                                                                                                                                                                                                                                                                
 
 
Variables predichas y de decisión

Tipo         Variable       Etiqueta

TARGET        hat                      
PREDICTED     P_hat      Predicted: hat
RESIDUAL      R_hat      Residual: hat 
 
                                                                                                                                                                                                                                                                
 
 

Procedimiento DMREG

                   Model Information

Conjunto de datos de entrenamiento    WORK.EM_DMREG.VIEW
Catálogo DMDB                         WORK.REG_DMDB     
Variable objetivo                     hat               
Nivel de medida del objetivo          Interval          
Error                                 Normal            
Función de vínculo                    Identity          
Número de parámetros modelo           3                 
Número de observaciones               441               


                             Analysis of Variance
 
                                  Suma de     Cuadrado de
Fuente                 DF       cuadrados        la media    F-Valor    Pr > F

Model                   2               0               0       0.00    1.0000
Error                 438      203.345289        0.464259                     
Corrected Total       440      203.345289                                     


              Model Fit Statistics

R-Square        0.0000     Adj R-Sq       -0.0046
AIC          -335.3955     BIC          -333.3545
SBC          -323.1283     C(p)            3.0000


           Analysis of Maximum Likelihood Estimates
 
                               Standard
Parameter    DF    Estimate       Error    Valor t    Pr > |t|

Intercept     1     -0.2766      0.0324      -8.53      <.0001
x1            1     -22E-20      0.0107      -0.00      1.0000
x2            1    3.08E-18      0.0107       0.00      1.0000
