*------------------------------------------------------------*
Usuario:                win
Fecha:                24/02/16
Hora:                20H41
*------------------------------------------------------------*
* Salida de entrenamiento
*------------------------------------------------------------*
 
 
 
 
Resumen de variables
 
          Nivel de     Número de
 Rol       medida     ocurrencias
 
INPUT     INTERVAL         2
INPUT     NOMINAL          2
TARGET    INTERVAL         1
 
 
 
 
Variables predichas y de decisión
 
Tipo         Variable       Etiqueta
 
TARGET        FEV
PREDICTED     P_FEV      Predicted: FEV
RESIDUAL      R_FEV      Residual: FEV
 
 
 
 
 
Procedimiento NEURAL
 
Preliminary       Starting         Objective         Number
 Training          Random           Function           of        Terminating
    Run             Seed             Value         Iterations     Criteria
 
        1               12345    0.149328215425           10
        2          1679002304    0.152170077065           10
        3          1886791866    0.146363889203           10
        4          1227801794    0.145657799378           10
        5          1037369794    0.148308668731           10
 
 
 
 
 
Procedimiento NEURAL
 
                Inicio de optimización
                  Parameter Estimates
                                              Gradient
                                             Objective
  N Parameter                Estimador        Function
 
  1 Age_H101                 -1.048744       -0.000430
  2 Height_H101               0.430333       -0.000277
  3 Age_H102                  0.531087        0.000944
  4 Height_H102               0.170323        0.000247
  5 Age_H103                 -0.409754     0.000010224
  6 Height_H103               0.278140     0.000042569
  7 Age_H104                  0.246977       -0.000405
  8 Height_H104              -0.470983        0.000389
  9 Age_H105                 -0.392523       -0.001391
 10 Height_H105              -0.501910       -0.000897
 11 Age_H106                 -0.929817        0.002461
 12 Height_H106               0.342745        0.003822
 13 Age_H107                  0.011025        0.000221
 14 Height_H107               0.120085        0.000111
 15 Age_H108                  0.784716       -0.000525
 16 Height_H108              -0.062563       -0.000641
 17 Age_H109                  0.771896       -0.000856
 18 Height_H109               0.379026       -0.000932
 19 Age_H110                 -0.513993       -0.000145
 20 Height_H110               0.325085       -0.000440
 21 Age_H111                 -0.867525    -0.000030436
 22 Height_H111               0.872642       -0.000364
 23 Age_H112                 -0.081931        0.000300
 24 Height_H112              -0.473479        0.001034
 25 Age_H113                 -0.031740        0.000367
 26 Height_H113               0.256696       -0.000653
 27 Age_H114                 -0.858228       -0.002633
 28 Height_H114              -0.217692       -0.001719
 29 Age_H115                 -1.396618        0.000875
 30 Height_H115               0.835259       -0.000255
 31 Age_H116                  0.336488       -0.000126
 32 Height_H116               0.100535       -0.000172
 33 Age_H117                 -1.406952        0.000569
 34 Height_H117               0.365192        0.000595
 35 Age_H118                  0.133210        0.000127
 36 Height_H118              -0.245655        0.000195
 37 Age_H119                 -0.222785       -0.000322
 38 Height_H119              -0.236885        0.000215
 39 Age_H120                 -0.060553        0.002954
 40 Height_H120               0.677608        0.002525
 41 Age_H121                 -0.071561        0.000234
 42 Height_H121              -0.181743     0.000037487
 43 Age_H122                  0.491412       -0.001406
 44 Height_H122              -0.134342       -0.000616
 45 Age_H123                 -0.675515        0.000297
 46 Height_H123              -0.049348        0.000379
 47 Age_H124                  0.048160        0.000151
 48 Height_H124               0.127366    -0.000059182
 49 Age_H125                 -0.444330       -0.003292
 50 Height_H125              -0.358156       -0.001374
 51 Age_H126                 -0.843267        0.000643
 52 Height_H126               0.512407        0.000637
 53 Age_H127                 -0.619051        0.000867
 54 Height_H127              -0.071246        0.000390
 55 Age_H128                 -0.069273       -0.000186
 56 Height_H128              -0.011953    -0.000018830
 57 Age_H129                  0.113805        0.000100
 58 Height_H129              -0.751049        0.000150
 59 Age_H130                  1.004138       -0.000105
 60 Height_H130              -0.286765       -0.000138
 61 Age_H131                  0.720713    -0.000056046
 62 Height_H131               0.810617       -0.000752
 63 Age_H132                 -0.039657    -0.000013499
 64 Height_H132              -0.606297     0.000009299
 65 Age_H133                 -0.538958        0.001386
 66 Height_H133               0.675459       -0.001184
 67 Age_H134                  0.133695    -0.000019267
 68 Height_H134              -0.372065        0.000798
 69 Age_H135                  0.267930       -0.000320
 70 Height_H135               0.104451       -0.000531
 71 Age_H136                 -0.363089        0.002247
 72 Height_H136              -0.452071        0.002748
 73 Age_H137                  0.483505        0.000239
 74 Height_H137               0.238369    -0.000084397
 75 Age_H138                 -0.565405       -0.003460
 76 Height_H138              -0.422207       -0.002006
 77 Age_H139                  0.132171        0.002300
 78 Height_H139               0.836388        0.002232
 79 Age_H140                 -1.483843        0.000617
 80 Height_H140               0.084854        0.000650
 81 SexFemale_H101            0.430373     0.000044441
 82 SmokerCurrent_H101       -0.379037     0.000026792
 83 SexFemale_H102           -0.261739        0.000105
 84 SmokerCurrent_H102        0.446687        0.000754
 85 SexFemale_H103            0.141389    -0.000000442
 86 SmokerCurrent_H103        0.273772     0.000025517
 87 SexFemale_H104           -0.608080    -0.000035523
 88 SmokerCurrent_H104       -0.306787       -0.000588
 89 SexFemale_H105            0.285719       -0.000345
 90 SmokerCurrent_H105        0.449346     0.000073583
 91 SexFemale_H106           -0.524185        0.000984
 92 SmokerCurrent_H106       -0.978155       -0.000937
 93 SexFemale_H107           -0.566220       -0.000143
 94 SmokerCurrent_H107       -0.733286    -0.000045447
 95 SexFemale_H108           -0.071371        0.000182
 96 SmokerCurrent_H108       -0.354709       -0.000259
 97 SexFemale_H109            0.533788       -0.003947
 98 SmokerCurrent_H109        0.724619        0.003353
 99 SexFemale_H110           -0.729487    -0.000080315
100 SmokerCurrent_H110       -0.247384        0.000190
101 SexFemale_H111            0.711341        0.000229
102 SmokerCurrent_H111       -0.159165    -0.000015432
103 SexFemale_H112           -0.046275        0.000333
104 SmokerCurrent_H112       -0.623247       -0.001193
105 SexFemale_H113           -0.343982       -0.000208
106 SmokerCurrent_H113       -0.716784        0.000609
107 SexFemale_H114           -0.119336        0.001310
108 SmokerCurrent_H114        0.059612       -0.000931
109 SexFemale_H115           -0.006354       -0.000640
110 SmokerCurrent_H115        0.590125        0.001581
111 SexFemale_H116           -0.427159    -0.000027403
112 SmokerCurrent_H116       -0.565251       -0.000144
113 SexFemale_H117            0.042083       -0.000377
114 SmokerCurrent_H117        0.159708        0.000325
115 SexFemale_H118            0.465348    -0.000019972
116 SmokerCurrent_H118        0.055064     0.000072485
117 SexFemale_H119           -0.274900    -0.000018923
118 SmokerCurrent_H119        0.547175       -0.000171
119 SexFemale_H120           -0.925875     0.000048647
120 SmokerCurrent_H120        0.564357        0.001055
121 SexFemale_H121           -0.570622       -0.000170
122 SmokerCurrent_H121       -0.542281        0.000150
123 SexFemale_H122            0.046233        0.000316
124 SmokerCurrent_H122        0.350532       -0.000659
125 SexFemale_H123           -0.085140    -0.000093931
126 SmokerCurrent_H123        0.161345        0.000127
127 SexFemale_H124           -0.551159     0.000086866
128 SmokerCurrent_H124       -0.613375        0.000203
129 SexFemale_H125            0.905714        0.001902
130 SmokerCurrent_H125        0.039626       -0.000921
131 SexFemale_H126            0.371471       -0.000220
132 SmokerCurrent_H126       -0.129978        0.000203
133 SexFemale_H127           -0.473026       -0.000380
134 SmokerCurrent_H127       -0.306210        0.000299
135 SexFemale_H128           -0.295650        0.000111
136 SmokerCurrent_H128        0.461585       -0.000119
137 SexFemale_H129           -0.436444        0.000106
138 SmokerCurrent_H129        0.286350     0.000034065
139 SexFemale_H130            1.020223        0.000215
140 SmokerCurrent_H130        0.305184    -0.000060812
141 SexFemale_H131            0.299210       -0.001212
142 SmokerCurrent_H131       -0.316064        0.000272
143 SexFemale_H132            0.132897       -0.000297
144 SmokerCurrent_H132        0.334100    -0.000037669
145 SexFemale_H133           -0.112094       -0.000454
146 SmokerCurrent_H133       -0.179592        0.002038
147 SexFemale_H134            0.377627        0.000375
148 SmokerCurrent_H134        0.462467     0.000042857
149 SexFemale_H135           -0.482004     0.000018287
150 SmokerCurrent_H135       -0.508956       -0.000232
151 SexFemale_H136            0.532516       -0.000529
152 SmokerCurrent_H136        0.102061        0.001231
153 SexFemale_H137           -0.233359       -0.000116
154 SmokerCurrent_H137       -1.127656        0.000491
155 SexFemale_H138           -0.210108        0.003772
156 SmokerCurrent_H138        0.245153       -0.002522
157 SexFemale_H139           -0.594368        0.000285
158 SmokerCurrent_H139       -0.889165       -0.001164
159 SexFemale_H140            0.441452       -0.000276
160 SmokerCurrent_H140        0.038881        0.000384
161 BIAS_H101                 0.522808       -0.000142
162 BIAS_H102                -1.483566        0.000586
163 BIAS_H103                -1.444215    -0.000014804
164 BIAS_H104                -1.112229       -0.000321
165 BIAS_H105                 2.136374       -0.001067
166 BIAS_H106                -0.690097        0.000742
167 BIAS_H107                 1.671310     0.000031547
168 BIAS_H108                 1.216349        0.000193
169 BIAS_H109                -0.440501       -0.002922
170 BIAS_H110                -0.346324        0.000218
171 BIAS_H111                -0.482198    -0.000015452
172 BIAS_H112                -0.800608        0.000996
173 BIAS_H113                -0.379431        0.000365
174 BIAS_H114                 1.120000       -0.000473
175 BIAS_H115                 0.620746       -0.000604
176 BIAS_H116                 1.847075     0.000024717
177 BIAS_H117                -2.047094       -0.000300
178 BIAS_H118                -1.950412    -0.000063442
179 BIAS_H119                 0.084212       -0.000235
180 BIAS_H120                -0.732948        0.001313
181 BIAS_H121                 0.431066        0.000104
182 BIAS_H122                -1.300989       -0.000617
183 BIAS_H123                -2.051079       -0.000138
184 BIAS_H124                -1.404719    -0.000047219
185 BIAS_H125                 1.786453       -0.002495
186 BIAS_H126                -1.493677    -0.000040973
187 BIAS_H127                 1.039221    -0.000016369
188 BIAS_H128                -1.100652    -0.000097667
189 BIAS_H129                 1.852527     0.000014967
190 BIAS_H130                 1.386861        0.000279
191 BIAS_H131                 0.106546       -0.000991
192 BIAS_H132                 2.055253    -0.000061780
193 BIAS_H133                -0.023681        0.000379
194 BIAS_H134                -0.914897       -0.000785
195 BIAS_H135                 1.017445        0.000229
196 BIAS_H136                -1.526706       -0.000834
197 BIAS_H137                -0.616209    -0.000097514
198 BIAS_H138                 0.796545        0.000469
199 BIAS_H139                -2.117989        0.001387
200 BIAS_H140                -3.393267       -0.000380
201 H101_FEV                 -0.030940       -0.013377
202 H102_FEV                  0.068229        0.003465
203 H103_FEV                 -0.030129       -0.006843
204 H104_FEV                 -0.071582       -0.003142
205 H105_FEV                 -0.177770        0.007367
206 H106_FEV                 -0.186353       -0.004579
207 H107_FEV                  0.057602        0.007314
208 H108_FEV                  0.036610        0.002157
209 H109_FEV                  0.246538        0.004481
210 H110_FEV                  0.032604       -0.007117
211 H111_FEV                  0.049123       -0.009491
212 H112_FEV                 -0.135466       -0.001144
213 H113_FEV                  0.078366       -0.009993
214 H114_FEV                 -0.126385       -0.011355
215 H115_FEV                  0.124232       -0.008371
216 H116_FEV                  0.043157        0.006864
217 H117_FEV                 -0.045853       -0.002210
218 H118_FEV                 -0.059380       -0.006471
219 H119_FEV                 -0.031940        0.005375
220 H120_FEV                  0.188968        0.008100
221 H121_FEV                  0.018749        0.001437
222 H122_FEV                 -0.067568        0.000902
223 H123_FEV                 -0.045934       -0.005192
224 H124_FEV                  0.034075       -0.009595
225 H125_FEV                 -0.256854        0.001275
226 H126_FEV                 -0.063665       -0.004118
227 H127_FEV                  0.044554       -0.005539
228 H128_FEV                 -0.015794       -0.002467
229 H129_FEV                  0.019752        0.003502
230 H130_FEV                  0.061334        0.010198
231 H131_FEV                  0.116764       -0.006209
232 H132_FEV                 -0.058690        0.007509
233 H133_FEV                  0.164430       -0.011265
234 H134_FEV                 -0.103599       -0.003149
235 H135_FEV                  0.048849        0.005133
236 H136_FEV                 -0.112831        0.004090
237 H137_FEV                  0.027244       -0.012301
238 H138_FEV                 -0.162457       -0.004247
239 H139_FEV                  0.155635       -0.005062
240 H140_FEV                 -0.067430       -0.003739
241 BIAS_FEV                  2.661473        0.007050
 
Valor de la función objetivo = 0.1456577994
 
 
 
 
 
 
Procedimiento NEURAL
 
Optimización Dual Quasi-Newton
 
 
Iteraciones mímimas                                      0
Iteraciones máximas                                     50
Invocaciones máximas de la función              2147483647
Tiempo CPU máximo                                    14400
Criterio gradiente ABSGCONV                        0.00001
Criterio gradiente GCONV                              1E-8
Criterio de la función ABSFCONV                          0
Criterio de la función FCONV                        0.0001
Criterio de la función FCONV2                            0
Parámetro FSIZE                                          0
Criterio de cambio de parámetro ABSXCONV                 0
Criterio de cambio de parámetro XCONV                    0
Parámetro XSIZE                                          0
Criterio de función ABSCONV                   0.0007625426
Método de búsqueda lineal                                2
Alpha inicial para búsqueda de línea                     1
Precisión de búsqueda de línea LSPRECISION             0.4
Parámetro DAMPSTEP para búsqueda de línea                .
Tolerancia de singularidad (SINGULAR)                 1E-8
 
Optimización Dual Quasi-Newton
 
Actualización Dual Broyden - Fletcher - Goldfarb - Shanno (DBFGS)
 
Estimaciones de parámetro             241
 
                                           Inicio de optimización
 
Restricciones activas                               0  Función objetivo                         0.1456577994
Elemento gradiente absoluto máx          0.0133767985
 
 
                                                                 Objective     Max Abs                Slope of
                     Function         Active        Objective     Function    Gradient       Step       Search
Iter     Restarts       Calls    Constraints         Function       Change     Element       Size    Direction
 
   1            0           6              0          0.14539     0.000272      0.0250    0.00263       -0.208
   2            0           8              0          0.14504     0.000344      0.0202      0.242      -0.0028
   3            0          10              0          0.14463     0.000416     0.00966      1.000      -0.0006
   4            0          14              0          0.14419     0.000438      0.0201      2.280      -0.0004
   5            0          18              0          0.14319     0.000996      0.0108      4.996      -0.0004
   6            0          20              0          0.14228     0.000907      0.0303     10.000      -0.0002
   7            0          24              0          0.14044      0.00184      0.0228      3.134      -0.0014
   8            0          27              0          0.14004     0.000402     0.00921      1.239      -0.0007
   9            0          29              0          0.13988     0.000161      0.0198      5.320      -0.0002
  10            0          33              0          0.13944     0.000436     0.00631      1.331      -0.0007
  11            0          35              0          0.13887     0.000570      0.0192      4.781      -0.0002
  12            0          37              0          0.13787      0.00100      0.0166      3.782      -0.0004
  13            0          39              0          0.13721     0.000662      0.0202      2.075      -0.0012
  14            0          42              0          0.13684     0.000373     0.00427      1.168      -0.0007
  15            0          45              0          0.13661     0.000223     0.00664      3.987      -0.0001
  16            0          47              0          0.13627     0.000344      0.0114      2.461      -0.0002
  17            0          49              0          0.13587     0.000402     0.00785      2.512      -0.0003
  18            0          52              0          0.13575     0.000118     0.00457      1.475      -0.0002
  19            0          54              0          0.13558     0.000170     0.00924      6.498      -453E-7
  20            0          58              0          0.13477     0.000815      0.0155      5.819      -0.0003
  21            0          61              0          0.13448     0.000285     0.00421      1.131      -0.0005
  22            0          64              0          0.13443     0.000050     0.00604      1.849       -48E-6
  23            0          68              0          0.13423     0.000204      0.0116      7.033      -591E-7
  24            0          72              0          0.13361     0.000614     0.00995      3.963      -0.0003
  25            0          75              0          0.13344     0.000173     0.00368      1.515      -0.0002
  26            0          78              0          0.13339     0.000047     0.00473      2.114      -449E-7
  27            0          82              0          0.13295     0.000440      0.0240     13.258      -0.0001
  28            0          84              0          0.13226     0.000688     0.00512      1.495      -0.0007
  29            0          87              0          0.13207     0.000192     0.00558      0.998      -0.0003
  30            0          90              0          0.13197     0.000107     0.00864      2.329      -0.0001
  31            0          94              0          0.13167     0.000300     0.00648      2.962      -0.0002
  32            0          96              0          0.13127     0.000400     0.00361      1.573      -0.0005
  33            0          99              0          0.13121     0.000057     0.00307      1.147      -0.0001
  34            0         101              0          0.13116     0.000051     0.00654      4.677      -303E-7
  35            0         105              0          0.13103     0.000128     0.00434      2.450      -0.0001
  36            0         109              0          0.13065     0.000384      0.0102      4.630      -0.0002
  37            0         111              0          0.13050     0.000146     0.00651      2.948      -0.0003
  38            0         113              0          0.13031     0.000193     0.00347      0.845      -0.0004
  39            0         116              0          0.13028     0.000026     0.00225      1.427      -362E-7
  40            0         120              0          0.13021     0.000071     0.00488      4.929      -288E-7
  41            0         124              0          0.13006     0.000149      0.0121      2.824      -0.0001
  42            0         126              0          0.12982     0.000242      0.0101      1.254      -0.0003
  43            0         129              0          0.12968     0.000136     0.00408      1.545      -0.0002
  44            0         132              0          0.12964     0.000046     0.00398      2.071      -429E-7
  45            0         136              0          0.12944     0.000200     0.00879      5.485      -0.0001
  46            0         138              0          0.12911     0.000327      0.0106      2.113      -0.0002
  47            0         140              0          0.12893     0.000178      0.0120      2.229      -0.0004
  48            0         142              0          0.12873     0.000201     0.00558      0.980      -0.0005
  49            0         145              0          0.12868     0.000048     0.00285      0.820      -0.0001
  50            0         147              0          0.12865     0.000031     0.00392      2.919      -411E-7
 
                                         Resultados de optimización
 
Iteraciones                                        50  Invocaciones de función                           149
Invocaciones del gradiente                         66  Restricciones activas                               0
Función objetivo                         0.1286526123  Elemento gradiente absoluto máx          0.0039182664
Coeficiente angular de la dirección de   -0.000041107
búsqueda
 
QUANEW necesita más de 50 iteraciones o 2147483647 invocaciones de función.
 
WARNING: QUANEW No se puede completar la optimización.
 
 
 
 
 
 
Procedimiento NEURAL
 
              Resultados de optimización
                  Parameter Estimates
                                              Gradient
                                             Objective
  N Parameter                Estimador        Function
 
  1 Age_H101                 -1.082906        0.002096
  2 Height_H101               0.821851        0.000349
  3 Age_H102                  0.368746    -0.000071052
  4 Height_H102               0.289998       -0.000194
  5 Age_H103                 -0.408136    -0.000021440
  6 Height_H103               0.275617    -0.000014394
  7 Age_H104                  0.407100        0.000719
  8 Height_H104              -0.429882       -0.000150
  9 Age_H105                 -0.815792       -0.002564
 10 Height_H105              -0.490578       -0.003070
 11 Age_H106                 -1.022501       -0.000185
 12 Height_H106               0.173429       -0.001101
 13 Age_H107                  0.009675    -0.000077744
 14 Height_H107               0.110641        0.000223
 15 Age_H108                  0.780498     0.000069183
 16 Height_H108              -0.041331     0.000021925
 17 Age_H109                  1.059126     0.000057171
 18 Height_H109               0.321914        0.001137
 19 Age_H110                 -0.486430       -0.000681
 20 Height_H110               0.315762        0.000129
 21 Age_H111                 -0.882847       -0.000649
 22 Height_H111               0.648051       -0.000203
 23 Age_H112                 -0.059561       -0.000434
 24 Height_H112              -0.398476    -0.000041152
 25 Age_H113                  0.053017       -0.000202
 26 Height_H113               0.313586       -0.000181
 27 Age_H114                 -0.730637       -0.000382
 28 Height_H114              -0.123654     0.000033942
 29 Age_H115                 -1.464199       -0.000215
 30 Height_H115               0.644342        0.000225
 31 Age_H116                  0.333784     0.000015444
 32 Height_H116               0.091543     0.000011205
 33 Age_H117                 -1.411705        0.000114
 34 Height_H117               0.325421    -0.000017321
 35 Age_H118                  0.124932     0.000030765
 36 Height_H118              -0.239316    -0.000003056
 37 Age_H119                 -0.094553        0.000147
 38 Height_H119              -0.287332        0.000159
 39 Age_H120                  0.178111       -0.000366
 40 Height_H120               0.626708       -0.000122
 41 Age_H121                 -0.100248     0.000076408
 42 Height_H121              -0.171416       -0.000142
 43 Age_H122                  0.485567     0.000003950
 44 Height_H122              -0.141657     0.000095021
 45 Age_H123                 -0.706195        0.000101
 46 Height_H123              -0.110994     0.000044931
 47 Age_H124                 -0.014099       -0.000607
 48 Height_H124               0.141019    -0.000030886
 49 Age_H125                 -0.129338        0.000809
 50 Height_H125              -0.556768       -0.000120
 51 Age_H126                 -0.681349        0.000366
 52 Height_H126               0.561890    -0.000094588
 53 Age_H127                 -0.731069       -0.001466
 54 Height_H127              -0.046204       -0.000695
 55 Age_H128                  0.024205    -0.000032749
 56 Height_H128              -0.080127     0.000092647
 57 Age_H129                  0.472066       -0.000871
 58 Height_H129              -0.875735        0.000574
 59 Age_H130                  0.990887       -0.000174
 60 Height_H130              -0.341683       -0.000213
 61 Age_H131                  0.665862       -0.000102
 62 Height_H131               1.251654    -0.000060678
 63 Age_H132                 -0.049942        0.000333
 64 Height_H132              -0.639097       -0.000315
 65 Age_H133                 -0.591973       -0.001817
 66 Height_H133               0.934671       -0.001166
 67 Age_H134                  0.163265        0.000180
 68 Height_H134              -0.344154       -0.000279
 69 Age_H135                  0.302618        0.000149
 70 Height_H135               0.092545        0.000227
 71 Age_H136                 -0.318841        0.000118
 72 Height_H136              -0.470730        0.000102
 73 Age_H137                  0.503232       -0.000685
 74 Height_H137               0.354532       -0.000845
 75 Age_H138                 -0.414394       -0.000263
 76 Height_H138              -0.260898    -0.000001426
 77 Age_H139                 -0.058523    -0.000034068
 78 Height_H139               0.594684     0.000046326
 79 Age_H140                 -1.460835    -0.000016154
 80 Height_H140               0.117790    -0.000061295
 81 SexFemale_H101            0.355825        0.002720
 82 SmokerCurrent_H101       -0.212744        0.000952
 83 SexFemale_H102           -0.231248       -0.000173
 84 SmokerCurrent_H102        0.232251        0.000179
 85 SexFemale_H103            0.155478    -0.000013284
 86 SmokerCurrent_H103        0.258611    -0.000037705
 87 SexFemale_H104           -0.836855        0.000923
 88 SmokerCurrent_H104       -0.198307        0.000116
 89 SexFemale_H105            0.251332        0.000977
 90 SmokerCurrent_H105        0.064676        0.001359
 91 SexFemale_H106           -0.582178    -0.000042409
 92 SmokerCurrent_H106       -0.864723        0.001814
 93 SexFemale_H107           -0.541611        0.000151
 94 SmokerCurrent_H107       -0.712479        0.000127
 95 SexFemale_H108           -0.077303     0.000021723
 96 SmokerCurrent_H108       -0.345834     0.000072231
 97 SexFemale_H109            0.512627       -0.001094
 98 SmokerCurrent_H109        0.614886       -0.000665
 99 SexFemale_H110           -0.782345       -0.000228
100 SmokerCurrent_H110       -0.208174    -0.000040143
101 SexFemale_H111            0.774610       -0.000665
102 SmokerCurrent_H111       -0.178241       -0.000511
103 SexFemale_H112           -0.103839    -0.000020862
104 SmokerCurrent_H112       -0.529269       -0.000337
105 SexFemale_H113           -0.323769       -0.000145
106 SmokerCurrent_H113       -0.751492       -0.000222
107 SexFemale_H114           -0.222978       -0.001130
108 SmokerCurrent_H114       -0.076732       -0.000220
109 SexFemale_H115           -0.181047       -0.002912
110 SmokerCurrent_H115        0.708474       -0.001409
111 SexFemale_H116           -0.413453     0.000035324
112 SmokerCurrent_H116       -0.562954     0.000024537
113 SexFemale_H117            0.124845     0.000022614
114 SmokerCurrent_H117        0.141231        0.000117
115 SexFemale_H118            0.454480    -0.000001075
116 SmokerCurrent_H118        0.049631    -0.000008060
117 SexFemale_H119           -0.257218        0.000440
118 SmokerCurrent_H119        0.564755        0.000411
119 SexFemale_H120           -0.922468        0.000276
120 SmokerCurrent_H120        0.416846        0.000498
121 SexFemale_H121           -0.585298     0.000050360
122 SmokerCurrent_H121       -0.516081        0.000152
123 SexFemale_H122            0.023228     0.000069345
124 SmokerCurrent_H122        0.377429    -0.000021404
125 SexFemale_H123           -0.073293        0.000153
126 SmokerCurrent_H123        0.150421     0.000063627
127 SexFemale_H124           -0.556121       -0.000220
128 SmokerCurrent_H124       -0.585579       -0.000274
129 SexFemale_H125            0.464657        0.000452
130 SmokerCurrent_H125       -0.086059        0.000173
131 SexFemale_H126            0.452717    -0.000075106
132 SmokerCurrent_H126       -0.121091        0.000779
133 SexFemale_H127           -0.446812       -0.000976
134 SmokerCurrent_H127       -0.280462        0.000345
135 SexFemale_H128           -0.293855        0.000215
136 SmokerCurrent_H128        0.460510     0.000021175
137 SexFemale_H129           -0.638130     0.000025429
138 SmokerCurrent_H129        0.298315       -0.002598
139 SexFemale_H130            1.041067     0.000087572
140 SmokerCurrent_H130        0.343323        0.000142
141 SexFemale_H131            0.499230       -0.000516
142 SmokerCurrent_H131        0.025745        0.000370
143 SexFemale_H132            0.277964        0.000165
144 SmokerCurrent_H132        0.186185        0.000273
145 SexFemale_H133           -0.290594       -0.000234
146 SmokerCurrent_H133       -0.372716        0.000737
147 SexFemale_H134            0.299237       -0.000283
148 SmokerCurrent_H134        0.422828       -0.000165
149 SexFemale_H135           -0.424502        0.000303
150 SmokerCurrent_H135       -0.510711        0.000374
151 SexFemale_H136            0.585429    -0.000022227
152 SmokerCurrent_H136        0.035533        0.000125
153 SexFemale_H137           -0.180083    -0.000060962
154 SmokerCurrent_H137       -1.049963       -0.000514
155 SexFemale_H138           -0.447487       -0.000225
156 SmokerCurrent_H138        0.250196       -0.000242
157 SexFemale_H139           -0.688709    -0.000028276
158 SmokerCurrent_H139       -0.533276    -0.000033159
159 SexFemale_H140            0.400125        0.000173
160 SmokerCurrent_H140        0.046789     0.000002167
161 BIAS_H101                 0.568469        0.001744
162 BIAS_H102                -1.620405        0.000170
163 BIAS_H103                -1.446521     0.000005657
164 BIAS_H104                -0.975585       -0.001348
165 BIAS_H105                 2.128675       -0.002420
166 BIAS_H106                -0.911016       -0.001557
167 BIAS_H107                 1.688831     0.000096307
168 BIAS_H108                 1.231349    -0.000050029
169 BIAS_H109                -0.353314        0.000787
170 BIAS_H110                -0.345101        0.000547
171 BIAS_H111                -0.477217    -0.000018427
172 BIAS_H112                -0.860129        0.000363
173 BIAS_H113                -0.323322        0.000235
174 BIAS_H114                 1.146884       -0.000275
175 BIAS_H115                 1.024604    -0.000062808
176 BIAS_H116                 1.852616     0.000018535
177 BIAS_H117                -2.051692       -0.000103
178 BIAS_H118                -1.957705     0.000007371
179 BIAS_H119                 0.107736       -0.000251
180 BIAS_H120                -0.756265     0.000033626
181 BIAS_H121                 0.422352       -0.000313
182 BIAS_H122                -1.288060     0.000013133
183 BIAS_H123                -2.050311    -0.000059135
184 BIAS_H124                -1.413729        0.000335
185 BIAS_H125                 2.037209       -0.000364
186 BIAS_H126                -1.650157       -0.000302
187 BIAS_H127                 1.041869       -0.000677
188 BIAS_H128                -1.100283       -0.000126
189 BIAS_H129                 2.155869        0.000395
190 BIAS_H130                 1.336956       -0.000101
191 BIAS_H131                -0.102786     0.000035092
192 BIAS_H132                 2.089699       -0.000280
193 BIAS_H133                -0.042088       -0.000337
194 BIAS_H134                -0.931160     0.000042585
195 BIAS_H135                 1.027797     0.000083227
196 BIAS_H136                -1.547366       -0.000118
197 BIAS_H137                -0.695357        0.001012
198 BIAS_H138                 0.789132     0.000086919
199 BIAS_H139                -2.326450     0.000041330
200 BIAS_H140                -3.401459    -0.000003956
201 H101_FEV                 -0.752793        0.001212
202 H102_FEV                  0.333997       -0.002259
203 H103_FEV                  0.029391       -0.002148
204 H104_FEV                 -0.553501       -0.000910
205 H105_FEV                 -0.657455        0.002018
206 H106_FEV                 -0.425272        0.002015
207 H107_FEV                 -0.200519        0.002548
208 H108_FEV                 -0.052151        0.001580
209 H109_FEV                  0.328059       -0.003918
210 H110_FEV                  0.302231        0.002175
211 H111_FEV                  0.189749       -0.000713
212 H112_FEV                  0.194417       -0.000364
213 H113_FEV                  0.114855        0.001241
214 H114_FEV                  0.260521        0.002755
215 H115_FEV                  0.515965        0.002217
216 H116_FEV                 -0.085936        0.002332
217 H117_FEV                 -0.098875       -0.001426
218 H118_FEV                  0.057895       -0.002150
219 H119_FEV                 -0.204131       -0.000159
220 H120_FEV                 -0.376950       -0.000478
221 H121_FEV                 -0.224969        0.002421
222 H122_FEV                 -0.073255       -0.001776
223 H123_FEV                 -0.142644       -0.001846
224 H124_FEV                  0.198604       -0.001020
225 H125_FEV                 -0.664420        0.002176
226 H126_FEV                 -0.398977       -0.001403
227 H127_FEV                  0.355394        0.003662
228 H128_FEV                 -0.155031       -0.001649
229 H129_FEV                  1.288479        0.001336
230 H130_FEV                 -0.070359       -0.000133
231 H131_FEV                  0.353611       -0.001728
232 H132_FEV                 -0.330917        0.002043
233 H133_FEV                  0.488278        0.001233
234 H134_FEV                  0.237981       -0.001942
235 H135_FEV                 -0.234443        0.002600
236 H136_FEV                 -0.073106       -0.002016
237 H137_FEV                  0.387532       -0.000186
238 H138_FEV                  0.093403        0.002483
239 H139_FEV                  0.037070       -0.001696
240 H140_FEV                 -0.144971       -0.002417
241 BIAS_FEV                  2.654513        0.002220
 
Valor de la función objetivo = 0.1286526123
 


*------------------------------------------------------------*
* Salida de puntuación
*------------------------------------------------------------*


*------------------------------------------------------------*
* Salida del informe
*------------------------------------------------------------*
 
 
 
 
Estadísticos de ajuste
 
Objetivo=FEV Etiqueta objetivo=' '
 
Estadísticos
 de ajuste      Etiqueta de estadísticos                    Entrenamiento     Prueba
 
  _DFT_         grados de libertad totales                      458.000         .
  _DFE_         grados de libertad para el error                217.000         .
  _DFM_         grados de libertad del modelo                   241.000         .
  _NW_          número de pesos estimados                       241.000         .
  _AIC_         criterio de información de Akaike              -457.193         .
  _SBC_         criterio bayesiano de Schwarz                   537.383         .
  _ASE_         error cuadrado de promedio                        0.129        0.167
  _MAX_         error absoluto máximo                             1.397        1.419
  _DIV_         divisor para ASE                                458.000      196.000
  _NOBS_        suma de frecuencias                             458.000      196.000
  _RASE_        error cuadrado de promedio de la raíz             0.359        0.408
  _SSE_         suma de errores cuadrados                        58.923       32.691
  _SUMW_        suma de frec temporales de pesos de caso        458.000      196.000
  _FPE_         error de predicción final                         0.414         .
  _MSE_         error cuadrático de la media                      0.272        0.167
  _RFPE_        error de predicción final de la raíz              0.644         .
  _RMSE_        error cuadrático de la media de la raíz           0.521        0.408
  _AVERR_       función de error de promedio                      0.129        0.167
  _ERR_         función de error                                 58.923       32.691
  _MISC_        tasa de error de clasificación                     .            .
  _WRONG_       número de clasificaciones erróneas                 .            .
 
 
 
 
Clasificaciones de puntuación de evaluación
 
Rol de los datos=TRAIN Variable objetivo=FEV Etiqueta objetivo=' '
 
                                Media de la
                 Número de        variable       Media
Profundidad    observaciones      objetivo     predicha
 
      5              23           4.50243       4.51012
     10              24           3.81854       3.87323
     15              24           3.57783       3.47729
     20              21           3.22595       3.22817
     25              24           3.00704       3.09125
     30              22           3.02841       2.99499
     35              23           2.92974       2.94160
     40              24           2.86946       2.87073
     45              24           2.71750       2.77765
     50              22           2.75036       2.67203
     55              24           2.59462       2.51159
     60              20           2.41765       2.42200
     65              23           2.37996       2.30145
     70              24           2.05237       2.16281
     75              22           1.97736       2.05065
     80              25           1.92048       1.93224
     85              21           1.78538       1.78322
     90              23           1.65026       1.66493
     95              23           1.59057       1.53319
    100              22           1.30995       1.32172
 
 
 
 
Distribución de puntuación de evaluación
 
Rol de los datos=TRAIN Variable objetivo=FEV Etiqueta objetivo=' '
 
                  Media de la
  Rango para        variable       Media       Número de      Puntuación
   predicho         objetivo     predicha    observaciones    del modelo
 
4.924 -  5.128      5.63300       5.12798           1           5.02614
4.721 -  4.924      4.79625       4.80067           4           4.82246
4.517 -  4.721      4.56300       4.64719           8           4.61879
4.313 -  4.517      4.77200       4.37092           2           4.41512
4.110 -  4.313      4.13557       4.19673           7           4.21144
3.906 -  4.110      4.12646       3.99655          13           4.00777
3.702 -  3.906      3.41238       3.79528           8           3.80409
3.499 -  3.702      3.55377       3.60977          13           3.60042
3.295 -  3.499      3.55021       3.39331          19           3.39675
3.091 -  3.295      3.08293       3.17979          28           3.19307
2.888 -  3.091      2.97984       2.97344          69           2.98940
2.684 -  2.888      2.80215       2.78335          48           2.78572
2.480 -  2.684      2.59897       2.56273          29           2.58205
2.277 -  2.480      2.42988       2.39027          42           2.37838
2.073 -  2.277      2.09400       2.16681          38           2.17470
1.869 -  2.073      1.95338       1.97863          37           1.97103
1.666 -  1.869      1.76092       1.75550          37           1.76735
1.462 -  1.666      1.60000       1.57212          31           1.56368
1.258 -  1.462      1.37971       1.39184          17           1.36001
1.054 -  1.258      1.17800       1.18928           7           1.15633
