*------------------------------------------------------------*
Usuario:                win
Fecha:                24/02/16
Hora:                20H41
*------------------------------------------------------------*
* Salida de entrenamiento
*------------------------------------------------------------*
 
 
 
 
Resumen de variables
 
          Nivel de     Número de
 Rol       medida     ocurrencias
 
INPUT     INTERVAL         2
INPUT     NOMINAL          2
TARGET    INTERVAL         1
 
 
 
 
Variables predichas y de decisión
 
Tipo         Variable       Etiqueta
 
TARGET        FEV
PREDICTED     P_FEV      Predicted: FEV
RESIDUAL      R_FEV      Residual: FEV
 
 
 
 
 
Procedimiento NEURAL
 
Preliminary       Starting         Objective         Number
 Training          Random           Function           of        Terminating
    Run             Seed             Value         Iterations     Criteria
 
        1               12345    0.144550518491           10
        2           810195351    0.144554611002           10
        3           968533477    0.146260184314           10
        4           369857384    0.143568501251           10
        5          1227801794    0.147017211888           10
 
 
 
 
 
Procedimiento NEURAL
 
                Inicio de optimización
                  Parameter Estimates
                                              Gradient
                                             Objective
  N Parameter                Estimador        Function
 
  1 Age_H101                 -0.643479       -0.000206
  2 Height_H101              -0.163690       -0.001362
  3 Age_H102                  0.523165     0.000081243
  4 Height_H102              -0.161276    -0.000002171
  5 Age_H103                 -0.491485       -0.000238
  6 Height_H103              -0.628788       -0.000438
  7 Age_H104                  0.426130        0.000942
  8 Height_H104               0.448753        0.003532
  9 Age_H105                 -0.885717       -0.001147
 10 Height_H105              -0.019551       -0.001480
 11 Age_H106                  0.390422     0.000028711
 12 Height_H106               0.122781     0.000010931
 13 Age_H107                  0.192257        0.000772
 14 Height_H107               0.243693        0.000954
 15 Age_H108                 -0.724950       -0.000919
 16 Height_H108               0.680578       -0.001906
 17 Age_H109                  0.307385       -0.000348
 18 Height_H109              -1.038204       -0.000528
 19 Age_H110                  0.752492        0.000710
 20 Height_H110               0.263918        0.002850
 21 Age_H111                 -0.239794        0.001995
 22 Height_H111              -0.555080        0.002675
 23 Age_H112                 -0.174972     0.000034175
 24 Height_H112              -0.368286        0.000250
 25 Age_H113                 -0.384464    -0.000030675
 26 Height_H113               0.108204       -0.000107
 27 Age_H114                 -0.483961       -0.000322
 28 Height_H114              -0.226223       -0.000231
 29 Age_H115                  0.193902       -0.000383
 30 Height_H115               0.293128       -0.000796
 31 Age_H116                 -0.447607        0.001226
 32 Height_H116               0.526019       -0.000630
 33 Age_H117                  0.002327       -0.002519
 34 Height_H117              -1.076759       -0.003201
 35 Age_H118                  0.635896        0.001250
 36 Height_H118              -0.120961        0.001118
 37 Age_H119                 -0.432831        0.000921
 38 Height_H119               0.174783        0.000588
 39 Age_H120                 -0.032784        0.001170
 40 Height_H120               0.776783        0.001545
 41 Age_H121                 -0.385906       -0.000204
 42 Height_H121              -0.040828       -0.000233
 43 Age_H122                  0.109742     0.000017444
 44 Height_H122              -0.444131        0.000950
 45 Age_H123                  0.496014        0.000247
 46 Height_H123               0.286791        0.000291
 47 Age_H124                 -0.590066        0.000719
 48 Height_H124              -0.133430        0.000534
 49 Age_H125                  0.488091        0.001599
 50 Height_H125              -0.230669        0.002072
 51 Age_H126                  0.680257        0.000244
 52 Height_H126              -0.718188     0.000065096
 53 Age_H127                 -0.025609        0.005069
 54 Height_H127              -0.273056        0.005876
 55 Age_H128                  0.676573       -0.000625
 56 Height_H128              -0.041023       -0.000585
 57 Age_H129                 -0.170645       -0.000145
 58 Height_H129              -0.328648       -0.000451
 59 Age_H130                 -0.107707       -0.000256
 60 Height_H130               0.635769        0.000289
 61 SexFemale_H101           -0.003420       -0.000432
 62 SmokerCurrent_H101        1.400932     0.000028417
 63 SexFemale_H102           -0.079174     0.000064931
 64 SmokerCurrent_H102       -0.117353     0.000009627
 65 SexFemale_H103           -0.046474     0.000091229
 66 SmokerCurrent_H103       -0.001719        0.000350
 67 SexFemale_H104            0.178902       -0.001976
 68 SmokerCurrent_H104        0.809961        0.000372
 69 SexFemale_H105           -0.109939       -0.001448
 70 SmokerCurrent_H105        0.695123       -0.000701
 71 SexFemale_H106           -0.240400       -0.000102
 72 SmokerCurrent_H106        0.279828    -0.000027888
 73 SexFemale_H107            0.131382        0.000366
 74 SmokerCurrent_H107       -0.367653        0.000366
 75 SexFemale_H108            0.438639       -0.000469
 76 SmokerCurrent_H108        0.304908        0.000210
 77 SexFemale_H109            0.128292    -0.000064977
 78 SmokerCurrent_H109       -0.567683        0.000136
 79 SexFemale_H110           -1.033605       -0.000874
 80 SmokerCurrent_H110        0.301149       -0.001693
 81 SexFemale_H111           -0.478809        0.001760
 82 SmokerCurrent_H111        0.073541        0.000982
 83 SexFemale_H112            0.103047        0.000155
 84 SmokerCurrent_H112        0.666901    -0.000006771
 85 SexFemale_H113           -0.485821    -0.000026723
 86 SmokerCurrent_H113        1.107594    -0.000048243
 87 SexFemale_H114           -0.121282       -0.000261
 88 SmokerCurrent_H114        0.054611     0.000021396
 89 SexFemale_H115           -0.640660       -0.000359
 90 SmokerCurrent_H115       -0.477319       -0.000219
 91 SexFemale_H116           -0.130635       -0.001615
 92 SmokerCurrent_H116       -0.217244        0.000776
 93 SexFemale_H117           -0.821958        0.000587
 94 SmokerCurrent_H117       -0.067668       -0.001120
 95 SexFemale_H118            0.324390       -0.000582
 96 SmokerCurrent_H118       -0.343444        0.000639
 97 SexFemale_H119           -0.034527        0.001004
 98 SmokerCurrent_H119       -0.190068        0.000533
 99 SexFemale_H120            0.588042        0.000973
100 SmokerCurrent_H120       -0.776828        0.000943
101 SexFemale_H121            0.150127     0.000075599
102 SmokerCurrent_H121       -0.370533        0.000155
103 SexFemale_H122            0.478623        0.001340
104 SmokerCurrent_H122        0.595782    -0.000089801
105 SexFemale_H123           -0.007172        0.000345
106 SmokerCurrent_H123        0.061287     0.000094841
107 SexFemale_H124            0.424369        0.000894
108 SmokerCurrent_H124       -0.439044        0.000251
109 SexFemale_H125           -0.748102       -0.002025
110 SmokerCurrent_H125        0.699544     0.000070707
111 SexFemale_H126            0.681152       -0.000252
112 SmokerCurrent_H126       -0.102816        0.000115
113 SexFemale_H127            0.682009    -0.000046876
114 SmokerCurrent_H127        0.697013        0.002688
115 SexFemale_H128           -0.061274       -0.000803
116 SmokerCurrent_H128       -0.109926       -0.000308
117 SexFemale_H129           -0.025923        0.000302
118 SmokerCurrent_H129       -0.392257       -0.000269
119 SexFemale_H130           -0.105547        0.000694
120 SmokerCurrent_H130       -0.097979       -0.000668
121 BIAS_H101                 0.184796        0.000639
122 BIAS_H102                -0.751508     0.000045413
123 BIAS_H103                -0.879480       -0.000370
124 BIAS_H104                 0.335481       -0.000233
125 BIAS_H105                -1.085693        0.000272
126 BIAS_H106                 0.241188    -0.000020227
127 BIAS_H107                -0.625285       -0.000271
128 BIAS_H108                 0.871750        0.000546
129 BIAS_H109                 1.082864       -0.000375
130 BIAS_H110                -1.878265        0.003100
131 BIAS_H111                -1.953165       -0.001114
132 BIAS_H112                -0.098681    -0.000054980
133 BIAS_H113                -0.900116     0.000000717
134 BIAS_H114                 1.057642       -0.000132
135 BIAS_H115                -0.185105        0.000517
136 BIAS_H116                 0.832330        0.000508
137 BIAS_H117                -0.181285       -0.000216
138 BIAS_H118                -0.606742       -0.000552
139 BIAS_H119                -1.354457       -0.000343
140 BIAS_H120                -0.719478       -0.001180
141 BIAS_H121                 0.190323    -0.000040675
142 BIAS_H122                -0.198375       -0.000409
143 BIAS_H123                 1.443383    -0.000087128
144 BIAS_H124                -1.777549       -0.000209
145 BIAS_H125                 1.337052       -0.000452
146 BIAS_H126                -0.636440     0.000008950
147 BIAS_H127                 1.090236       -0.001159
148 BIAS_H128                 1.720498        0.000224
149 BIAS_H129                -0.303891        0.000287
150 BIAS_H130                -1.332748        0.000142
151 H101_FEV                  0.097515        0.002845
152 H102_FEV                  0.012771       -0.000276
153 H103_FEV                  0.071152        0.008329
154 H104_FEV                  0.238442        0.002289
155 H105_FEV                  0.086882        0.004181
156 H106_FEV                  0.013596        0.000722
157 H107_FEV                  0.129908       -0.000145
158 H108_FEV                  0.117637       -0.004343
159 H109_FEV                 -0.030673        0.001099
160 H110_FEV                  0.445176       -0.010049
161 H111_FEV                 -0.123840        0.009255
162 H112_FEV                 -0.016160        0.002902
163 H113_FEV                  0.008020       -0.003811
164 H114_FEV                 -0.028602       -0.001919
165 H115_FEV                  0.049829        0.000865
166 H116_FEV                  0.198642       -0.001849
167 H117_FEV                 -0.359870       -0.000589
168 H118_FEV                  0.131652        0.000714
169 H119_FEV                 -0.135253        0.000364
170 H120_FEV                  0.168782        0.003009
171 H121_FEV                 -0.038715        0.000574
172 H122_FEV                 -0.105486       -0.001905
173 H123_FEV                 -0.021341       -0.004399
174 H124_FEV                 -0.066146       -0.002190
175 H125_FEV                  0.219067        0.006436
176 H126_FEV                  0.024927       -0.002619
177 H127_FEV                 -0.310524        0.000920
178 H128_FEV                  0.089648       -0.000117
179 H129_FEV                 -0.065600        0.000527
180 H130_FEV                  0.081181       -0.000872
181 BIAS_FEV                  2.755052        0.001516
 
Valor de la función objetivo = 0.1435685013
 
 
 
 
 
 
Procedimiento NEURAL
 
Optimización Dual Quasi-Newton
 
 
Iteraciones mímimas                                      0
Iteraciones máximas                                     50
Invocaciones máximas de la función              2147483647
Tiempo CPU máximo                                    14400
Criterio gradiente ABSGCONV                        0.00001
Criterio gradiente GCONV                              1E-8
Criterio de la función ABSFCONV                          0
Criterio de la función FCONV                        0.0001
Criterio de la función FCONV2                            0
Parámetro FSIZE                                          0
Criterio de cambio de parámetro ABSXCONV                 0
Criterio de cambio de parámetro XCONV                    0
Parámetro XSIZE                                          0
Criterio de función ABSCONV                   0.0007625426
Método de búsqueda lineal                                2
Alpha inicial para búsqueda de línea                     1
Precisión de búsqueda de línea LSPRECISION             0.4
Parámetro DAMPSTEP para búsqueda de línea                .
Tolerancia de singularidad (SINGULAR)                 1E-8
 
Optimización Dual Quasi-Newton
 
Actualización Dual Broyden - Fletcher - Goldfarb - Shanno (DBFGS)
 
Estimaciones de parámetro             181
 
                                           Inicio de optimización
 
Restricciones activas                               0  Función objetivo                         0.1435685013
Elemento gradiente absoluto máx          0.0100494019
 
 
                                                                 Objective     Max Abs                Slope of
                     Function         Active        Objective     Function    Gradient       Step       Search
Iter     Restarts       Calls    Constraints         Function       Change     Element       Size    Direction
 
   1            0           5              0          0.14295     0.000616      0.0267     0.0196      -0.0628
   2            0           8              0          0.14263     0.000324      0.0271     0.0495      -0.0130
   3            0          10              0          0.14196     0.000672      0.0128      0.100      -0.0099
   4            0          13              0          0.14177     0.000189     0.00999      0.223      -0.0017
   5            0          15              0          0.14146     0.000308     0.00520      0.461      -0.0010
   6            0          17              0          0.14104     0.000425      0.0139      0.945      -0.0008
   7            0          21              0          0.13997      0.00106      0.0247      2.271      -0.0009
   8            0          25              0          0.13737      0.00260      0.0175      3.250      -0.0016
   9            0          28              0          0.13666     0.000709     0.00624      1.099      -0.0011
  10            0          31              0          0.13640     0.000258     0.00734      0.665      -0.0006
  11            0          33              0          0.13598     0.000419     0.00886      1.422      -0.0005
  12            0          35              0          0.13533     0.000658     0.00923      1.542      -0.0007
  13            0          37              0          0.13506     0.000262      0.0233      2.652      -0.0006
  14            0          41              0          0.13434     0.000728      0.0141      1.160      -0.0013
  15            0          44              0          0.13404     0.000300      0.0101      0.941      -0.0007
  16            0          46              0          0.13363     0.000412     0.00826      1.253      -0.0006
  17            0          48              0          0.13343     0.000191      0.0134      2.141      -0.0005
  18            0          52              0          0.13295     0.000487     0.00659      1.175      -0.0008
  19            0          55              0          0.13273     0.000212     0.00902      0.903      -0.0005
  20            0          57              0          0.13243     0.000305     0.00503      1.170      -0.0005
  21            0          59              0          0.13228     0.000149     0.00926      2.751      -0.0003
  22            0          63              0          0.13182     0.000459     0.00327      1.534      -0.0006
  23            0          65              0          0.13151     0.000313      0.0143      3.389      -0.0003
  24            0          67              0          0.13121     0.000297     0.00580      1.246      -0.0006
  25            0          69              0          0.13088     0.000327      0.0125      3.411      -0.0002
  26            0          71              0          0.13070     0.000180      0.0240      1.993      -0.0004
  27            0          73              0          0.13043     0.000272     0.00655      0.714      -0.0006
  28            0          76              0          0.13031     0.000119     0.00690      1.161      -0.0002
  29            0          78              0          0.13015     0.000166     0.00691      2.269      -0.0001
  30            0          80              0          0.13005     0.000093     0.00658      1.655      -0.0003
  31            0          82              0          0.12992     0.000133     0.00190      0.836      -0.0003
  32            0          85              0          0.12986     0.000064     0.00387      1.948      -0.0001
  33            0          87              0          0.12978     0.000072     0.00580      2.206      -0.0001
  34            0          89              0          0.12966     0.000127     0.00336      1.719      -0.0001
  35            0          91              0          0.12949     0.000170     0.00823      1.209      -0.0003
  36            0          93              0          0.12934     0.000152     0.00846      1.701      -0.0002
  37            0          95              0          0.12927     0.000067     0.00686      1.315      -0.0003
  38            0          97              0          0.12915     0.000117     0.00400      0.725      -0.0002
  39            0          99              0          0.12904     0.000106     0.00669      1.661      -0.0002
  40            0         101              0          0.12891     0.000133     0.00475      1.582      -0.0002
  41            0         103              0          0.12878     0.000133     0.00885      1.433      -0.0002
  42            0         105              0          0.12864     0.000134     0.00760      1.589      -0.0002
  43            0         107              0          0.12858     0.000065      0.0121      1.796      -0.0002
  44            0         111              0          0.12842     0.000164     0.00435      1.292      -0.0003
  45            0         114              0          0.12833     0.000083     0.00526      1.169      -0.0001
  46            0         116              0          0.12828     0.000057     0.00590      1.093      -0.0002
  47            0         118              0          0.12820     0.000080     0.00245      0.753      -0.0002
  48            0         121              0          0.12814     0.000052     0.00412      1.817      -569E-7
  49            0         123              0          0.12807     0.000073     0.00269      1.544      -0.0001
  50            0         125              0          0.12799     0.000082     0.00360      1.549      -0.0001
 
                                         Resultados de optimización
 
Iteraciones                                        50  Invocaciones de función                           127
Invocaciones del gradiente                         58  Restricciones activas                               0
Función objetivo                         0.1279889992  Elemento gradiente absoluto máx          0.0036022359
Coeficiente angular de la dirección de    -0.00011782
búsqueda
 
QUANEW necesita más de 50 iteraciones o 2147483647 invocaciones de función.
 
WARNING: QUANEW No se puede completar la optimización.
 
 
 
 
 
 
Procedimiento NEURAL
 
              Resultados de optimización
                  Parameter Estimates
                                              Gradient
                                             Objective
  N Parameter                Estimador        Function
 
  1 Age_H101                 -0.875534        0.000640
  2 Height_H101              -0.311538        0.001140
  3 Age_H102                  0.527612    -0.000016171
  4 Height_H102              -0.173047    -0.000015741
  5 Age_H103                 -0.749628     0.000062101
  6 Height_H103              -0.688373       -0.000236
  7 Age_H104                  0.659707     0.000035924
  8 Height_H104               0.205086        0.000173
  9 Age_H105                 -0.712718    -0.000075079
 10 Height_H105               0.091440       -0.000137
 11 Age_H106                  0.129194    -0.000021755
 12 Height_H106               0.134604       -0.000183
 13 Age_H107                  0.255774        0.000225
 14 Height_H107               0.154290        0.000843
 15 Age_H108                 -0.707896        0.001326
 16 Height_H108               0.956707        0.000879
 17 Age_H109                  0.122485       -0.000685
 18 Height_H109              -1.332734        0.000445
 19 Age_H110                  1.272964        0.000538
 20 Height_H110               0.226053       -0.000532
 21 Age_H111                 -0.140550       -0.000487
 22 Height_H111              -0.631569       -0.000321
 23 Age_H112                 -0.119209       -0.000384
 24 Height_H112              -0.469312       -0.000512
 25 Age_H113                 -0.361338        0.000153
 26 Height_H113               0.404779     0.000037773
 27 Age_H114                 -0.713247     0.000010610
 28 Height_H114              -0.287109     0.000066785
 29 Age_H115                  0.088317     0.000052840
 30 Height_H115               0.279412       -0.000114
 31 Age_H116                 -0.205546        0.001015
 32 Height_H116               0.731014        0.000847
 33 Age_H117                  0.560957       -0.000272
 34 Height_H117              -1.544762       -0.000788
 35 Age_H118                  0.387014       -0.000204
 36 Height_H118              -0.283800       -0.000297
 37 Age_H119                 -0.747848     0.000014548
 38 Height_H119               0.189629       -0.001042
 39 Age_H120                  0.160830    -0.000032760
 40 Height_H120               0.787052        0.000226
 41 Age_H121                 -0.255410    -0.000003023
 42 Height_H121              -0.048999    -0.000007007
 43 Age_H122                  0.068411    -0.000052856
 44 Height_H122              -0.600630    -0.000058173
 45 Age_H123                  0.489929    -0.000036536
 46 Height_H123               0.271523    -0.000068310
 47 Age_H124                 -0.785408       -0.000146
 48 Height_H124              -0.017006       -0.000824
 49 Age_H125                  0.180654        0.000377
 50 Height_H125              -0.275795        0.001942
 51 Age_H126                  0.248776       -0.000911
 52 Height_H126              -0.796616        0.000216
 53 Age_H127                 -0.040498       -0.001253
 54 Height_H127              -0.124242       -0.000776
 55 Age_H128                  0.739001     0.000028227
 56 Height_H128              -0.030144     0.000078686
 57 Age_H129                 -0.013322        0.000284
 58 Height_H129              -0.364097        0.001015
 59 Age_H130                 -0.058323     0.000093381
 60 Height_H130               0.636387        0.000172
 61 SexFemale_H101           -0.056145       -0.000252
 62 SmokerCurrent_H101        1.651987        0.000143
 63 SexFemale_H102           -0.059675    -0.000011668
 64 SmokerCurrent_H102       -0.141704     0.000023105
 65 SexFemale_H103           -0.022111       -0.000555
 66 SmokerCurrent_H103       -0.412035        0.000531
 67 SexFemale_H104            0.431347        0.000293
 68 SmokerCurrent_H104        0.727058       -0.000349
 69 SexFemale_H105           -0.047400    -0.000009523
 70 SmokerCurrent_H105        0.766670    -0.000028448
 71 SexFemale_H106           -0.233544       -0.000162
 72 SmokerCurrent_H106        0.336887        0.000229
 73 SexFemale_H107            0.103883        0.000491
 74 SmokerCurrent_H107       -0.441282       -0.001000
 75 SexFemale_H108            0.265983       -0.000427
 76 SmokerCurrent_H108        0.059813     0.000064566
 77 SexFemale_H109            0.120030       -0.000263
 78 SmokerCurrent_H109       -0.734002       -0.000448
 79 SexFemale_H110           -0.551369     0.000090810
 80 SmokerCurrent_H110        0.041636       -0.001083
 81 SexFemale_H111           -0.487545        0.000162
 82 SmokerCurrent_H111        0.164767       -0.000179
 83 SexFemale_H112            0.077693       -0.000142
 84 SmokerCurrent_H112        0.746530        0.000217
 85 SexFemale_H113           -0.482182     0.000010471
 86 SmokerCurrent_H113        1.118584     0.000041953
 87 SexFemale_H114           -0.063807     0.000012668
 88 SmokerCurrent_H114        0.108605       -0.000493
 89 SexFemale_H115           -0.638445       -0.000196
 90 SmokerCurrent_H115       -0.504469        0.000270
 91 SexFemale_H116            0.400392       -0.000302
 92 SmokerCurrent_H116       -0.333934        0.000357
 93 SexFemale_H117           -0.628426       -0.000625
 94 SmokerCurrent_H117       -0.574666        0.001915
 95 SexFemale_H118            0.390082       -0.000153
 96 SmokerCurrent_H118       -0.392784        0.000281
 97 SexFemale_H119           -0.009632       -0.000226
 98 SmokerCurrent_H119       -0.340035        0.000459
 99 SexFemale_H120            0.495930        0.000496
100 SmokerCurrent_H120       -0.676185       -0.001030
101 SexFemale_H121            0.117376    -0.000004639
102 SmokerCurrent_H121       -0.409581     0.000012420
103 SexFemale_H122            0.312055       -0.000110
104 SmokerCurrent_H122        0.681383        0.000162
105 SexFemale_H123           -0.016351    -0.000002836
106 SmokerCurrent_H123        0.065759    -0.000008564
107 SexFemale_H124            0.473063       -0.000526
108 SmokerCurrent_H124       -0.552530        0.000509
109 SexFemale_H125           -0.761434        0.001427
110 SmokerCurrent_H125        0.728122       -0.001748
111 SexFemale_H126            0.949520        0.001536
112 SmokerCurrent_H126       -0.383230       -0.001436
113 SexFemale_H127            0.984381        0.000374
114 SmokerCurrent_H127        0.470732        0.000396
115 SexFemale_H128           -0.044033     0.000005743
116 SmokerCurrent_H128       -0.061892    -0.000005669
117 SexFemale_H129           -0.071309        0.000710
118 SmokerCurrent_H129       -0.442271       -0.000923
119 SexFemale_H130           -0.320524       -0.000321
120 SmokerCurrent_H130        0.171936       -0.000449
121 BIAS_H101                 0.077837       -0.000316
122 BIAS_H102                -0.759046    -0.000026004
123 BIAS_H103                -0.489467       -0.000552
124 BIAS_H104                 0.364738        0.000355
125 BIAS_H105                -1.092001    -0.000076976
126 BIAS_H106                 0.170319       -0.000243
127 BIAS_H107                -0.609481        0.000986
128 BIAS_H108                 0.976204       -0.000106
129 BIAS_H109                 0.934112        0.000589
130 BIAS_H110                -2.527540        0.000144
131 BIAS_H111                -2.020505        0.000260
132 BIAS_H112                -0.113089       -0.000261
133 BIAS_H113                -0.876273        0.000294
134 BIAS_H114                 1.129366        0.000222
135 BIAS_H115                -0.246186       -0.000282
136 BIAS_H116                 1.077284       -0.000207
137 BIAS_H117                 0.416148       -0.002211
138 BIAS_H118                -0.676569       -0.000293
139 BIAS_H119                -1.222294       -0.000456
140 BIAS_H120                -0.847293        0.001036
141 BIAS_H121                 0.240494    -0.000013717
142 BIAS_H122                -0.130103       -0.000192
143 BIAS_H123                 1.439047     0.000005930
144 BIAS_H124                -1.646920       -0.000537
145 BIAS_H125                 1.513202        0.001564
146 BIAS_H126                -0.582535        0.001600
147 BIAS_H127                 1.292851       -0.000851
148 BIAS_H128                 1.678318     0.000008990
149 BIAS_H129                -0.258203        0.001034
150 BIAS_H130                -1.387262        0.000370
151 H101_FEV                  0.523254       -0.003602
152 H102_FEV                 -0.013738       -0.001392
153 H103_FEV                 -0.156759       -0.002028
154 H104_FEV                  0.095056        0.001176
155 H105_FEV                 -0.204383       -0.002679
156 H106_FEV                 -0.090906       -0.000268
157 H107_FEV                  0.316457        0.000281
158 H108_FEV                  0.408313        0.002201
159 H109_FEV                  0.505171        0.001110
160 H110_FEV                  0.974886       -0.001999
161 H111_FEV                 -0.512013       -0.002712
162 H112_FEV                 -0.341229       -0.002694
163 H113_FEV                  0.429641       -0.002483
164 H114_FEV                  0.287703        0.001503
165 H115_FEV                 -0.107055        0.000373
166 H116_FEV                  0.397010        0.002773
167 H117_FEV                 -0.615461       -0.001154
168 H118_FEV                 -0.121297       -0.000652
169 H119_FEV                 -0.324293       -0.001882
170 H120_FEV                  0.337823        0.002025
171 H121_FEV                 -0.006831        0.001356
172 H122_FEV                 -0.113991       -0.002477
173 H123_FEV                 -0.028330        0.003271
174 H124_FEV                 -0.322608       -0.002284
175 H125_FEV                  0.736897    -0.000057041
176 H126_FEV                  0.701866        0.000105
177 H127_FEV                 -0.859287        0.001837
178 H128_FEV                  0.051492        0.002884
179 H129_FEV                  0.313850       -0.000929
180 H130_FEV                  0.339299       -0.002369
181 BIAS_FEV                  2.375069        0.002826
 
Valor de la función objetivo = 0.1279889992
 


*------------------------------------------------------------*
* Salida de puntuación
*------------------------------------------------------------*


*------------------------------------------------------------*
* Salida del informe
*------------------------------------------------------------*
 
 
 
 
Estadísticos de ajuste
 
Objetivo=FEV Etiqueta objetivo=' '
 
Estadísticos
 de ajuste      Etiqueta de estadísticos                    Entrenamiento     Prueba
 
  _DFT_         grados de libertad totales                      458.000         .
  _DFE_         grados de libertad para el error                277.000         .
  _DFM_         grados de libertad del modelo                   181.000         .
  _NW_          número de pesos estimados                       181.000         .
  _AIC_         criterio de información de Akaike              -579.561         .
  _SBC_         criterio bayesiano de Schwarz                   167.402         .
  _ASE_         error cuadrado de promedio                        0.128        0.180
  _MAX_         error absoluto máximo                             1.364        1.671
  _DIV_         divisor para ASE                                458.000      196.000
  _NOBS_        suma de frecuencias                             458.000      196.000
  _RASE_        error cuadrado de promedio de la raíz             0.358        0.424
  _SSE_         suma de errores cuadrados                        58.619       35.265
  _SUMW_        suma de frec temporales de pesos de caso        458.000      196.000
  _FPE_         error de predicción final                         0.295         .
  _MSE_         error cuadrático de la media                      0.212        0.180
  _RFPE_        error de predicción final de la raíz              0.543         .
  _RMSE_        error cuadrático de la media de la raíz           0.460        0.424
  _AVERR_       función de error de promedio                      0.128        0.180
  _ERR_         función de error                                 58.619       35.265
  _MISC_        tasa de error de clasificación                     .            .
  _WRONG_       número de clasificaciones erróneas                 .            .
 
 
 
 
Clasificaciones de puntuación de evaluación
 
Rol de los datos=TRAIN Variable objetivo=FEV Etiqueta objetivo=' '
 
                                Media de la
                 Número de        variable       Media
Profundidad    observaciones      objetivo     predicha
 
      5              23           4.51657       4.53613
     10              24           3.80625       3.84415
     15              25           3.57344       3.46395
     20              21           3.15881       3.21224
     25              22           3.09550       3.09827
     30              23           3.04791       3.01641
     35              23           2.85157       2.94935
     40              23           2.85839       2.87566
     45              24           2.77337       2.77021
     50              23           2.72139       2.66847
     55              24           2.58267       2.54929
     60              20           2.42085       2.44111
     65              24           2.36571       2.29471
     70              22           2.02695       2.15354
     75              23           2.02509       2.03662
     80              23           1.92304       1.92389
     85              23           1.77335       1.78803
     90              23           1.67857       1.66561
     95              23           1.56030       1.53024
    100              22           1.32391       1.31916
 
 
 
 
Distribución de puntuación de evaluación
 
Rol de los datos=TRAIN Variable objetivo=FEV Etiqueta objetivo=' '
 
                  Media de la
  Rango para        variable       Media       Número de      Puntuación
   predicho         objetivo     predicha    observaciones    del modelo
 
5.004 -  5.217      5.63300       5.21687           1           5.11048
4.791 -  5.004      4.57250       4.81754           2           4.89770
4.579 -  4.791      4.62967       4.68773           9           4.68492
4.366 -  4.579      4.96333       4.46415           3           4.47214
4.153 -  4.366      4.06825       4.23715           8           4.25935
3.940 -  4.153      4.05725       4.06651           4           4.04657
3.727 -  3.940      3.87257       3.85811          14           3.83379
3.515 -  3.727      3.60053       3.61958          15           3.62101
3.302 -  3.515      3.50671       3.38928          17           3.40823
3.089 -  3.302      3.11348       3.17117          33           3.19545
2.876 -  3.089      2.96904       2.97991          67           2.98267
2.663 -  2.876      2.79222       2.77448          46           2.76989
2.451 -  2.663      2.57457       2.55809          44           2.55711
2.238 -  2.451      2.39543       2.35639          30           2.34433
2.025 -  2.238      2.05027       2.13375          41           2.13155
1.812 -  2.025      1.94102       1.92729          42           1.91877
1.600 -  1.812      1.68449       1.69456          39           1.70599
1.387 -  1.600      1.54752       1.49874          29           1.49321
1.174 -  1.387      1.27850       1.28932          12           1.28043
0.961 -  1.174      0.93400       1.03364           2           1.06764
