*------------------------------------------------------------*
Usuario:                win
Fecha:                24/02/16
Hora:                19H06
*------------------------------------------------------------*
* Salida de entrenamiento
*------------------------------------------------------------*
 
 
 
 
Resumen de variables
 
            Nivel de     Número de
Rol          medida     ocurrencias
 
INPUT       INTERVAL          2
REJECTED    INTERVAL         14
TARGET      INTERVAL          1
 
 
 
 
Variables predichas y de decisión
 
Tipo         Variable       Etiqueta
 
TARGET        hat
PREDICTED     P_hat      Predicted: hat
RESIDUAL      R_hat      Residual: hat
 
 
 
 
 
Procedimiento NEURAL
 
Preliminary       Starting         Objective         Number
 Training          Random           Function           of        Terminating
    Run             Seed             Value         Iterations     Criteria
 
        1               12345    0.130175292054           10
        2          1715549360    0.144295060844           10
        3          1744555812    0.139433981262           10
        4          1161293754    0.121262835497           10
        5           388145103    0.126072357919           10
 
 
 
 
 
Procedimiento NEURAL
 
            Inicio de optimización
              Parameter Estimates
                                      Gradient
                                     Objective
  N Parameter        Estimador        Function
 
  1 x1_H101          -0.702077       -0.002647
  2 x2_H101          -0.604404        0.004445
  3 x1_H102           0.534426        0.000466
  4 x2_H102           0.071830        0.001521
  5 x1_H103          -0.914145       -0.009038
  6 x2_H103          -0.851163        0.003932
  7 x1_H104          -0.302945        0.005075
  8 x2_H104          -0.373916        0.005635
  9 x1_H105           0.261778        0.001954
 10 x2_H105          -0.406270        0.002980
 11 x1_H106           0.767972        0.007820
 12 x2_H106          -0.463254        0.009826
 13 x1_H107          -1.103334        0.003144
 14 x2_H107           1.130138        0.017031
 15 x1_H108           0.124517        0.002984
 16 x2_H108          -1.297066        0.001025
 17 x1_H109          -1.130268        0.001037
 18 x2_H109           1.060144        0.000293
 19 x1_H110           0.587765       -0.000655
 20 x2_H110           1.090192        0.004137
 21 x1_H111           1.022642        0.002591
 22 x2_H111           0.071372        0.001908
 23 x1_H112          -0.404331       -0.000779
 24 x2_H112           0.093166       -0.001517
 25 x1_H113           0.364273       -0.004800
 26 x2_H113           0.100833       -0.005222
 27 x1_H114           0.887674       -0.000741
 28 x2_H114           0.137422       -0.000370
 29 x1_H115           0.757571       -0.001092
 30 x2_H115          -0.545330       -0.000457
 31 x1_H116          -0.212699     0.000091076
 32 x2_H116           0.489266       -0.000170
 33 x1_H117          -0.414404       -0.002615
 34 x2_H117          -0.811973        0.008730
 35 x1_H118           0.112338       -0.001940
 36 x2_H118          -0.169535       -0.002544
 37 x1_H119          -0.988974        0.006587
 38 x2_H119           0.137024        0.006743
 39 x1_H120          -0.083730       -0.000634
 40 x2_H120           0.387779       -0.001732
 41 x1_H121           0.978509       -0.001233
 42 x2_H121           0.864116        0.008161
 43 x1_H122          -0.591211        0.001534
 44 x2_H122           0.584386        0.001619
 45 x1_H123           0.516373        0.000805
 46 x2_H123          -0.042183        0.002086
 47 x1_H124           1.024019       -0.001591
 48 x2_H124           0.771156        0.005266
 49 x1_H125           0.006395        0.003054
 50 x2_H125          -0.871906        0.003448
 51 x1_H126          -0.201016       -0.003225
 52 x2_H126           0.803380       -0.003328
 53 x1_H127           0.754325       -0.001147
 54 x2_H127           0.807066        0.007189
 55 x1_H128          -0.598498        0.006747
 56 x2_H128          -0.396246        0.005934
 57 x1_H129          -0.583507       -0.000355
 58 x2_H129           0.559113       -0.000272
 59 x1_H130           0.362843        0.004933
 60 x2_H130          -0.725890        0.007007
 61 x1_H131          -0.812360       -0.014109
 62 x2_H131           0.817982       -0.012851
 63 x1_H132           0.024400        0.002796
 64 x2_H132          -0.689967        0.003378
 65 x1_H133           0.395494        0.001320
 66 x2_H133           0.656876       -0.006200
 67 x1_H134           0.493424        0.000283
 68 x2_H134          -0.105485        0.003133
 69 x1_H135           1.015758       -0.005957
 70 x2_H135          -1.024080       -0.015841
 71 x1_H136          -0.240293       -0.001009
 72 x2_H136           0.542927       -0.001460
 73 x1_H137           0.382394       -0.001679
 74 x2_H137          -0.031286        0.003286
 75 x1_H138          -0.493265       -0.004988
 76 x2_H138           0.511127       -0.009553
 77 x1_H139           0.369565        0.000837
 78 x2_H139           0.364757        0.002071
 79 x1_H140          -0.740745        0.000445
 80 x2_H140          -0.496796        0.002673
 81 BIAS_H101         0.333497        0.006137
 82 BIAS_H102         0.190015        0.000876
 83 BIAS_H103         0.576268        0.004509
 84 BIAS_H104        -1.375647       -0.002178
 85 BIAS_H105        -0.439238        0.000285
 86 BIAS_H106         0.320035        0.000745
 87 BIAS_H107         1.071880       -0.004726
 88 BIAS_H108        -1.824555        0.000138
 89 BIAS_H109         1.691192       -0.000995
 90 BIAS_H110         0.499518        0.002431
 91 BIAS_H111        -1.269701        0.004222
 92 BIAS_H112        -0.337534       -0.000458
 93 BIAS_H113         1.034450        0.000758
 94 BIAS_H114        -0.308455       -0.000683
 95 BIAS_H115        -1.029779       -0.000728
 96 BIAS_H116        -1.286209        0.002086
 97 BIAS_H117         0.566749        0.007268
 98 BIAS_H118         0.954471       -0.001509
 99 BIAS_H119        -1.759175       -0.000997
100 BIAS_H120        -0.065662       -0.000683
101 BIAS_H121         1.010677        0.001700
102 BIAS_H122         0.342412        0.000360
103 BIAS_H123         0.353132        0.000743
104 BIAS_H124         0.699513        0.003897
105 BIAS_H125        -1.433080       -0.001411
106 BIAS_H126         1.343265        0.001203
107 BIAS_H127         0.707109        0.005039
108 BIAS_H128        -2.108485       -0.003419
109 BIAS_H129         1.259527       -0.000253
110 BIAS_H130         0.192770        0.002093
111 BIAS_H131        -0.642424        0.003359
112 BIAS_H132        -1.116834       -0.001265
113 BIAS_H133        -0.446882       -0.005524
114 BIAS_H134        -0.767739        0.003121
115 BIAS_H135        -0.909760        0.001056
116 BIAS_H136         0.205551       -0.000177
117 BIAS_H137        -0.902937        0.002035
118 BIAS_H138        -0.397315       -0.002316
119 BIAS_H139         0.526167        0.000544
120 BIAS_H140         0.620055        0.002713
121 H101_hat          0.409426       -0.010881
122 H102_hat          0.063330        0.011359
123 H103_hat          0.776998       -0.008286
124 H104_hat          0.242893       -0.016588
125 H105_hat          0.105427       -0.012107
126 H106_hat          0.405900        0.001299
127 H107_hat          0.850346        0.014943
128 H108_hat          0.142668       -0.023902
129 H109_hat          0.270982        0.009393
130 H110_hat          0.393614        0.031324
131 H111_hat          0.181432       -0.010277
132 H112_hat         -0.047290       -0.006801
133 H113_hat         -0.219385        0.013676
134 H114_hat         -0.052600        0.008392
135 H115_hat         -0.107207       -0.010032
136 H116_hat          0.250624       -0.006450
137 H117_hat          0.345914       -0.012903
138 H118_hat         -0.245176        0.004899
139 H119_hat          0.304303       -0.019571
140 H120_hat         -0.050804        0.011091
141 H121_hat          0.667150        0.031423
142 H122_hat          0.066873        0.009268
143 H123_hat          0.070852        0.010123
144 H124_hat          0.379685        0.028074
145 H125_hat          0.179408       -0.021826
146 H126_hat         -0.216850        0.018085
147 H127_hat          0.615371        0.029457
148 H128_hat          0.322715       -0.015949
149 H129_hat         -0.079526        0.012545
150 H130_hat          0.212360       -0.016460
151 H131_hat         -0.625285        0.006733
152 H132_hat          0.162135       -0.020421
153 H133_hat         -0.266584        0.011765
154 H134_hat          0.296069       -0.006622
155 H135_hat         -0.765426       -0.013843
156 H136_hat         -0.046092        0.015997
157 H137_hat          0.308393       -0.006642
158 H138_hat         -0.299400        0.005107
159 H139_hat          0.087173        0.020587
160 H140_hat          0.192364       -0.005458
161 BIAS_hat         -0.631418        0.008342
 
Valor de la función objetivo = 0.1212628355
 
 
 
 
 
 
Procedimiento NEURAL
 
Optimización Dual Quasi-Newton
 
 
Iteraciones mímimas                                      0
Iteraciones máximas                                     50
Invocaciones máximas de la función              2147483647
Tiempo CPU máximo                                    14400
Criterio gradiente ABSGCONV                        0.00001
Criterio gradiente GCONV                              1E-8
Criterio de la función ABSFCONV                          0
Criterio de la función FCONV                        0.0001
Criterio de la función FCONV2                            0
Parámetro FSIZE                                          0
Criterio de cambio de parámetro ABSXCONV                 0
Criterio de cambio de parámetro XCONV                    0
Parámetro XSIZE                                          0
Criterio de función ABSCONV                   0.0004621484
Método de búsqueda lineal                                2
Alpha inicial para búsqueda de línea                     1
Precisión de búsqueda de línea LSPRECISION             0.4
Parámetro DAMPSTEP para búsqueda de línea                .
Tolerancia de singularidad (SINGULAR)                 1E-8
 
Optimización Dual Quasi-Newton
 
Actualización Dual Broyden - Fletcher - Goldfarb - Shanno (DBFGS)
 
Estimaciones de parámetro             161
 
                                           Inicio de optimización
 
Restricciones activas                               0  Función objetivo                         0.1212628355
Elemento gradiente absoluto máx          0.0314230932
 
 
                                                                 Objective     Max Abs                Slope of
                     Function         Active        Objective     Function    Gradient       Step       Search
Iter     Restarts       Calls    Constraints         Function       Change     Element       Size    Direction
 
   1            0           6              0          0.12097     0.000293      0.0368    0.00100       -1.232
   2            0           8              0          0.12062     0.000348      0.0170      1.000      -0.0007
   3            0          12              0          0.12012     0.000501      0.0226      4.670      -0.0002
   4            0          16              0          0.11849      0.00163      0.0158      4.371      -0.0007
   5            0          22              0          0.11599      0.00250      0.0311     22.046      -0.0002
   6            0          25              0          0.11539     0.000599      0.0109      1.326      -0.0009
   7            0          29              0          0.11318      0.00222      0.0359     28.291      -0.0002
   8            0          33              0          0.10759      0.00558      0.0384      3.173      -0.0036
   9            0          36              0          0.10660     0.000993      0.0201      1.168      -0.0019
  10            0          40              0          0.10386      0.00274      0.0287      7.874      -0.0007
  11            0          42              0          0.09921      0.00465      0.0251      1.730      -0.0040
  12            0          45              0          0.09780      0.00141      0.0210      0.742      -0.0031
  13            0          48              0          0.09712     0.000683      0.0209      2.520      -0.0005
  14            0          52              0          0.09462      0.00250      0.1129     15.085      -0.0010
  15            0          56              0          0.08437       0.0102      0.0239      0.835      -0.0239
  16            0          59              0          0.08283      0.00154      0.0263      0.993      -0.0026
  17            0          61              0          0.08114      0.00169      0.0277      2.760      -0.0014
  18            0          63              0          0.07915      0.00199      0.0323      2.161      -0.0020
  19            0          65              0          0.07705      0.00209      0.0456      3.103      -0.0016
  20            0          67              0          0.07354      0.00351      0.0187      1.679      -0.0031
  21            0          70              0          0.07148      0.00206      0.0369      0.628      -0.0068
  22            0          73              0          0.07024      0.00124      0.0313      0.879      -0.0027
  23            0          75              0          0.06971     0.000540      0.0377      3.072      -0.0010
  24            0          79              0          0.06841      0.00129      0.0248      1.818      -0.0015
  25            0          83              0          0.06313      0.00528      0.0878     12.174      -0.0011
  26            0          85              0          0.05698      0.00615      0.0295      1.162      -0.0114
  27            0          88              0          0.05609     0.000886      0.0250      0.760      -0.0020
  28            0          90              0          0.05528     0.000810      0.0461      4.027      -0.0006
  29            0          94              0          0.05080      0.00449      0.0265      4.082      -0.0022
  30            0          96              0          0.04280      0.00800      0.0306      1.618      -0.0069
  31            0          99              0          0.04103      0.00177      0.0258      0.407      -0.0062
  32            0         102              0          0.04038     0.000650      0.0170      1.005      -0.0012
  33            0         104              0          0.04019     0.000190      0.0540      3.247      -0.0005
  34            0         108              0          0.03851      0.00168      0.0152      1.628      -0.0020
  35            0         111              0          0.03754     0.000969      0.0218      2.098      -0.0009
  36            0         114              0          0.03738     0.000163      0.0114      0.658      -0.0005
  37            0         116              0          0.03722     0.000164      0.0145      2.178      -0.0002
  38            0         118              0          0.03696     0.000254      0.0142      2.515      -0.0002
  39            0         122              0          0.03604     0.000924      0.0261      4.159      -0.0004
  40            0         124              0          0.03534     0.000696      0.0143      2.744      -0.0008
  41            0         127              0          0.03513     0.000211     0.00705      0.978      -0.0005
  42            0         130              0          0.03507     0.000062     0.00946      2.723      -456E-7
  43            0         134              0          0.03456     0.000509      0.0108     10.043      -0.0001
  44            0         136              0          0.03381     0.000746      0.0120      2.089      -0.0006
  45            0         139              0          0.03353     0.000282     0.00804      1.401      -0.0004
  46            0         142              0          0.03344     0.000097      0.0100      2.220      -0.0001
  47            0         146              0          0.03291     0.000524      0.0178      8.116      -0.0001
  48            0         150              0          0.03104      0.00188      0.0303      4.494      -0.0009
  49            0         153              0          0.02995      0.00109     0.00740      1.471      -0.0015
  50            0         156              0          0.02953     0.000418      0.0113      0.698      -0.0009
 
                                         Resultados de optimización
 
Iteraciones                                        50  Invocaciones de función                           158
Invocaciones del gradiente                         69  Restricciones activas                               0
Función objetivo                         0.0295292804  Elemento gradiente absoluto máx          0.0113449405
Coeficiente angular de la dirección de   -0.000863624
búsqueda
 
QUANEW necesita más de 50 iteraciones o 2147483647 invocaciones de función.
 
WARNING: QUANEW No se puede completar la optimización.
 
 
 
 
 
 
Procedimiento NEURAL
 
          Resultados de optimización
              Parameter Estimates
                                      Gradient
                                     Objective
  N Parameter        Estimador        Function
 
  1 x1_H101          -0.821243       -0.000433
  2 x2_H101          -0.393328       -0.001724
  3 x1_H102           0.505412        0.000461
  4 x2_H102           0.130885    -0.000072648
  5 x1_H103          -1.466931        0.000438
  6 x2_H103          -1.299770        0.000508
  7 x1_H104          -0.661830        0.001159
  8 x2_H104          -0.748434        0.000300
  9 x1_H105           0.250566        0.000240
 10 x2_H105          -0.424051        0.000226
 11 x1_H106           0.787977        0.001198
 12 x2_H106          -0.209919        0.000262
 13 x1_H107          -0.664386        0.001473
 14 x2_H107           0.596888       -0.000464
 15 x1_H108          -0.121112        0.005025
 16 x2_H108          -1.380632       -0.000180
 17 x1_H109          -1.392151       -0.000548
 18 x2_H109           1.512072        0.009817
 19 x1_H110           0.440990        0.003310
 20 x2_H110           0.752771        0.000287
 21 x1_H111           1.324328        0.006431
 22 x2_H111           0.031978        0.001689
 23 x1_H112          -0.390180        0.000275
 24 x2_H112           0.076629    -0.000059803
 25 x1_H113           0.971709       -0.001952
 26 x2_H113           0.017904       -0.001226
 27 x1_H114           0.936985        0.000913
 28 x2_H114          -0.035654        0.004875
 29 x1_H115           0.871068       -0.000738
 30 x2_H115          -0.761520       -0.000921
 31 x1_H116           0.038218       -0.000965
 32 x2_H116           1.107220       -0.011345
 33 x1_H117           0.145619        0.004980
 34 x2_H117          -1.586438       -0.000608
 35 x1_H118           0.291809       -0.000791
 36 x2_H118          -0.802192        0.001278
 37 x1_H119          -1.597081        0.000128
 38 x2_H119          -0.070326        0.000859
 39 x1_H120          -0.090534        0.001160
 40 x2_H120           0.402329        0.000450
 41 x1_H121           1.415552        0.004683
 42 x2_H121           1.050912        0.002359
 43 x1_H122          -0.629305        0.002773
 44 x2_H122           0.564258        0.002285
 45 x1_H123           0.522299       -0.000243
 46 x2_H123          -0.015963    -0.000004097
 47 x1_H124           0.556145        0.004574
 48 x2_H124           0.499469        0.004064
 49 x1_H125           0.037628        0.002593
 50 x2_H125          -1.112587       -0.001651
 51 x1_H126          -0.063449       -0.001832
 52 x2_H126           1.028271        0.000765
 53 x1_H127           0.755424        0.006306
 54 x2_H127           0.792173        0.001063
 55 x1_H128          -1.415351        0.001758
 56 x2_H128          -0.876845        0.002561
 57 x1_H129          -0.668693       -0.001466
 58 x2_H129           0.475143       -0.000350
 59 x1_H130          -0.026396        0.002997
 60 x2_H130          -1.214158        0.000734
 61 x1_H131          -1.516707        0.002347
 62 x2_H131           1.518005        0.005754
 63 x1_H132           0.061087        0.000981
 64 x2_H132          -0.853180        0.000490
 65 x1_H133           0.451181    -0.000001514
 66 x2_H133           1.104765     0.000007205
 67 x1_H134           0.810881        0.000904
 68 x2_H134           0.153853       -0.004956
 69 x1_H135           0.645904       -0.004527
 70 x2_H135          -0.280163     0.000092472
 71 x1_H136          -0.206413    -0.000042883
 72 x2_H136           0.547899    -0.000046293
 73 x1_H137           0.986744        0.001463
 74 x2_H137          -0.005207       -0.005675
 75 x1_H138          -0.700596       -0.000169
 76 x2_H138           0.701453        0.001432
 77 x1_H139           0.353548        0.001697
 78 x2_H139           0.403829        0.000625
 79 x1_H140          -0.972223       -0.001021
 80 x2_H140          -0.535871       -0.000960
 81 BIAS_H101         0.965593       -0.001371
 82 BIAS_H102         0.170005       -0.000710
 83 BIAS_H103         2.192558       -0.000116
 84 BIAS_H104        -1.310910       -0.000894
 85 BIAS_H105        -0.467489       -0.000273
 86 BIAS_H106         0.910618       -0.002226
 87 BIAS_H107         1.619441       -0.000261
 88 BIAS_H108        -2.462302        0.000387
 89 BIAS_H109         2.063191       -0.008257
 90 BIAS_H110         1.103389       -0.002706
 91 BIAS_H111        -2.220513        0.004895
 92 BIAS_H112        -0.321751       -0.000521
 93 BIAS_H113         0.936242        0.002427
 94 BIAS_H114        -0.580820        0.003957
 95 BIAS_H115        -0.911189        0.000291
 96 BIAS_H116        -1.824540       -0.003451
 97 BIAS_H117         1.043707       -0.000617
 98 BIAS_H118         0.854853        0.000925
 99 BIAS_H119        -2.748919       -0.001318
100 BIAS_H120        -0.036317       -0.001378
101 BIAS_H121         1.925835       -0.005854
102 BIAS_H122         0.317098       -0.002086
103 BIAS_H123         0.321504        0.000429
104 BIAS_H124         1.418922       -0.004707
105 BIAS_H125        -1.694112       -0.000935
106 BIAS_H126         1.538313        0.001567
107 BIAS_H127         1.339918       -0.004798
108 BIAS_H128        -1.927624       -0.003032
109 BIAS_H129         1.328771     0.000005297
110 BIAS_H130         0.426539        0.000659
111 BIAS_H131        -2.283117        0.003455
112 BIAS_H132        -1.219281       -0.002030
113 BIAS_H133        -0.468478    -0.000006796
114 BIAS_H134        -1.100778       -0.002313
115 BIAS_H135        -1.162411    -0.000021620
116 BIAS_H136         0.211948     0.000043856
117 BIAS_H137        -0.997255       -0.002415
118 BIAS_H138        -0.559105        0.001869
119 BIAS_H139         0.496983       -0.002144
120 BIAS_H140         0.863670       -0.001356
121 H101_hat          0.350026       -0.005543
122 H102_hat          0.101114        0.000903
123 H103_hat          1.496887       -0.005940
124 H104_hat          0.237440        0.003742
125 H105_hat          0.047803        0.004201
126 H106_hat          0.341501       -0.003708
127 H107_hat          1.277854       -0.008231
128 H108_hat          1.410337        0.007346
129 H109_hat          1.378344       -0.007728
130 H110_hat          0.690391       -0.004046
131 H111_hat          1.961741        0.008736
132 H112_hat          0.060582        0.000730
133 H113_hat         -0.307631       -0.002369
134 H114_hat         -0.645408        0.006669
135 H115_hat         -0.102223        0.007468
136 H116_hat          1.479063        0.002553
137 H117_hat          0.444610       -0.001614
138 H118_hat         -0.265388       -0.001662
139 H119_hat          2.360688        0.007912
140 H120_hat          0.217893       -0.000280
141 H121_hat          1.778151       -0.002629
142 H122_hat          0.411742       -0.005024
143 H123_hat         -0.051985       -0.000147
144 H124_hat          1.090814       -0.005403
145 H125_hat          0.858147        0.007605
146 H126_hat         -0.714285       -0.007295
147 H127_hat          1.313640       -0.003351
148 H128_hat          0.794967        0.003036
149 H129_hat         -0.459473       -0.008233
150 H130_hat          0.429239       -0.003874
151 H131_hat         -1.395469        0.004984
152 H132_hat          0.474751        0.006241
153 H133_hat          0.002770        0.005049
154 H134_hat          0.869252        0.007405
155 H135_hat         -1.200711        0.008260
156 H136_hat         -0.007805       -0.001792
157 H137_hat          0.727128        0.008511
158 H138_hat         -0.280005     0.000023541
159 H139_hat          0.346821       -0.001818
160 H140_hat          0.359879       -0.004277
161 BIAS_hat          0.315162       -0.008594
 
Valor de la función objetivo = 0.0295292804
 


*------------------------------------------------------------*
* Salida de puntuación
*------------------------------------------------------------*


*------------------------------------------------------------*
* Salida del informe
*------------------------------------------------------------*
 
 
 
 
Estadísticos de ajuste
 
Objetivo=hat Etiqueta objetivo=' '
 
Estadísticos
 de ajuste      Etiqueta de estadísticos                    Entrenamiento
 
  _DFT_         grados de libertad totales                       441.00
  _DFE_         grados de libertad para el error                 280.00
  _DFM_         grados de libertad del modelo                    161.00
  _NW_          número de pesos estimados                        161.00
  _AIC_         criterio de información de Akaike              -1231.37
  _SBC_         criterio bayesiano de Schwarz                   -573.03
  _ASE_         error cuadrado de promedio                         0.03
  _MAX_         error absoluto máximo                              1.16
  _DIV_         divisor para ASE                                 441.00
  _NOBS_        suma de frecuencias                              441.00
  _RASE_        error cuadrado de promedio de la raíz              0.17
  _SSE_         suma de errores cuadrados                         13.02
  _SUMW_        suma de frec temporales de pesos de caso         441.00
  _FPE_         error de predicción final                          0.06
  _MSE_         error cuadrático de la media                       0.05
  _RFPE_        error de predicción final de la raíz               0.25
  _RMSE_        error cuadrático de la media de la raíz            0.22
  _AVERR_       función de error de promedio                       0.03
  _ERR_         función de error                                  13.02
  _MISC_        tasa de error de clasificación                      .
  _WRONG_       número de clasificaciones erróneas                  .
 
 
 
 
Clasificaciones de puntuación de evaluación
 
Rol de los datos=TRAIN Variable objetivo=hat Etiqueta objetivo=' '
 
                                Media de la
                 Número de        variable       Media
Profundidad    observaciones      objetivo     predicha
 
      5              23            0.72925      1.06273
     10              22            0.96240      0.86673
     15              22            0.87738      0.68494
     20              22            0.60918      0.48684
     25              22            0.46450      0.31342
     30              22            0.15182      0.11732
     35              22            0.05370     -0.01170
     40              22           -0.24438     -0.19959
     45              22           -0.25562     -0.28835
     50              22           -0.50875     -0.44637
     55              22           -0.55505     -0.53752
     60              22           -0.67911     -0.60518
     65              22           -0.77069     -0.70245
     70              22           -0.78333     -0.76268
     75              22           -0.90479     -0.81772
     80              22           -0.93826     -0.85967
     85              22           -0.96125     -0.88811
     90              22           -0.94454     -0.92449
     95              22           -0.95296     -0.98047
    100              22           -0.92767     -1.18714
 
 
 
 
Distribución de puntuación de evaluación
 
Rol de los datos=TRAIN Variable objetivo=hat Etiqueta objetivo=' '
 
                    Media de la
   Rango para         variable       Media       Número de      Puntuación
    predicho          objetivo     predicha    observaciones    del modelo
 
1.034 -  1.157         0.64537      1.09450          15           1.09518
0.910 -  1.034         0.93286      0.97106          14           0.97183
0.787 -  0.910         0.97001      0.86836          12           0.84848
0.663 -  0.787         0.89832      0.73153          19           0.72513
0.540 -  0.663         0.82247      0.58961          10           0.60178
0.417 -  0.540         0.57654      0.48135          18           0.47843
0.293 -  0.417         0.50792      0.34178          17           0.35508
0.170 -  0.293         0.25139      0.21899          11           0.23173
0.047 -  0.170         0.17032      0.09502          18           0.10838
-0.077 -  0.047        0.06551     -0.00478          19          -0.01498
-0.200 -  -0.077      -0.28234     -0.15733          12          -0.13833
-0.323 -  -0.200      -0.23730     -0.26209          32          -0.26168
-0.447 -  -0.323      -0.39007     -0.38957          11          -0.38503
-0.570 -  -0.447      -0.55722     -0.51549          35          -0.50838
-0.693 -  -0.570      -0.69844     -0.62396          30          -0.63173
-0.817 -  -0.693      -0.80818     -0.75532          44          -0.75508
-0.940 -  -0.817      -0.93598     -0.87614          76          -0.87843
-1.063 -  -0.940      -0.95848     -0.97530          26          -1.00178
-1.187 -  -1.063      -0.91219     -1.11440          10          -1.12513
-1.310 -  -1.187      -0.94058     -1.24775          12          -1.24848
