 
                                                                                                                                                                                                                                                                
 
 
Estadísticos de ajuste

Objetivo=hat Etiqueta objetivo=' '

Estadísticos
 de ajuste      Etiqueta de estadísticos                    Entrenamiento

  _DFT_         grados de libertad totales                       441.00  
  _DFE_         grados de libertad para el error                 380.00  
  _DFM_         grados de libertad del modelo                     61.00  
  _NW_          número de pesos estimados                         61.00  
  _AIC_         criterio de información de Akaike              -2492.48  
  _SBC_         criterio bayesiano de Schwarz                  -2243.05  
  _ASE_         error cuadrado de promedio                         0.00  
  _MAX_         error absoluto máximo                              0.57  
  _DIV_         divisor para ASE                                 441.00  
  _NOBS_        suma de frecuencias                              441.00  
  _RASE_        error cuadrado de promedio de la raíz              0.05  
  _SSE_         suma de errores cuadrados                          1.17  
  _SUMW_        suma de frec temporales de pesos de caso         441.00  
  _FPE_         error de predicción final                          0.00  
  _MSE_         error cuadrático de la media                       0.00  
  _RFPE_        error de predicción final de la raíz               0.06  
  _RMSE_        error cuadrático de la media de la raíz            0.06  
  _AVERR_       función de error de promedio                       0.00  
  _ERR_         función de error                                   1.17  
  _MISC_        tasa de error de clasificación                      .    
  _WRONG_       número de clasificaciones erróneas                  .    
 
                                                                                                                                                                                                                                                                
 
 
Clasificaciones de puntuación de evaluación

Rol de los datos=TRAIN Variable objetivo=hat Etiqueta objetivo=' '

                                Media de la
                 Número de        variable       Media
Profundidad    observaciones      objetivo     predicha

      5              23            0.98072      0.93673
     10              22            0.88415      0.86698
     15              22            0.79087      0.77947
     20              22            0.54730      0.61714
     25              22            0.44340      0.45258
     30              22            0.17424      0.19307
     35              22            0.04075      0.03148
     40              22           -0.16219     -0.16551
     45              22           -0.33154     -0.34395
     50              22           -0.44048     -0.45159
     55              22           -0.56352     -0.57089
     60              22           -0.68342     -0.68354
     65              22           -0.77092     -0.76663
     70              22           -0.81449     -0.82376
     75              22           -0.88347     -0.86873
     80              22           -0.93141     -0.90761
     85              22           -0.94460     -0.93395
     90              22           -0.95833     -0.95902
     95              22           -0.98075     -0.98750
    100              22           -0.98595     -1.02726
 
                                                                                                                                                                                                                                                                
 
 
Distribución de puntuación de evaluación

Rol de los datos=TRAIN Variable objetivo=hat Etiqueta objetivo=' '

                    Media de la
   Rango para         variable       Media       Número de      Puntuación
    predicho          objetivo     predicha    observaciones    del modelo

0.865 -  0.967         0.94767      0.91699          35           0.91607 
0.764 -  0.865         0.85171      0.82208          26           0.81480 
0.663 -  0.764         0.68615      0.70945           7           0.71353 
0.562 -  0.663         0.54045      0.61243          22           0.61227 
0.460 -  0.562         0.47937      0.50911           8           0.51100 
0.359 -  0.460         0.43143      0.42028          11           0.40973 
0.258 -  0.359         0.28011      0.30577           6           0.30846 
0.157 -  0.258         0.18275      0.21112          10           0.20719 
0.055 -  0.157         0.10338      0.10149          18           0.10593 
-0.046 -  0.055       -0.00020     -0.00791          11           0.00466 
-0.147 -  -0.046      -0.04872     -0.06908           7          -0.09661 
-0.249 -  -0.147      -0.19493     -0.19219          14          -0.19788 
-0.350 -  -0.249      -0.26428     -0.29413          11          -0.29914 
-0.451 -  -0.350      -0.39732     -0.39188          22          -0.40041 
-0.552 -  -0.451      -0.47267     -0.49299          21          -0.50168 
-0.654 -  -0.552      -0.60635     -0.61021          19          -0.60295 
-0.755 -  -0.654      -0.71438     -0.70880          24          -0.70421 
-0.856 -  -0.755      -0.80659     -0.81140          43          -0.80548 
-0.957 -  -0.856      -0.93259     -0.91436          69          -0.90675 
-1.059 -  -0.957      -0.97547     -0.99751          57          -1.00802 
