 
                                                                                                                                                                                                                                                                
 
 
Resumen de variables

            Nivel de     Número de
Rol          medida     ocurrencias

INPUT       INTERVAL          2    
REJECTED    INTERVAL         14    
TARGET      INTERVAL          1    
 
                                                                                                                                                                                                                                                                
 
 
Variables predichas y de decisión

Tipo         Variable       Etiqueta

TARGET        hat                      
PREDICTED     P_hat      Predicted: hat
RESIDUAL      R_hat      Residual: hat 
 
                                                                                                                                                                                                                                                                
 
 

Procedimiento NEURAL

Preliminary       Starting         Objective         Number
 Training          Random           Function           of        Terminating
    Run             Seed             Value         Iterations     Criteria

        1               12345    0.049217428731           10                
        2           337281485    0.017805347851           10                
        3          1962974514    0.038405228266           10                
        4           422345732     0.03429307272           10                
        5          1452355784    0.041626178923           10                
 
                                                                                                                                                                                                                                                                
 
 

Procedimiento NEURAL

            Inicio de optimización
              Parameter Estimates
                                      Gradient
                                     Objective
  N Parameter        Estimador        Function

  1 x1_H101          -1.397957        0.018160
  2 x2_H101          -1.150472        0.010394
  3 x1_H102           2.136110        0.017475
  4 x2_H102          -0.088338       -0.001023
  5 x1_H103          -1.308557        0.026301
  6 x2_H103          -1.194661        0.031350
  7 x1_H104           0.975163        0.025939
  8 x2_H104          -0.013152        0.013380
  9 x1_H105          -2.224026       -0.001635
 10 x2_H105           0.229559        0.003850
 11 x1_H106          -0.089164       -0.008417
 12 x2_H106          -1.796349       -0.025996
 13 x1_H107          -1.006230       -0.027013
 14 x2_H107           0.044260       -0.013096
 15 x1_H108           2.004391       -0.030441
 16 x2_H108          -0.007336       -0.015242
 17 x1_H109           0.017314        0.005220
 18 x2_H109          -0.021746        0.013395
 19 x1_H110           1.229302       -0.013271
 20 x2_H110          -1.257548        0.027585
 21 x1_H111           0.064430        0.001348
 22 x2_H111           1.972967        0.007022
 23 x1_H112          -1.578688        0.015743
 24 x2_H112           1.468963       -0.006576
 25 x1_H113          -0.797892       -0.027299
 26 x2_H113          -0.152523       -0.023819
 27 x1_H114          -0.795742       -0.001306
 28 x2_H114           0.039876        0.001511
 29 x1_H115           1.102378        0.020241
 30 x2_H115          -0.063575        0.009246
 31 BIAS_H101         1.955936        0.020947
 32 BIAS_H102        -3.441357        0.013153
 33 BIAS_H103        -1.876073       -0.038482
 34 BIAS_H104         1.339620       -0.028845
 35 BIAS_H105         0.570239       -0.010342
 36 BIAS_H106        -3.236674        0.020672
 37 BIAS_H107        -1.366160        0.029597
 38 BIAS_H108         1.836620        0.034175
 39 BIAS_H109        -0.982108       -0.035735
 40 BIAS_H110        -1.830975       -0.033851
 41 BIAS_H111        -3.478687        0.006417
 42 BIAS_H112        -2.284611       -0.017942
 43 BIAS_H113        -0.609490        0.051184
 44 BIAS_H114         0.524982       -0.004993
 45 BIAS_H115         1.445899       -0.021500
 46 H101_hat          1.837384        0.042652
 47 H102_hat          1.650895       -0.051945
 48 H103_hat         -1.736306       -0.022082
 49 H104_hat         -1.073881        0.036815
 50 H105_hat         -0.739793        0.016960
 51 H106_hat          1.812638       -0.050929
 52 H107_hat          1.119290       -0.037148
 53 H108_hat          1.637716        0.025641
 54 H109_hat         -1.425357       -0.043340
 55 H110_hat         -1.864223       -0.036302
 56 H111_hat          1.638306       -0.055858
 57 H112_hat         -1.511131       -0.044287
 58 H113_hat          1.364716       -0.014482
 59 H114_hat         -0.156139        0.024269
 60 H115_hat         -0.835305        0.037122
 61 BIAS_hat          0.654457        0.057656

Valor de la función objetivo = 0.0178053479

 
                                                                                                                                                                                                                                                                
 
 

Procedimiento NEURAL

Optimización Levenberg-Marquardt


Iteraciones mímimas                                          0
Iteraciones máximas                                         50
Invocaciones máximas de la función                  2147483647
Tiempo CPU máximo                                        14400
Criterio gradiente ABSGCONV                            0.00001
Criterio gradiente GCONV                                  1E-8
Criterio gradiente GCONV2                                    0
Criterio de la función ABSFCONV                              0
Criterio de la función FCONV                            0.0001
Criterio de la función FCONV2                                0
Parámetro FSIZE                                              0
Criterio de cambio de parámetro ABSXCONV                     0
Criterio de cambio de parámetro XCONV                        0
Parámetro XSIZE                                              0
Criterio de función ABSCONV                       0.0004621484
Factor de radio inicial de región de confianza               1
Tolerancia de singularidad (SINGULAR)                     1E-8

Optimización Levenberg-Marquardt

Ajuste a escala de la actualización de More (1978)

Estimaciones de parámetro              61

                                           Inicio de optimización

Restricciones activas                               0  Función objetivo                         0.0178053479
Elemento gradiente absoluto máx          0.0576557619  Radio                                               1


                                                                                                         Ratio
                                                                                                       Between
                                                                                                        Actual
                                                                 Objective     Max Abs                     and
                     Function         Active        Objective     Function    Gradient               Predicted
Iter     Restarts       Calls    Constraints         Function       Change     Element     Lambda       Change

   1*           0           3              0          0.01640      0.00140     0.00349    0.00823        0.995
   2*           0           4              0          0.01608     0.000320     0.00322    0.00279        1.009
   3*           0           5              0          0.01597     0.000109      0.0215    0.00101        0.231
   4*           0           6              0          0.01571     0.000264      0.0307    0.00099        0.291
   5            0           7              0          0.01487     0.000845      0.0193    0.00147        0.604
   6            0           9              0          0.01388     0.000987     0.00932    0.00463        0.947
   7            0          10              0          0.01347     0.000404      0.0203    0.00188        0.583
   8            0          12              0          0.01292     0.000552     0.00751    0.00597        0.911
   9            0          13              0          0.01245     0.000468      0.0168    0.00237        0.901
  10            0          15              0          0.01209     0.000368     0.00506    0.00480        1.001
  11            0          16              0          0.01162     0.000470      0.0208    0.00209        0.871
  12            0          18              0          0.01111     0.000506     0.00766    0.00325        0.999
  13            0          19              0          0.01064     0.000470      0.0183    0.00129        0.671
  14            0          20              0          0.01037     0.000267      0.0320    0.00103        0.321
  15            0          21              0          0.01034     0.000034      0.0559    0.00077       0.0342
  16            0          23              0          0.00982     0.000515      0.0619    0.00057        0.366
  17            0          24              0          0.00897     0.000854      0.0407    0.00053        0.642
  18            0          25              0          0.00809     0.000877      0.0191    0.00049        0.975
  19            0          27              0          0.00771     0.000383     0.00390    0.00427        1.123
  20            0          28              0          0.00745     0.000261      0.0238    0.00175        0.901
  21            0          30              0          0.00712     0.000325     0.00355     0.0114        1.074
  22            0          31              0          0.00681     0.000318      0.0118    0.00508        1.126
  23            0          32              0          0.00652     0.000287      0.0421    0.00182        0.539
  24            0          34              0          0.00599     0.000532      0.0566    0.00038        0.544
  25            0          37              0          0.00508     0.000905      0.0240    0.00033        0.851
  26            0          39              0          0.00465     0.000428     0.00515    0.00195        1.069
  27            0          40              0          0.00447     0.000187      0.0230    0.00089        0.846
  28            0          42              0          0.00421     0.000260     0.00766    0.00217        1.067
  29            0          43              0          0.00400     0.000210      0.0225    0.00093        0.769
  30            0          44              0          0.00381     0.000184      0.0351    0.00033        0.376
  31            0          47              0          0.00329     0.000521     0.00547    0.00020        0.876
  32            0          49              0          0.00311     0.000180     0.00101    0.00035        1.024
  33            0          50              0          0.00302     0.000091      0.0122    0.00012        0.698
  34            0          51              0          0.00294     0.000082      0.0164    0.00008        0.627
  35            0          52              0          0.00287     0.000071      0.0145    0.00006        0.624
  36            0          54              0          0.00280     0.000066     0.00266    0.00012        0.968
  37            0          56              0          0.00278     0.000019     0.00105    0.00019        1.012
  38            0          57              0          0.00277     0.000014     0.00558    0.00008        0.572
  39            0          58              0          0.00274     0.000025     0.00628    0.00006        0.826
  40            0          60              0          0.00273     0.000013    0.000742    0.00014        1.045
  41            0          61              0          0.00272      9.05E-6     0.00431    0.00006        0.905
  42            0          63              0          0.00271     7.572E-6     0.00201    0.00008        1.022
  43            0          64              0          0.00271     5.574E-6     0.00933    0.00003        0.555
  44            0          65              0          0.00270     0.000010     0.00829    0.00003        0.782
  45            0          67              0          0.00269     6.212E-6    0.000561    0.00010        1.078
  46            0          68              0          0.00269     4.387E-6     0.00238    0.00005        1.042
  47            0          69              0          0.00268     2.045E-6      0.0127    0.00002        0.259
  48            0          70              0          0.00268     8.927E-6      0.0113    0.00002        0.689
  49            0          71              0          0.00267     7.097E-6      0.0113    0.00002        0.659
  50            0          72              0          0.00266     6.386E-6      0.0118    0.00001        0.627

                                         Resultados de optimización

Iteraciones                                        50  Invocaciones de función                            74
Invocaciones del jacobiano                         52  Restricciones activas                               0
Función objetivo                         0.0026623744  Elemento gradiente absoluto máx          0.0117804601
Lambda                                   0.0000129362  Actual Over Pred Change                  0.6272889564
Radio                                    0.5506254858                                                       

LEVMAR necesita más de 50 iteraciones o 2147483647 invocaciones de función.                       

WARNING: LEVMAR No se puede completar la optimización.

 
                                                                                                                                                                                                                                                                
 
 

Procedimiento NEURAL

          Resultados de optimización
              Parameter Estimates
                                      Gradient
                                     Objective
  N Parameter        Estimador        Function

  1 x1_H101          -1.147625       -0.001560
  2 x2_H101          -1.596644       -0.001408
  3 x1_H102           1.573576       -0.004858
  4 x2_H102           0.285575       -0.002899
  5 x1_H103          -1.597107        0.000213
  6 x2_H103          -1.558630       -0.000106
  7 x1_H104           0.383931        0.000446
  8 x2_H104           2.344226       -0.000129
  9 x1_H105          -1.801704        0.003120
 10 x2_H105           0.597680        0.002065
 11 x1_H106          -0.160950       -0.002018
 12 x2_H106          -1.127060        0.000336
 13 x1_H107          -2.477727        0.000316
 14 x2_H107           1.008318       -0.000265
 15 x1_H108           1.738627       -0.000101
 16 x2_H108           0.074806       -0.000941
 17 x1_H109           1.081207        0.011243
 18 x2_H109          -0.409127        0.006287
 19 x1_H110           0.964640        0.001060
 20 x2_H110          -1.887455       -0.000149
 21 x1_H111           0.277890       -0.000447
 22 x2_H111           2.870594       -0.000810
 23 x1_H112          -0.653658        0.001008
 24 x2_H112           2.091634        0.001654
 25 x1_H113          -2.215215       -0.000457
 26 x2_H113           2.101992       -0.000530
 27 x1_H114          -1.987944        0.000614
 28 x2_H114          -0.656019       -0.000184
 29 x1_H115           2.060565       -0.000179
 30 x2_H115          -1.137643        0.000258
 31 BIAS_H101         1.968789       -0.002065
 32 BIAS_H102        -2.730902       -0.003821
 33 BIAS_H103        -2.158634     0.000091213
 34 BIAS_H104         0.717705        0.000449
 35 BIAS_H105         0.621128        0.003944
 36 BIAS_H106        -2.170560       -0.000396
 37 BIAS_H107        -4.902500       -0.000230
 38 BIAS_H108         1.605522     0.000014983
 39 BIAS_H109        -0.526122        0.011780
 40 BIAS_H110        -2.043796        0.000692
 41 BIAS_H111        -4.493032       -0.000582
 42 BIAS_H112        -2.129242        0.001405
 43 BIAS_H113        -0.940208       -0.000264
 44 BIAS_H114         0.641153        0.001184
 45 BIAS_H115         3.372034        0.000172
 46 H101_hat          1.913768    -0.000011412
 47 H102_hat          3.419324        0.001597
 48 H103_hat         -1.593410        0.002899
 49 H104_hat         -1.102248       -0.001978
 50 H105_hat         -3.081076        0.001358
 51 H106_hat          5.229867        0.002444
 52 H107_hat          1.364660        0.002331
 53 H108_hat          1.926121       -0.002531
 54 H109_hat         -6.323490       -0.000670
 55 H110_hat         -1.581507        0.001643
 56 H111_hat          0.789373        0.001715
 57 H112_hat         -1.411418        0.001045
 58 H113_hat          0.595872        0.001405
 59 H114_hat         -1.344621        0.001670
 60 H115_hat         -0.916580       -0.002094
 61 BIAS_hat          4.576192       -0.002482

Valor de la función objetivo = 0.0026623744

