 
                                                                                                                                                                                                                                                                
 
 
Estadísticos de ajuste

Objetivo=AERO Etiqueta objetivo=' '

Estadísticos
 de ajuste      Etiqueta de estadísticos                     Entrenamiento     Prueba

  _AIC_         criterio de información de Akaike                133.02           .  
  _ASE_         error cuadrado del promedio                       56.43         82.44
  _AVERR_       función de error de promedio                      56.43         82.44
  _DFE_         grados de libertad para el error                  27.00           .  
  _DFM_         grados de libertad del modelo                      4.00           .  
  _DFT_         grados de libertad totales                        31.00           .  
  _DIV_         divisor para ASE                                  31.00         13.00
  _ERR_         función de error                                1749.29       1071.74
  _FPE_         error de predicción final                         73.15           .  
  _MAX_         error absoluto máximo                             24.15         16.90
  _MSE_         error cuadrático de la media                      64.79         82.44
  _NOBS_        suma de frecuencias                               31.00         13.00
  _NW_          número de pesos de los estimadores                 4.00           .  
  _RASE_        suma del promedio de la raíz de cuadrados          7.51          9.08
  _RFPE_        error de predicción final de la raíz               8.55           .  
  _RMSE_        error cuadrático de la media de la raíz            8.05          9.08
  _SBC_         criterio bayesiano de Schwarz                    138.76           .  
  _SSE_         suma de errores cuadrados                       1749.29       1071.74
  _SUMW_        suma de frec temporales de pesos de caso          31.00         13.00
 
                                                                                                                                                                                                                                                                
 
 
Clasificaciones de puntuación de evaluación

Rol de los datos=TRAIN Variable objetivo=AERO Etiqueta objetivo=' '

                                Media de la
                 Número de        variable       Media
Profundidad    observaciones      objetivo     predicha

      5              3            52.2333       46.4465
     15              1            44.0000       45.8461
     20              2            40.4000       44.8029
     25              1            47.8000       43.2117
     30              2            28.4000       38.5547
     35              2            35.4000       35.5676
     40              1            43.1000       34.9935
     45              2            25.1000       33.8449
     50              1            33.0000       31.7587
     55              3            37.0333       31.6446
     60              2            31.0500       28.4449
     70              2            22.1000       26.7750
     75              1            18.9000       26.3059
     80              2            26.3500       26.0057
     85              2            27.0500       24.6360
     90              1            26.2000       23.0186
     95              2            26.8000       21.3749
    100              1            13.6000       20.2791
 
                                                                                                                                                                                                                                                                
 
 
Distribución de puntuación de evaluación

Rol de los datos=TRAIN Variable objetivo=AERO Etiqueta objetivo=' '

                    Media de la
   Rango para         variable       Media       Número de      Puntuación
    predicho          objetivo     predicha    observaciones    del modelo

45.138 -  46.447       50.175       46.2964          4            45.7923 
43.830 -  45.138       40.400       44.8029          2            44.4840 
42.521 -  43.830       47.800       43.2117          1            43.1756 
39.905 -  41.213       38.100       39.9244          1            40.5589 
35.980 -  37.288       27.650       36.6371          2            36.6338 
34.671 -  35.980       38.650       35.0197          2            35.3254 
33.363 -  34.671       21.300       34.3665          1            34.0170 
32.054 -  33.363       28.900       33.3233          1            32.7086 
30.746 -  32.054       36.025       31.6731          4            31.4003 
28.129 -  29.438       31.050       28.4449          2            28.7835 
25.513 -  26.821       23.160       26.3734          5            26.1668 
24.204 -  25.513       30.300       25.1576          1            24.8584 
22.896 -  24.204       25.000       23.5665          2            23.5501 
21.588 -  22.896       21.600       21.9228          1            22.2417 
20.279 -  21.588       22.800       20.5531          2            20.9333 
