*------------------------------------------------------------*
Usuario:                win
Fecha:                24/02/16
Hora:                20H39
*------------------------------------------------------------*
* Salida de entrenamiento
*------------------------------------------------------------*
 
 
 
 
Resumen de variables
 
          Nivel de     Número de
Rol        medida     ocurrencias
 
ID        NOMINAL          1
INPUT     INTERVAL         2
INPUT     NOMINAL          2
TARGET    INTERVAL         1
 
 
 
 
Resumen de partición
 
                                      Número de
Tipo         Conjunto de datos      observaciones
 
DATA        EMWS3.Ids2_DATA              654
TRAIN       EMWS3.Part2_TRAIN            262
VALIDATE    EMWS3.Part2_VALIDATE         196
TEST        EMWS3.Part2_TEST             196


*------------------------------------------------------------*
* Salida de puntuación
*------------------------------------------------------------*


*------------------------------------------------------------*
* Salida del informe
*------------------------------------------------------------*
 
 
 
 
Estadísticos descriptivos para las variables objetivo intervalo
 
Datos=DATA
 
                                             Número de                 Desviación
Variable    Máximo     Media     Mínimo    observaciones    Ausente     estándar     Etiqueta
 
  FEV        5.793    2.63678     0.791         654            0         0.86706
 
 
Datos=TEST
 
                                             Número de                 Desviación
Variable    Máximo     Media     Mínimo    observaciones    Ausente     estándar     Etiqueta
 
  FEV        5.633    2.55621     0.796         196            0         0.81206
 
 
Datos=TRAIN
 
                                           Número de                 Desviación
Variable    Máximo    Media    Mínimo    observaciones    Ausente     estándar     Etiqueta
 
  FEV        5.793    2.687     0.839         262            0         0.87278
 
 
Datos=VALIDATE
 
                                             Número de                 Desviación
Variable    Máximo     Media     Mínimo    observaciones    Ausente     estándar     Etiqueta
 
  FEV        5.224    2.65021     0.791         196            0         0.91019
