*------------------------------------------------------------*
Usuario:                win
Fecha:                15/02/16
Hora:                16H10
*------------------------------------------------------------*
* Salida de entrenamiento
*------------------------------------------------------------*
 
 
 
 
Resumen de variables
 
                  Nivel de     Número de
Rol                medida     ocurrencias
 
ASSESS            INTERVAL         7
ASSESS            NOMINAL          1
CLASSIFICATION    NOMINAL          3
ID                INTERVAL         1
ID                NOMINAL          1
INPUT             INTERVAL         8
PREDICT           INTERVAL         2
REJECTED          BINARY           3
REJECTED          INTERVAL         9
REJECTED          ORDINAL          8
RESIDUAL          INTERVAL         2
SEGMENT           NOMINAL          2
TARGET            BINARY           1
 
 
 
 
Rechazar inferencia : tasas de evento
 
   Tasa de        Tasa de       Tasa de      Tasa de      Tasa de
  evento de      evento de     evento de     evento      evento de
  datos de        datos de     datos de     inferida       datos
entrenamiento    validación      test       requerida    aumentada
 
     10.55           10.40        10.40         0.00         7.32
 
 
 
 
Estadísticos de sumarización
 
_ACTUAL_INFERRED_=Accepts
 
Obs        VARIABLE            NMISS      MIN          MAX       MEAN      STD      SKEWNESS    KURTOSIS
 
 1     P_DEFAULT0_00               0     0.1670      1.000      0.888     0.1470    -1.97169     4.14593
 2     P_DEFAULT1_00               0     0.0000      0.833      0.112     0.1470     1.97169     4.14593
 3     SCORECARD_POINTS            0    40.0000    401.000    181.297    62.5026     0.57812     0.00298
 
 
_ACTUAL_INFERRED_=Inferred
 
Obs        VARIABLE            NMISS      MIN          MAX       MEAN      STD      SKEWNESS    KURTOSIS
 
 4     P_DEFAULT0_00               0     0.2748      1.000      0.880     0.1413    -1.41617     1.64203
 5     P_DEFAULT1_00               0     0.0000      0.725      0.120     0.1413     1.41617     1.64203
 6     SCORECARD_POINTS            0    58.0000    378.000    179.120    63.3318     0.61278    -0.18418


*------------------------------------------------------------*
* Salida de puntuación
*------------------------------------------------------------*


*------------------------------------------------------------*
* Salida del informe
*------------------------------------------------------------*
