 
                                                                                                                                                                                                                                                                
 
 
Resumen de variables

            Nivel de     Número de
Rol          medida     ocurrencias

INPUT       INTERVAL          2    
REJECTED    INTERVAL         14    
TARGET      INTERVAL          1    
 
                                                                                                                                                                                                                                                                
 
 
Variables predichas y de decisión

Tipo         Variable       Etiqueta

TARGET        hat                      
PREDICTED     P_hat      Predicted: hat
RESIDUAL      R_hat      Residual: hat 
 
                                                                                                                                                                                                                                                                
 
 

Procedimiento NEURAL

Preliminary       Starting         Objective         Number
 Training          Random           Function           of        Terminating
    Run             Seed             Value         Iterations     Criteria

        1               12345    0.132268046135           10                
        2          1962974514    0.156622812795           10                
        3          1452355784    0.134282713349           10                
        4           604901746     0.14479453995           10                
        5          1161293754    0.123540689248           10                
 
                                                                                                                                                                                                                                                                
 
 

Procedimiento NEURAL

            Inicio de optimización
              Parameter Estimates
                                      Gradient
                                     Objective
  N Parameter        Estimador        Function

  1 x1_H101          -0.624239       -0.006465
  2 x2_H101          -0.609073        0.007620
  3 x1_H102           0.679121       -0.010560
  4 x2_H102           0.052822        0.002470
  5 x1_H103          -0.537805       -0.000500
  6 x2_H103          -0.778226        0.000472
  7 x1_H104          -0.288738        0.004758
  8 x2_H104          -0.377411       -0.000119
  9 x1_H105           0.317240        0.001503
 10 x2_H105          -0.398022       -0.000443
 11 x1_H106           0.865447        0.002892
 12 x2_H106          -0.623062        0.004655
 13 x1_H107          -0.980489        0.001634
 14 x2_H107           0.938646       -0.000900
 15 x1_H108           0.102636     0.000016827
 16 x2_H108          -1.325667    -0.000030003
 17 x1_H109          -1.199459       -0.001401
 18 x2_H109           1.203406       -0.003017
 19 x1_H110           1.057512        0.006309
 20 x2_H110           1.142732        0.001899
 21 x1_H111           1.119607       -0.001141
 22 x2_H111           0.101836        0.000739
 23 x1_H112          -0.581348        0.000520
 24 x2_H112           0.027966        0.004371
 25 x1_H113           0.291091       -0.000942
 26 x2_H113           0.103286        0.000510
 27 x1_H114           0.860373        0.001646
 28 x2_H114          -0.058090       -0.001177
 29 x1_H115           0.705310       -0.001403
 30 x2_H115          -0.548972        0.001896
 31 x1_H116          -0.151483       -0.002193
 32 x2_H116           0.446023     0.000008068
 33 x1_H117          -0.248463        0.001148
 34 x2_H117          -0.802753        0.000336
 35 x1_H118           0.073536       -0.004611
 36 x2_H118          -0.187821        0.005092
 37 x1_H119          -0.855919       -0.001434
 38 x2_H119           0.225526       -0.002499
 39 x1_H120          -0.057178        0.000989
 40 x2_H120           0.407119       -0.001179
 41 x1_H121           1.018632        0.003047
 42 x2_H121           0.389992       -0.001146
 43 x1_H122          -0.608941       -0.002144
 44 x2_H122           0.560689        0.000796
 45 x1_H123           0.509814        0.001442
 46 x2_H123          -0.049760       -0.000398
 47 x1_H124           1.388728        0.005609
 48 x2_H124           1.122102        0.004383
 49 x1_H125          -0.054500       -0.000855
 50 x2_H125          -0.846510        0.002152
 51 x1_H126          -0.181676        0.000569
 52 x2_H126           0.738662       -0.000341
 53 x1_H127           0.886077        0.010818
 54 x2_H127           0.881823       -0.008800
 55 x1_H128          -0.650162        0.010141
 56 x2_H128          -0.487402        0.004396
 57 x1_H129          -0.648201        0.003234
 58 x2_H129           0.598393        0.000332
 59 x1_H130           0.697139        0.006714
 60 x2_H130          -0.770797        0.000905
 61 BIAS_H101        -0.622245       -0.002057
 62 BIAS_H102         1.232388        0.002789
 63 BIAS_H103        -0.004043       -0.000257
 64 BIAS_H104        -0.902602        0.000743
 65 BIAS_H105         0.339752        0.000683
 66 BIAS_H106         0.740298       -0.002572
 67 BIAS_H107         0.760484        0.003558
 68 BIAS_H108        -0.152584        0.000556
 69 BIAS_H109         1.363754        0.003903
 70 BIAS_H110        -1.127554        0.005948
 71 BIAS_H111        -0.308143       -0.000753
 72 BIAS_H112         0.730301       -0.005066
 73 BIAS_H113         0.293241       -0.000187
 74 BIAS_H114        -0.061907        0.001893
 75 BIAS_H115        -0.633347       -0.002285
 76 BIAS_H116         0.668148       -0.001778
 77 BIAS_H117         0.467985        0.000991
 78 BIAS_H118         0.494880     0.000053510
 79 BIAS_H119        -0.971721       -0.001113
 80 BIAS_H120        -0.396564        0.000414
 81 BIAS_H121         0.433887        0.001452
 82 BIAS_H122         0.181171       -0.001359
 83 BIAS_H123         0.533001        0.000250
 84 BIAS_H124        -1.059963        0.001785
 85 BIAS_H125        -0.409347       -0.001172
 86 BIAS_H126         0.357163        0.000420
 87 BIAS_H127         0.880368       -0.002207
 88 BIAS_H128        -1.800352       -0.002500
 89 BIAS_H129         1.834125       -0.001349
 90 BIAS_H130         0.383111       -0.003133
 91 H101_hat         -0.426054       -0.005730
 92 H102_hat         -0.338679        0.015601
 93 H103_hat         -0.035357        0.002614
 94 H104_hat          0.279995       -0.005460
 95 H105_hat          0.146974        0.010745
 96 H106_hat          0.417262        0.013454
 97 H107_hat          0.300586       -0.010459
 98 H108_hat         -0.039456        0.006320
 99 H109_hat          1.183917       -0.006818
100 H110_hat         -0.743752       -0.005338
101 H111_hat         -0.074730        0.011147
102 H112_hat         -0.385191        0.002093
103 H113_hat         -0.038128        0.005582
104 H114_hat          0.180663        0.011610
105 H115_hat         -0.165589        0.007291
106 H116_hat         -0.226809       -0.001131
107 H117_hat          0.158925        0.007761
108 H118_hat         -0.270380        0.004981
109 H119_hat         -0.204969       -0.019669
110 H120_hat          0.089284       -0.008404
111 H121_hat          0.306817        0.015257
112 H122_hat         -0.170240       -0.011546
113 H123_hat          0.067409        0.013546
114 H124_hat         -0.604590       -0.008929
115 H125_hat         -0.176557        0.004393
116 H126_hat          0.063533       -0.005247
117 H127_hat          0.709258        0.005693
118 H128_hat          0.566205       -0.010990
119 H129_hat         -0.414641        0.006020
120 H130_hat          0.549505        0.013503
121 BIAS_hat         -0.954120        0.001633

Valor de la función objetivo = 0.1235406892

 
                                                                                                                                                                                                                                                                
 
 

Procedimiento NEURAL

Optimización Dual Quasi-Newton


Iteraciones mímimas                                      0
Iteraciones máximas                                     50
Invocaciones máximas de la función              2147483647
Tiempo CPU máximo                                    14400
Criterio gradiente ABSGCONV                        0.00001
Criterio gradiente GCONV                              1E-8
Criterio de la función ABSFCONV                          0
Criterio de la función FCONV                        0.0001
Criterio de la función FCONV2                            0
Parámetro FSIZE                                          0
Criterio de cambio de parámetro ABSXCONV                 0
Criterio de cambio de parámetro XCONV                    0
Parámetro XSIZE                                          0
Criterio de función ABSCONV                   0.0004621484
Método de búsqueda lineal                                2
Alpha inicial para búsqueda de línea                     1
Precisión de búsqueda de línea LSPRECISION             0.4
Parámetro DAMPSTEP para búsqueda de línea                .
Tolerancia de singularidad (SINGULAR)                 1E-8

Optimización Dual Quasi-Newton

Actualización Dual Broyden - Fletcher - Goldfarb - Shanno (DBFGS)

Estimaciones de parámetro             121

                                           Inicio de optimización

Restricciones activas                               0  Función objetivo                         0.1235406892
Elemento gradiente absoluto máx          0.0196688326                                                       


                                                                 Objective     Max Abs                Slope of
                     Function         Active        Objective     Function    Gradient       Step       Search
Iter     Restarts       Calls    Constraints         Function       Change     Element       Size    Direction

   1            0           6              0          0.12328     0.000258      0.0150    0.00136       -0.381
   2            0          10              0          0.12285     0.000437      0.0287      3.389      -0.0003
   3            0          14              0          0.12125      0.00159      0.0110      0.822      -0.0039
   4            0          18              0          0.12054     0.000715      0.0312      2.819      -0.0005
   5            0          22              0          0.11822      0.00231      0.0207      1.123      -0.0041
   6            0          25              0          0.11728     0.000947      0.0438      1.361      -0.0013
   7            0          29              0          0.11417      0.00310      0.0206      1.491      -0.0042
   8            0          31              0          0.10970      0.00447      0.0307      4.785      -0.0016
   9            0          33              0          0.10519      0.00452      0.0752      1.566      -0.0071
  10            0          35              0          0.10213      0.00305      0.0291      0.950      -0.0119
  11            0          37              0          0.09986      0.00227      0.0301      2.041      -0.0037
  12            0          39              0          0.09660      0.00326      0.0182      1.913      -0.0030
  13            0          41              0          0.09120      0.00540      0.0276      2.251      -0.0036
  14            0          44              0          0.08894      0.00226      0.0165      0.713      -0.0053
  15            0          47              0          0.08775      0.00119      0.0251      1.590      -0.0015
  16            0          49              0          0.08626      0.00150      0.0481      1.141      -0.0026
  17            0          53              0          0.08083      0.00543      0.0280      1.838      -0.0059
  18            0          55              0          0.07769      0.00314      0.0480      2.724      -0.0050
  19            0          57              0          0.07389      0.00380      0.0228      1.206      -0.0065
  20            0          59              0          0.07253      0.00135      0.0498      3.303      -0.0029
  21            0          63              0          0.06585      0.00668      0.0334      1.543      -0.0088
  22            0          66              0          0.06259      0.00326      0.0163      1.653      -0.0034
  23            0          69              0          0.06176     0.000828      0.0133      0.730      -0.0022
  24            0          71              0          0.06065      0.00111      0.0208      3.378      -0.0006
  25            0          75              0          0.05727      0.00338      0.0205      3.539      -0.0020
  26            0          78              0          0.05514      0.00213      0.0214      1.153      -0.0036
  27            0          81              0          0.05415     0.000987      0.0248      1.167      -0.0016
  28            0          85              0          0.05212      0.00203      0.0301      1.918      -0.0026
  29            0          87              0          0.04924      0.00289      0.0323      1.046      -0.0049
  30            0          89              0          0.04835     0.000883      0.0405      1.837      -0.0039
  31            0          93              0          0.04625      0.00211      0.0242      1.056      -0.0042
  32            0          96              0          0.04534     0.000906      0.0135      1.029      -0.0017
  33            0          98              0          0.04390      0.00144      0.0235      1.601      -0.0014
  34            0         100              0          0.04243      0.00147      0.0242      1.174      -0.0031
  35            0         103              0          0.04148     0.000946      0.0220      1.524      -0.0012
  36            0         105              0          0.04022      0.00126      0.0137      2.430      -0.0010
  37            0         107              0          0.03945     0.000767      0.0308      1.956      -0.0016
  38            0         109              0          0.03850     0.000952     0.00971      1.013      -0.0019
  39            0         112              0          0.03803     0.000470      0.0122      1.521      -0.0006
  40            0         114              0          0.03731     0.000724      0.0152      1.919      -0.0006
  41            0         116              0          0.03625      0.00106     0.00966      1.923      -0.0009
  42            0         118              0          0.03560     0.000655      0.0212      1.969      -0.0013
  43            0         120              0          0.03489     0.000708     0.00869      1.289      -0.0013
  44            0         122              0          0.03432     0.000564      0.0226      4.903      -0.0004
  45            0         124              0          0.03349     0.000833      0.0161      1.328      -0.0011
  46            0         126              0          0.03284     0.000655      0.0193      2.698      -0.0008
  47            0         128              0          0.03195     0.000882      0.0132      1.616      -0.0010
  48            0         130              0          0.03080      0.00115      0.0251      2.703      -0.0008
  49            0         132              0          0.03017     0.000639      0.0250      1.848      -0.0016
  50            0         134              0          0.02945     0.000717      0.0183      0.877      -0.0018

                                         Resultados de optimización

Iteraciones                                        50  Invocaciones de función                           136
Invocaciones del gradiente                         62  Restricciones activas                               0
Función objetivo                         0.0294486813  Elemento gradiente absoluto máx          0.0183031644
Coeficiente angular de la dirección de   -0.001822213                                                       
búsqueda                                                                                                    

QUANEW necesita más de 50 iteraciones o 2147483647 invocaciones de función.                       

WARNING: QUANEW No se puede completar la optimización.

 
                                                                                                                                                                                                                                                                
 
 

Procedimiento NEURAL

          Resultados de optimización
              Parameter Estimates
                                      Gradient
                                     Objective
  N Parameter        Estimador        Function

  1 x1_H101          -0.741705        0.005089
  2 x2_H101          -0.781965       -0.002920
  3 x1_H102           1.577865       -0.001056
  4 x2_H102          -0.129714       -0.011040
  5 x1_H103          -0.420265       -0.000207
  6 x2_H103          -0.710088        0.000415
  7 x1_H104          -0.057434       -0.002224
  8 x2_H104          -0.914307        0.006163
  9 x1_H105           0.586433        0.000361
 10 x2_H105          -0.372250       -0.001433
 11 x1_H106           1.353359       -0.001026
 12 x2_H106          -1.520692        0.007381
 13 x1_H107          -0.379195       -0.000616
 14 x2_H107           0.444556        0.001020
 15 x1_H108           0.034122       -0.004341
 16 x2_H108          -1.344007       -0.005214
 17 x1_H109          -1.638922       -0.002274
 18 x2_H109           1.409450        0.000137
 19 x1_H110           1.392082        0.008903
 20 x2_H110           1.802493       -0.008935
 21 x1_H111           0.996081        0.001927
 22 x2_H111           0.005960       -0.006413
 23 x1_H112          -1.131993        0.010822
 24 x2_H112          -0.049566       -0.007357
 25 x1_H113           0.245124       -0.002017
 26 x2_H113           0.086857        0.004807
 27 x1_H114           0.656488       -0.000567
 28 x2_H114          -0.387463        0.002567
 29 x1_H115           0.725769        0.000119
 30 x2_H115          -0.717046       -0.000129
 31 x1_H116          -0.099881        0.000964
 32 x2_H116           0.895358       -0.006553
 33 x1_H117          -0.582166        0.000377
 34 x2_H117          -0.638527       -0.001181
 35 x1_H118          -0.189511        0.006044
 36 x2_H118          -0.859388       -0.009833
 37 x1_H119          -1.572435        0.000601
 38 x2_H119           0.634870        0.001543
 39 x1_H120           0.165688       -0.008084
 40 x2_H120           0.976234        0.018303
 41 x1_H121           1.122075       -0.000146
 42 x2_H121          -0.639301        0.000615
 43 x1_H122          -0.527394        0.000284
 44 x2_H122           0.329437       -0.000654
 45 x1_H123           0.848873        0.001254
 46 x2_H123          -0.115657       -0.003189
 47 x1_H124           1.511725       -0.003476
 48 x2_H124           0.641808       -0.003034
 49 x1_H125          -0.084749       -0.002150
 50 x2_H125          -1.477638       -0.004266
 51 x1_H126          -0.292487        0.000339
 52 x2_H126           0.711990       -0.000274
 53 x1_H127           1.684004       -0.007814
 54 x2_H127           1.774544        0.004370
 55 x1_H128          -1.080926       -0.006095
 56 x2_H128          -1.397849        0.001509
 57 x1_H129          -1.143250        0.006128
 58 x2_H129           0.971732       -0.010576
 59 x1_H130           1.287915       -0.004036
 60 x2_H130          -0.270205        0.008196
 61 BIAS_H101        -1.308769       -0.001672
 62 BIAS_H102         2.597846       -0.003779
 63 BIAS_H103         0.033993        0.000555
 64 BIAS_H104        -1.404354       -0.001789
 65 BIAS_H105         0.170856       -0.001432
 66 BIAS_H106         1.981553        0.004767
 67 BIAS_H107         0.858048     0.000041268
 68 BIAS_H108         0.661445       -0.002046
 69 BIAS_H109         2.488218        0.003673
 70 BIAS_H110        -2.298145       -0.003787
 71 BIAS_H111        -1.270851       -0.001039
 72 BIAS_H112         1.856095        0.002084
 73 BIAS_H113         0.397173        0.002303
 74 BIAS_H114         0.117033        0.002875
 75 BIAS_H115        -0.518870        0.000646
 76 BIAS_H116         1.202813        0.000601
 77 BIAS_H117         0.178255       -0.000892
 78 BIAS_H118         1.154014       -0.006170
 79 BIAS_H119        -0.462558        0.002394
 80 BIAS_H120        -1.491022        0.011205
 81 BIAS_H121         1.129700        0.000384
 82 BIAS_H122         0.163464       -0.000665
 83 BIAS_H123         0.339821       -0.003427
 84 BIAS_H124        -1.730029       -0.003825
 85 BIAS_H125        -1.033836       -0.001976
 86 BIAS_H126         0.255054       -0.001122
 87 BIAS_H127         2.754513        0.003326
 88 BIAS_H128        -2.364276        0.001389
 89 BIAS_H129         2.360113        0.004766
 90 BIAS_H130         1.586623        0.005801
 91 H101_hat         -0.684883       -0.008705
 92 H102_hat         -2.041820        0.008175
 93 H103_hat          0.065910       -0.005523
 94 H104_hat          0.577853       -0.013631
 95 H105_hat         -0.185055       -0.006796
 96 H106_hat          1.362011       -0.005646
 97 H107_hat          0.137060        0.011283
 98 H108_hat          0.642988       -0.002055
 99 H109_hat          2.113546        0.017810
100 H110_hat         -1.178620       -0.006056
101 H111_hat         -0.934869       -0.011200
102 H112_hat         -1.972456        0.011549
103 H113_hat          0.327856        0.002280
104 H114_hat          0.392950       -0.007428
105 H115_hat          0.158187       -0.011475
106 H116_hat         -0.779929        0.014284
107 H117_hat         -0.112050       -0.003234
108 H118_hat         -0.962099        0.000737
109 H119_hat          0.407368        0.006204
110 H120_hat          1.559653       -0.001584
111 H121_hat          0.058711       -0.003416
112 H122_hat         -0.104054        0.008769
113 H123_hat         -0.350685       -0.003738
114 H124_hat         -0.689708       -0.007956
115 H125_hat         -0.955979       -0.016996
116 H126_hat         -0.188833        0.010283
117 H127_hat          1.878625        0.008847
118 H128_hat          1.608312       -0.009945
119 H129_hat         -1.741811        0.015337
120 H130_hat          0.855756        0.003209
121 BIAS_hat          1.437660        0.007077

Valor de la función objetivo = 0.0294486813

