*------------------------------------------------------------*
Usuario:                win
Fecha:                24/02/16
Hora:                19H07
*------------------------------------------------------------*
* Salida de entrenamiento
*------------------------------------------------------------*
 
 
 
 
Resumen de variables
 
            Nivel de     Número de
Rol          medida     ocurrencias
 
ASSESS      NOMINAL           1
INPUT       INTERVAL          2
PREDICT     INTERVAL          1
REJECTED    INTERVAL         14
RESIDUAL    INTERVAL          1
TARGET      INTERVAL          1


*------------------------------------------------------------*
* Salida de puntuación
*------------------------------------------------------------*


*------------------------------------------------------------*
* Salida del informe
*------------------------------------------------------------*
