*------------------------------------------------------------*
Usuario:                win
Fecha:                24/02/16
Hora:                19H51
*------------------------------------------------------------*
* Salida de entrenamiento
*------------------------------------------------------------*
 
 
 
 
Resumen de variables
 
          Nivel de     Número de
 Rol       medida     ocurrencias
 
ASSESS    NOMINAL           1
INPUT     INTERVAL         11
INPUT     NOMINAL          17
TARGET    INTERVAL          1
 
 
 
 
Resumen de partición
 
                                 Número de
Tipo     Conjunto de datos     observaciones
 
DATA     EMWS2.Varsel_TRAIN         2930
TRAIN    EMWS2.Part_TRAIN           2051
TEST     EMWS2.Part_TEST             879


*------------------------------------------------------------*
* Salida de puntuación
*------------------------------------------------------------*


*------------------------------------------------------------*
* Salida del informe
*------------------------------------------------------------*
 
 
 
 
Estadísticos descriptivos para las variables objetivo intervalo
 
Datos=DATA
 
                                                Número de                 Desviación
Variable     Máximo      Media      Mínimo    observaciones    Ausente     estándar     Etiqueta
 
SalePrice    755000    180796.06     12789         2930           0        79886.69     SalePrice
 
 
Datos=TEST
 
                                                Número de                 Desviación
Variable     Máximo      Media      Mínimo    observaciones    Ausente     estándar     Etiqueta
 
SalePrice    615000    181625.82     35000         879            0        78736.69     SalePrice
 
 
Datos=TRAIN
 
                                                Número de                 Desviación
Variable     Máximo      Media      Mínimo    observaciones    Ausente     estándar     Etiqueta
 
SalePrice    755000    180440.45     12789         2051           0        80390.94     SalePrice
