 
                                                                                               
 
 







 
Estadísticos de ajuste

Objetivo=DEFAULT Etiqueta objetivo=DEFAULT

Estadísticos
 de ajuste    Etiqueta de estadísticos                    Entrenamiento  Validación   Prueba

  _AIC_        criterio de información de Akaike             207.355          .         .   
  _ASE_        error cuadrado del promedio                     0.073         0.098     0.099
  _AVERR_      función de error de promedio                    0.243         0.396     0.382
  _DFE_        grados de libertad para el error              391.000          .         .   
  _DFM_        grados de libertad del modelo                   7.000          .         .   
  _DFT_        grados de libertad totales                    398.000          .         .   
  _DIV_        divisor para ASE                              796.000       596.000   596.000
  _ERR_        función de error                              193.355       236.272   227.573
  _FPE_        error de predicción final                       0.076          .         .   
  _MAX_        error absoluto máximo                           0.965         1.000     0.999
  _MSE_        error cuadrático de la media                    0.075         0.098     0.099
  _NOBS_       suma de frecuencias                           398.000       298.000   298.000
  _NW_         número de pesos de los estimadores              7.000          .         .   
  _RASE_       suma del promedio de la raíz de cuadrados       0.271         0.314     0.314
  _RFPE_       error de predicción final de la raíz            0.276          .         .   
  _RMSE_       error cuadrático de la media de la raíz         0.273         0.314     0.314
  _SBC_        criterio bayesiano de Schwarz                 235.261          .         .   
  _SSE_        suma de errores cuadrados                      58.418        58.693    58.927
  _SUMW_       suma de frec temporales de pesos de caso      796.000       596.000   596.000
  _MISC_       tasa de error de clasificación                  0.098         0.114     0.111
  _AUR_       Área bajo ROC                                    0.862         0.645     0.625
  _Gini_      Coeficiente Gini                                 0.724         0.290     0.251
  _KS_        Estadístico de Kolmogorov-Smirno                 0.566         0.254     0.253
  _ARATIO_    Ratio de exactitud                               0.724         0.290     0.251
 
                                                                                               
 
 







 
Tabla de clasificación

Rol de los datos=TRAIN Variable objetivo=DEFAULT Etiqueta objetivo=DEFAULT

                         Porcentaje    Porcentaje     Número de     Porcentaje
Objetivo    Resultado     objetivo      resultado    ocurrencias       total

  0.00        0.00         91.1688       98.5955         351          88.1910 
  1.00        0.00          8.8312       80.9524          34           8.5427 
  0.00        1.00         38.4615        1.4045           5           1.2563 
  1.00        1.00         61.5385       19.0476           8           2.0101 


Rol de los datos=VALIDATE Variable objetivo=DEFAULT Etiqueta objetivo=DEFAULT

                         Porcentaje    Porcentaje     Número de     Porcentaje
Objetivo    Resultado     objetivo      resultado    ocurrencias       total

  0.00        0.00         90.8772       97.0037         259          86.9128 
  1.00        0.00          9.1228       83.8710          26           8.7248 
  0.00        1.00         61.5385        2.9963           8           2.6846 
  1.00        1.00         38.4615       16.1290           5           1.6779 
 
                                                                                               
 
 







 
Tabla de evento de clasificación

Rol de los datos=TRAIN Objetivo=DEFAULT Etiqueta objetivo=DEFAULT

  Falso     Verdadero      Falso     Verdadero
negativo     negativo    positivo     positivo

   34          351           5           8    


Rol de los datos=VALIDATE Objetivo=DEFAULT Etiqueta objetivo=DEFAULT

  Falso     Verdadero      Falso     Verdadero
negativo     negativo    positivo     positivo

   26          259           8           5    
 
                                                                                               
 
 







 
Clasificaciones de puntuación de evaluación

Rol de los datos=TRAIN Variable objetivo=DEFAULT Etiqueta objetivo=DEFAULT

                                                          %
                                                      acumulado                 Probabilidad
                                  Mejora       %          de       Número de    posterior de
Profundidad  Ganancia   Mejora  acumulada  respuesta  respuesta  observaciones    la media

      5       468.571  5.68571   5.68571    60.0000    60.0000         20          0.57143  
     10       385.655  4.02738   4.85655    42.5000    51.2500         20          0.36139  
     15       279.048  1.65833   3.79048    17.5000    40.0000         20          0.27548  
     20       196.131  0.47381   2.96131     5.0000    31.2500         20          0.20047  
     25       155.857  0.94762   2.55857    10.0000    27.0000         20          0.15066  
     30       160.595  2.84286   2.60595    30.0000    27.5000         20          0.12191  
     35       123.367  0.00000   2.23367     0.0000    23.5714         20          0.09796  
     40       125.060  2.36905   2.25060    25.0000    23.7500         20          0.07771  
     45       105.317  0.47381   2.05317     5.0000    21.6667         20          0.06508  
     50        95.238  0.99749   1.95238    10.5263    20.6030         19          0.05071  
     55        77.408  0.00000   1.77408     0.0000    18.7215         20          0.03941  
     60        66.527  0.47381   1.66527     5.0000    17.5732         20          0.02891  
     65        53.668  0.00000   1.53668     0.0000    16.2162         20          0.02252  
     70        42.652  0.00000   1.42652     0.0000    15.0538         20          0.01636  
     75        33.110  0.00000   1.33110     0.0000    14.0468         20          0.00932  
     80        24.765  0.00000   1.24765     0.0000    13.1661         20          0.00585  
     85        17.404  0.00000   1.17404     0.0000    12.3894         20          0.00361  
     90        10.864  0.00000   1.10864     0.0000    11.6992         20          0.00213  
     95         5.013  0.00000   1.05013     0.0000    11.0818         20          0.00127  
    100         0.000  0.00000   1.00000     0.0000    10.5528         19          0.00037  


Rol de los datos=VALIDATE Variable objetivo=DEFAULT Etiqueta objetivo=DEFAULT

                                                          %
                                                      acumulado                 Probabilidad
                                  Mejora       %          de       Número de    posterior de
Profundidad  Ganancia   Mejora  acumulada  respuesta  respuesta  observaciones    la media

      5       220.430  3.20430   3.20430    33.3333    33.3333         15          0.60141  
     10       188.387  2.56344   2.88387    26.6667    30.0000         15          0.41194  
     15       134.982  1.28172   2.34982    13.3333    24.4444         15          0.33389  
     20        92.258  0.64086   1.92258     6.6667    20.0000         15          0.27077  
     25        79.441  1.28172   1.79441    13.3333    18.6667         15          0.19905  
     30        49.534  0.00000   1.49534     0.0000    15.5556         15          0.15741  
     35        37.327  0.64086   1.37327     6.6667    14.2857         15          0.12669  
     40        28.172  0.64086   1.28172     6.6667    13.3333         15          0.09979  
     45        35.293  1.92258   1.35293    20.0000    14.0741         15          0.07386  
     50        29.032  0.68664   1.29032     7.1429    13.4228         14          0.05706  
     55        34.815  1.92258   1.34815    20.0000    14.0244         15          0.04365  
     60        23.518  0.00000   1.23518     0.0000    12.8492         15          0.03218  
     65        18.923  0.64086   1.18923     6.6667    12.3711         15          0.02293  
     70        14.987  0.64086   1.14987     6.6667    11.9617         15          0.01439  
     75        15.870  1.28172   1.15870    13.3333    12.0536         15          0.00859  
     80        16.642  1.28172   1.16642    13.3333    12.1339         15          0.00568  
     85         9.754  0.00000   1.09754     0.0000    11.4173         15          0.00334  
     90         3.634  0.00000   1.03634     0.0000    10.7807         15          0.00190  
     95         1.545  0.64086   1.01545     6.6667    10.5634         15          0.00116  
    100         0.000  0.68664   1.00000     7.1429    10.4027         14          0.00031  
 
                                                                                               
 
 







 
Distribución de puntuación de evaluación

Rol de los datos=TRAIN Variable objetivo=DEFAULT Etiqueta objetivo=DEFAULT

Rango de la      Número                  Probabilidad
probabilidad       de       Número de    posterior de
 posterior      eventos    no eventos      la media      Porcentaje

 0.75-0.80         3             1          0.77890         1.0050 
 0.65-0.70         0             1          0.66443         0.2513 
 0.60-0.65         2             2          0.61467         1.0050 
 0.55-0.60         1             0          0.55399         0.2513 
 0.50-0.55         2             1          0.52165         0.7538 
 0.45-0.50         1             0          0.48253         0.2513 
 0.40-0.45         3             3          0.43141         1.5075 
 0.35-0.40         5             6          0.38077         2.7638 
 0.30-0.35         5             9          0.33062         3.5176 
 0.25-0.30         2             6          0.27887         2.0101 
 0.20-0.25         0            16          0.22920         4.0201 
 0.15-0.20         1            21          0.17196         5.5276 
 0.10-0.15         8            28          0.12320         9.0452 
 0.05-0.10         7            57          0.07292        16.0804 
 0.00-0.05         2           205          0.01435        52.0101 


Rol de los datos=VALIDATE Variable objetivo=DEFAULT Etiqueta objetivo=DEFAULT

Rango de la      Número                  Probabilidad
probabilidad       de       Número de    posterior de
 posterior      eventos    no eventos      la media      Porcentaje

 0.80-0.85          1            0          0.83295         0.3356 
 0.75-0.80          1            1          0.77782         0.6711 
 0.60-0.65          1            2          0.62743         1.0067 
 0.55-0.60          1            2          0.55675         1.0067 
 0.50-0.55          1            3          0.53009         1.3423 
 0.45-0.50          0            2          0.47980         0.6711 
 0.40-0.45          3            6          0.42921         3.0201 
 0.35-0.40          1            7          0.38082         2.6846 
 0.30-0.35          2           12          0.32729         4.6980 
 0.25-0.30          1           11          0.27300         4.0268 
 0.20-0.25          0            8          0.22362         2.6846 
 0.15-0.20          2           19          0.17176         7.0470 
 0.10-0.15          2           22          0.12380         8.0537 
 0.05-0.10          4           35          0.07220        13.0872 
 0.00-0.05         11          137          0.01325        49.6644 
