 
                                                                                                                                                                                                                                                                
 
 
Resumen de variables

            Nivel de     Número de
Rol          medida     ocurrencias

INPUT       INTERVAL         8     
INPUT       ORDINAL          8     
REJECTED    BINARY           3     
REJECTED    INTERVAL         9     
TARGET      BINARY           1     
 
                                                                                                                                                                                                                                                                
 
 
Eventos del modelo

                                   Número
                      Nivel de       de
Objetivo    Evento     medida     niveles      Orden       Etiqueta

DEFAULT      1.00      BINARY        2       Descending    DEFAULT 
 
                                                                                                                                                                                                                                                                
 
 
Variables predichas y de decisión

Tipo         Variable         Etiqueta

TARGET       DEFAULT          DEFAULT                
PREDICTED    P_DEFAULT1_00    Predicted: DEFAULT=1.00
RESIDUAL     R_DEFAULT1_00    Residual: DEFAULT=1.00 
PREDICTED    P_DEFAULT0_00    Predicted: DEFAULT=0.00
RESIDUAL     R_DEFAULT0_00    Residual: DEFAULT=0.00 
FROM         F_DEFAULT        From: DEFAULT          
INTO         I_DEFAULT        Into: DEFAULT          
 
                                                                                                                                                                                                                                                                
 
 

Procedimiento DMREG

                    Model Information

Conjunto de datos de entrenamiento    WORK.EM_DMREG.VIEW  
Catálogo DMDB                         WORK.SCORECARD3_DMDB
Variable objetivo                     DEFAULT (DEFAULT)   
Nivel de medida del objetivo          Ordinal             
Número de categorías del objetivo     2                   
Error                                 MBernoulli          
Función de vínculo                    Logit               
Número de parámetros modelo           9                   
Número de observaciones               398                 


          Target Profile
 
   Valor                     Total
ordenado     DEFAULT     Frequency

       1     1.00               42
       2     0.00              356




Procedimiento de eliminación hacia atrás


Paso 0: se han introducido los siguientes efectos.

Intercept  WOE_AGE  WOE_INCOME  WOE_ACTIVE  WOE_AVGEXP  WOE_CUR_ADD  WOE_DEPNDT  WOE_EXP_INC  WOE_INC_PER  
 
                                                                                                                                                                                                                                                                
 
 

Procedimiento DMREG

Optimización Newton-Raphson Ridge

Ajuste a escala sin parámetro

Estimaciones de parámetro               9

                                           Inicio de optimización

Restricciones activas                               0  Función objetivo                         134.15043395
Elemento gradiente absoluto máx          18.330620527                                                       


                                                                                                        Ratio
                                                                                                      Between
                                                                                                       Actual
                                                                 Objective     Max Abs                    and
                     Function         Active        Objective     Function    Gradient              Predicted
Iter     Restarts       Calls    Constraints         Function       Change     Element     Ridge       Change

   1            0           2              0        105.53049      28.6199     23.0774         0        0.861
   2            0           3              0         95.83131       9.6992      4.3798         0        1.178
   3            0           4              0         93.93411       1.8972      1.0716         0        1.197
   4            0           5              0         93.59620       0.3379      0.2104         0        1.171
   5            0           6              0         93.54961       0.0466      0.0317         0        1.138
   6            0           7              0         93.54685      0.00275     0.00218         0        1.046
   7            0           8              0         93.54684     0.000014    0.000012         0        1.004

                                         Resultados de optimización

Iteraciones                                         7  Invocaciones de función                            10
Invocaciones del hessiano                           8  Restricciones activas                               0
Función objetivo                         93.546838044  Elemento gradiente absoluto máx          0.0000119212
Ridge                                               0  Actual Over Pred Change                  1.0035829985

Convergence criterion (GCONV=1E-6) satisfied.                                                     


        Likelihood Ratio Test for Global Null Hypothesis: BETA=0
 
        -2 Log Likelihood
                         Términos     Likelihood
 Sólo términos     independientes          Ratio
independientes      & covariables     Chi-Square       DF     Pr > ChiSq

       268.301            187.094        81.2072        8         <.0001


                             Analysis of Maximum Likelihood Estimates
 
                                 Standard          Wald                      Estimador
Parameter      DF    Estimate       Error    Chi-Square    Pr > ChiSq    estandarizado    Exp(Est)

Intercept       1     -2.4036      0.3333         52.00        <.0001                        0.090
WOE_AGE         1     -0.9256      0.3357          7.60        0.0058          -0.3454       0.396
WOE_INCOME      1     -0.8938      0.3514          6.47        0.0110          -0.2466       0.409
WOE_ACTIVE      1     -0.9087      0.3126          8.45        0.0036          -0.6774       0.403
WOE_AVGEXP      1     -0.9038      0.3855          5.50        0.0190          -0.3924       0.405
WOE_CUR_ADD     1     -0.8124      0.3507          5.37        0.0205          -0.3200       0.444
WOE_DEPNDT      1     -2.2068      1.2249          3.25        0.0716          -0.4555       0.110
WOE_EXP_INC     1     -1.7937      1.3805          1.69        0.1938          -0.7180       0.166
WOE_INC_PER     1     -0.2216      0.3904          0.32        0.5702          -0.0565       0.801


    Odds Ratio Estimates
              
                       Point
Effect              Estimate

WOE_AGE                0.396
WOE_INCOME             0.409
WOE_ACTIVE             0.403
WOE_AVGEXP             0.405
WOE_CUR_ADD            0.444
WOE_DEPNDT             0.110
WOE_EXP_INC            0.166
WOE_INC_PER            0.801


Paso 1 : efecto  WOE_INC_PER eliminado.
 
                                                                                                                                                                                                                                                                
 
 

Procedimiento DMREG

Optimización Newton-Raphson Ridge

Ajuste a escala sin parámetro

Estimaciones de parámetro               8

                                           Inicio de optimización

Restricciones activas                               0  Función objetivo                         134.15043395
Elemento gradiente absoluto máx          18.330620527                                                       


                                                                                                        Ratio
                                                                                                      Between
                                                                                                       Actual
                                                                 Objective     Max Abs                    and
                     Function         Active        Objective     Function    Gradient              Predicted
Iter     Restarts       Calls    Constraints         Function       Change     Element     Ridge       Change

   1            0           2              0        105.31279      28.8376     22.0998         0        0.915
   2            0           3              0         96.03348       9.2793      4.5534         0        1.194
   3            0           4              0         94.08872       1.9448      1.0981         0        1.194
   4            0           5              0         93.75444       0.3343      0.2078         0        1.170
   5            0           6              0         93.70878       0.0457      0.0311         0        1.137
   6            0           7              0         93.70614      0.00264     0.00209         0        1.045
   7            0           8              0         93.70613     0.000013    0.000011         0        1.003

                                         Resultados de optimización

Iteraciones                                         7  Invocaciones de función                            10
Invocaciones del hessiano                           8  Restricciones activas                               0
Función objetivo                         93.706127908  Elemento gradiente absoluto máx          0.0000108785
Ridge                                               0  Actual Over Pred Change                  1.0034034591

Convergence criterion (GCONV=1E-6) satisfied.                                                     


        Likelihood Ratio Test for Global Null Hypothesis: BETA=0
 
        -2 Log Likelihood
                         Términos     Likelihood
 Sólo términos     independientes          Ratio
independientes      & covariables     Chi-Square       DF     Pr > ChiSq

       268.301            187.412        80.8886        7         <.0001


                             Analysis of Maximum Likelihood Estimates
 
                                 Standard          Wald                      Estimador
Parameter      DF    Estimate       Error    Chi-Square    Pr > ChiSq    estandarizado    Exp(Est)

Intercept       1     -2.4231      0.3321         53.25        <.0001                        0.089
WOE_AGE         1     -0.9362      0.3340          7.86        0.0051          -0.3494       0.392
WOE_INCOME      1     -0.9426      0.3420          7.60        0.0058          -0.2601       0.390
WOE_ACTIVE      1     -0.9412      0.3123          9.08        0.0026          -0.7016       0.390
WOE_AVGEXP      1     -0.9237      0.3837          5.79        0.0161          -0.4011       0.397
WOE_CUR_ADD     1     -0.8161      0.3516          5.39        0.0203          -0.3214       0.442
WOE_DEPNDT      1     -2.4144      1.2328          3.84        0.0502          -0.4984       0.089
WOE_EXP_INC     1     -1.7990      1.3677          1.73        0.1884          -0.7201       0.165


    Odds Ratio Estimates
              
                       Point
Effect              Estimate

WOE_AGE                0.392
WOE_INCOME             0.390
WOE_ACTIVE             0.390
WOE_AVGEXP             0.397
WOE_CUR_ADD            0.442
WOE_DEPNDT             0.089
WOE_EXP_INC            0.165


Paso 2 : efecto  WOE_EXP_INC eliminado.
 
                                                                                                                                                                                                                                                                
 
 

Procedimiento DMREG

Optimización Newton-Raphson Ridge

Ajuste a escala sin parámetro

Estimaciones de parámetro               7

                                           Inicio de optimización

Restricciones activas                               0  Función objetivo                         134.15043395
Elemento gradiente absoluto máx          18.330620527                                                       


                                                                                                        Ratio
                                                                                                      Between
                                                                                                       Actual
                                                                 Objective     Max Abs                    and
                     Function         Active        Objective     Function    Gradient              Predicted
Iter     Restarts       Calls    Constraints         Function       Change     Element     Ridge       Change

   1            0           2              0        106.64582      27.5046     21.2003         0        0.912
   2            0           3              0         98.27193       8.3739      4.1549         0        1.183
   3            0           4              0         96.80908       1.4628      0.8478         0        1.162
   4            0           5              0         96.67938       0.1297      0.0872         0        1.071
   5            0           6              0         96.67769      0.00169     0.00129         0        1.010
   6            0           7              0         96.67769     4.079E-7    3.209E-7         0        1.000

                                         Resultados de optimización

Iteraciones                                         6  Invocaciones de función                             9
Invocaciones del hessiano                           7  Restricciones activas                               0
Función objetivo                         96.677685837  Elemento gradiente absoluto máx           3.208777E-7
Ridge                                               0  Actual Over Pred Change                  1.0001890695

Convergence criterion (GCONV=1E-6) satisfied.                                                     


        Likelihood Ratio Test for Global Null Hypothesis: BETA=0
 
        -2 Log Likelihood
                         Términos     Likelihood
 Sólo términos     independientes          Ratio
independientes      & covariables     Chi-Square       DF     Pr > ChiSq

       268.301            193.355        74.9455        6         <.0001


                             Analysis of Maximum Likelihood Estimates
 
                                 Standard          Wald                      Estimador
Parameter      DF    Estimate       Error    Chi-Square    Pr > ChiSq    estandarizado    Exp(Est)

Intercept       1     -2.2452      0.2324         93.34        <.0001                        0.106
WOE_AGE         1     -0.9154      0.3281          7.78        0.0053          -0.3416       0.400
WOE_INCOME      1     -0.9300      0.3381          7.57        0.0059          -0.2566       0.395
WOE_ACTIVE      1     -1.0285      0.3134         10.77        0.0010          -0.7667       0.358
WOE_AVGEXP      1     -1.0243      0.3643          7.91        0.0049          -0.4448       0.359
WOE_CUR_ADD     1     -0.8304      0.3516          5.58        0.0182          -0.3271       0.436
WOE_DEPNDT      1     -2.5598      1.2838          3.98        0.0462          -0.5284       0.077


    Odds Ratio Estimates
              
                       Point
Effect              Estimate

WOE_AGE                0.400
WOE_INCOME             0.395
WOE_ACTIVE             0.358
WOE_AVGEXP             0.359
WOE_CUR_ADD            0.436
WOE_DEPNDT             0.077


NOTE: No (additional) effects met the 0.05 significance level for removal from the model.


                   Summary of Backward Elimination
 
            Effect                 Number          Wald
    Step    Removed          DF        In    Chi-Square    Pr > ChiSq

       1    WOE_INC_PER       1         7        0.3223        0.5702
       2    WOE_EXP_INC       1         6        1.7302        0.1884


El modelo seleccionado es el modelo entrenado en el último paso (Paso 2). Consta de los siguientes efectos:

Intercept  WOE_AGE  WOE_INCOME  WOE_ACTIVE  WOE_AVGEXP  WOE_CUR_ADD  WOE_DEPNDT  


        Likelihood Ratio Test for Global Null Hypothesis: BETA=0
 
        -2 Log Likelihood
                         Términos     Likelihood
 Sólo términos     independientes          Ratio
independientes      & covariables     Chi-Square       DF     Pr > ChiSq

       268.301            193.355        74.9455        6         <.0001


                             Analysis of Maximum Likelihood Estimates
 
                                 Standard          Wald                      Estimador
Parameter      DF    Estimate       Error    Chi-Square    Pr > ChiSq    estandarizado    Exp(Est)

Intercept       1     -2.2452      0.2324         93.34        <.0001                        0.106
WOE_AGE         1     -0.9154      0.3281          7.78        0.0053          -0.3416       0.400
WOE_INCOME      1     -0.9300      0.3381          7.57        0.0059          -0.2566       0.395
WOE_ACTIVE      1     -1.0285      0.3134         10.77        0.0010          -0.7667       0.358
WOE_AVGEXP      1     -1.0243      0.3643          7.91        0.0049          -0.4448       0.359
WOE_CUR_ADD     1     -0.8304      0.3516          5.58        0.0182          -0.3271       0.436
WOE_DEPNDT      1     -2.5598      1.2838          3.98        0.0462          -0.5284       0.077


    Odds Ratio Estimates
              
                       Point
Effect              Estimate

WOE_AGE                0.400
WOE_INCOME             0.395
WOE_ACTIVE             0.358
WOE_AVGEXP             0.359
WOE_CUR_ADD            0.436
WOE_DEPNDT             0.077
 
                                                                                                                                                                                                                                                                
 
 
Scorecard

                                                             Puntos de
Obs    Variable    Grupo    Etiqueta                         scorecard

  1    ACTIVE        -2     Puntuación neutral                   25   
  2    ACTIVE         1     ACTIVE< 2                           114   
  3    ACTIVE         2     2<= ACTIVE< 7, _MISSING_             27   
  4    ACTIVE         3     7<= ACTIVE< 11                       20   
  5    ACTIVE         4     11<= ACTIVE< 12                      51   
  6    ACTIVE         5     12<= ACTIVE                           1   
  7    AGE           -2     Puntuación neutral                   25   
  8    AGE            1     AGE< 27.75, _MISSING_                43   
  9    AGE            2     27.75<= AGE< 29.83                    6   
 10    AGE            3     29.83<= AGE< 32.33                   65   
 11    AGE            4     32.33<= AGE< 44.92                   13   
 12    AGE            5     44.92<= AGE                          26   
 13    AVGEXP        -2     Puntuación neutral                   25   
 14    AVGEXP         1     AVGEXP< 87.15, _MISSING_             17   
 15    AVGEXP         2     87.15<= AVGEXP< 132.85               40   
 16    AVGEXP         3     132.85<= AVGEXP< 175.44              91   
 17    AVGEXP         4     175.44<= AVGEXP< 420.58              33   
 18    AVGEXP         5     420.58<= AVGEXP                       3   
 19    CUR_ADD       -2     Puntuación neutral                   25   
 20    CUR_ADD        1     CUR_ADD< 6                           59   
 21    CUR_ADD        2     6<= CUR_ADD< 12                      18   
 22    CUR_ADD        3     12<= CUR_ADD< 24                     52   
 23    CUR_ADD        4     24<= CUR_ADD< 94, _MISSING_          14   
 24    CUR_ADD        5     94<= CUR_ADD                         30   
 25    DEPNDT        -2     Puntuación neutral                   25   
 26    DEPNDT         1     DEPNDT< 1, _MISSING_                 15   
 27    DEPNDT         2     1<= DEPNDT< 2                        24   
 28    DEPNDT         3     2<= DEPNDT< 3                        40   
 29    DEPNDT         4     3<= DEPNDT< 4                        19   
 30    DEPNDT         5     4<= DEPNDT                          142   
 31    INCOME        -2     Puntuación neutral                   25   
 32    INCOME         1     INCOME< 1.68                         47   
 33    INCOME         2     1.68<= INCOME< 2.1                    5   
 34    INCOME         3     2.1<= INCOME< 3.11, _MISSING_        27   
 35    INCOME         4     3.11<= INCOME< 5.92                  40   
 36    INCOME         5     5.92<= INCOME                         1   
