*------------------------------------------------------------*
Usuario:                win
Fecha:                15/02/16
Hora:                15H37
*------------------------------------------------------------*
* Salida de entrenamiento
*------------------------------------------------------------*
 
 
 
 
Resumen de variables
 
          Nivel de     Número de
Rol        medida     ocurrencias
 
ID        INTERVAL         1
ID        NOMINAL          1
INPUT     BINARY           3
INPUT     INTERVAL         9
TARGET    BINARY           1
 
 
 
 
 
        Variable     Variable
Obs    de entrada    de grupo        Variable WOE
 
  1     ACTIVE       GRP_ACTIVE      WOE_ACTIVE
  2     AGE          GRP_AGE         WOE_AGE
  3     AVGEXP       GRP_AVGEXP      WOE_AVGEXP
  4     CARDHLDR     GRP_CARDHLDR    WOE_CARDHLDR
  5     CUR_ADD      GRP_CUR_ADD     WOE_CUR_ADD
  6     DEPNDT       GRP_DEPNDT      WOE_DEPNDT
  7     EXP_INC      GRP_EXP_INC     WOE_EXP_INC
  8     INCOME       GRP_INCOME      WOE_INCOME
  9     INC_PER      GRP_INC_PER     WOE_INC_PER
 10     MAJOR        GRP_MAJOR       WOE_MAJOR
 11     OWNRENT      GRP_OWNRENT     WOE_OWNRENT
 12     SELFEMPL     GRP_SELFEMPL    WOE_SELFEMPL


*------------------------------------------------------------*
* Salida de puntuación
*------------------------------------------------------------*
 
 
 
                                                                                                                                        Ordenación
                                                                                                                                        del valor
                   Estadístico      Valor de     Nivel para        Rol                         Agrupamiento                               de la
Obs    Variable      de Gini      información    Interactivo    calculado      Nuevo rol       predefinido      Nivel      Etiqueta    información
 
  1    ACTIVE         40.710         0.928        INTERVAL      Input        Predeterminado                    INTERVAL    ACTIVE            1
  2    AVGEXP         31.568         0.429        INTERVAL      Input        Predeterminado                    INTERVAL    AVGEXP            2
  3    CUR_ADD        30.712         0.395        INTERVAL      Input        Predeterminado                    INTERVAL    CUR_ADD           3
  4    AGE            32.343         0.385        INTERVAL      Input        Predeterminado                    INTERVAL    AGE               4
  5    EXP_INC        18.874         0.332        INTERVAL      Input        Predeterminado                    INTERVAL    EXP_INC           5
  6    INCOME         27.689         0.279        INTERVAL      Input        Predeterminado                    INTERVAL    INCOME            6
  7    INC_PER        26.077         0.249        INTERVAL      Input        Predeterminado                    INTERVAL    INC_PER           7
  8    DEPNDT         10.667         0.104        INTERVAL      Input        Predeterminado                    INTERVAL    DEPNDT            8
  9    MAJOR           2.287         0.004        INTERVAL      Rechazada    Predeterminado                    INTERVAL    MAJOR             9
 10    SELFEMPL        0.682         0.001        BINARY        Rechazada    Predeterminado                    BINARY      SELFEMPL         10
 11    OWNRENT         0.428         0.000        BINARY        Rechazada    Predeterminado                    BINARY      OWNRENT          11
 12    CARDHLDR        0.000         0.000        BINARY        Rechazada    Predeterminado                    BINARY      CARDHLDR         12


*------------------------------------------------------------*
* Salida del informe
*------------------------------------------------------------*
