 
                                                                                                                                                                                                                                                                
 
 
Resumen de variables

          Nivel de     Número de
 Rol       medida     ocurrencias

INPUT     INTERVAL         2     
INPUT     NOMINAL          2     
TARGET    INTERVAL         1     
 
                                                                                                                                                                                                                                                                
 
 
Variables predichas y de decisión

Tipo         Variable       Etiqueta

TARGET        FEV                      
PREDICTED     P_FEV      Predicted: FEV
RESIDUAL      R_FEV      Residual: FEV 
 
                                                                                                                                                                                                                                                                
 
 

Procedimiento DMREG

                   Model Information

Conjunto de datos de entrenamiento    WORK.EM_DMREG.VIEW
Catálogo DMDB                         WORK.REG_DMDB     
Variable objetivo                     FEV               
Nivel de medida del objetivo          Interval          
Error                                 Normal            
Función de vínculo                    Identity          
Número de parámetros modelo           5                 
Número de observaciones               458               


                             Analysis of Variance
 
                                  Suma de     Cuadrado de
Fuente                 DF       cuadrados        la media    F-Valor    Pr > F

Model                   4      268.673054       67.168264     381.25    <.0001
Error                 453       79.808900        0.176179                     
Corrected Total       457      348.481954                                     


              Model Fit Statistics

R-Square        0.7710     Adj R-Sq        0.7690
AIC          -790.2332     BIC          -788.1231
SBC          -769.5989     C(p)            5.0000


            Type 3 Analysis of Effects
 
                       Suma de
Effect        DF     cuadrados    F-Valor    Pr > F

Age            1        7.5987      43.13    <.0001
Height         1       49.9874     283.73    <.0001
Sex            1        2.5773      14.63    0.0001
Smoker         1        0.1059       0.60    0.4385


               Analysis of Maximum Likelihood Estimates
 
                                       Standard
Parameter            DF    Estimate       Error    Valor t    Pr > |t|

Intercept             1     -4.1717      0.2811     -14.84      <.0001
Age                   1      0.0760      0.0116       6.57      <.0001
Height                1      0.0986     0.00585      16.84      <.0001
Sex       Female      1     -0.0773      0.0202      -3.82      0.0001
Smoker    Current     1     -0.0275      0.0355      -0.78      0.4385
