 
                                                                                                                                                                                                                                                                
 
 
Resumen de variables

          Nivel de     Número de
Rol        medida     ocurrencias

ID        NOMINAL          1     
INPUT     BINARY           3     
INPUT     INTERVAL         9     
TARGET    BINARY           1     
 
                                                                                                                                                                                                                                                                
 
 
Atributos de la tabla de salida

Atributo                 Valor

Tabla de salida          EMWS1.Ids2_DATA
Tipo de salida           Datos          
Variables descartadas    1              
Rol de Data Mining       Puntuación     
 
                                                                                                                                                                                                                                                                
 
 
Atributos de la tabla input

Atributo                                              Valor

Fuente de datos                                       csnewclients       
                                                                         
Nombre de la librería                                 RIESGOS            
Nombre del miembro de librería                        CS_NEW_CLIENTS     
Etiqueta del conjunto de datos                                           
Conjunto de datos tipo especial (De TYPE=)                               
Observaciones en conjunto de datos                    34                 
Nombre del engine                                     BASE               
Fecha de creación                                     13/02/2016 20:03:33
Fecha de la última modificación                       13/02/2016 20:03:33
Observaciones borradas en conjunto de datos           0                  
Uso de variable en índices                            NONE               
Tipo de miembro de librería                           DATA               
Número de índices para conjunto de datos              0                  
Protección contraseña (Lectura Escritura Modificac    ---                
Actualización indicadores (Proteger Contribuir Aña    ---                
Rutina de compresión                                  NO                 
Volver a usar espacio                                 NO                 
Clasificado/validado                                  .                  
Pos. de variable en cláusula Sortedby                 .                  
Conj. de caracteres del host                                             
Secuencia de intercalación                                               
Opción de clasificación: no claves duplicadas         NO                 
Opción de clasificación: no registros duplicados      NO                 
Rutina de codificación                                NO                 
Apuntar a observaciones                               YES                
Número máximo de generaciones                         0                  
Número de generación                                  .                  
Número de siguiente generación                        .                  
Variables alfanuméricas transcodificadas              YES                
Variables                                             14                 
