*------------------------------------------------------------*
Usuario:                win
Fecha:                15/02/16
Hora:                15H37
*------------------------------------------------------------*
* Salida de entrenamiento
*------------------------------------------------------------*
 
 
 
 
Resumen de variables
 
          Nivel de     Número de
Rol        medida     ocurrencias
 
ID        NOMINAL          1
INPUT     BINARY           3
INPUT     INTERVAL         9
TARGET    BINARY           1
 
 
 
 
Resumen de partición
 
                                     Número de
Tipo         Conjunto de datos     observaciones
 
DATA        EMWS1.Ids_DATA              994
TRAIN       EMWS1.Part_TRAIN            398
VALIDATE    EMWS1.Part_VALIDATE         298
TEST        EMWS1.Part_TEST             298


*------------------------------------------------------------*
* Salida de puntuación
*------------------------------------------------------------*


*------------------------------------------------------------*
* Salida del informe
*------------------------------------------------------------*
 
 
 
 
Estadísticos descriptivos para las variables objetivo de clase
 
Datos=DATA
 
              Valor       Valor        Número de
Variable    numérico    formateado    ocurrencias    Porcentaje    Etiqueta
 
DEFAULT         0          0.00           890          89.5372     DEFAULT
DEFAULT         1          1.00           104          10.4628     DEFAULT
 
 
Datos=TEST
 
              Valor       Valor        Número de
Variable    numérico    formateado    ocurrencias    Porcentaje    Etiqueta
 
DEFAULT         0          0.00           267          89.5973     DEFAULT
DEFAULT         1          1.00            31          10.4027     DEFAULT
 
 
Datos=TRAIN
 
              Valor       Valor        Número de
Variable    numérico    formateado    ocurrencias    Porcentaje    Etiqueta
 
DEFAULT         0          0.00           356          89.4472     DEFAULT
DEFAULT         1          1.00            42          10.5528     DEFAULT
 
 
Datos=VALIDATE
 
              Valor       Valor        Número de
Variable    numérico    formateado    ocurrencias    Porcentaje    Etiqueta
 
DEFAULT         0          0.00           267          89.5973     DEFAULT
DEFAULT         1          1.00            31          10.4027     DEFAULT
