 
                                                                                                                                                                                                                                                                
 
 
Estadísticos descriptivos para las variables objetivo de clase

Datos=DATA

              Valor       Valor        Número de
Variable    numérico    formateado    ocurrencias    Porcentaje    Etiqueta

DEFAULT         0          0.00           890          89.5372     DEFAULT 
DEFAULT         1          1.00           104          10.4628     DEFAULT 


Datos=TEST

              Valor       Valor        Número de
Variable    numérico    formateado    ocurrencias    Porcentaje    Etiqueta

DEFAULT         0          0.00           267          89.5973     DEFAULT 
DEFAULT         1          1.00            31          10.4027     DEFAULT 


Datos=TRAIN

              Valor       Valor        Número de
Variable    numérico    formateado    ocurrencias    Porcentaje    Etiqueta

DEFAULT         0          0.00           356          89.4472     DEFAULT 
DEFAULT         1          1.00            42          10.5528     DEFAULT 


Datos=VALIDATE

              Valor       Valor        Número de
Variable    numérico    formateado    ocurrencias    Porcentaje    Etiqueta

DEFAULT         0          0.00           267          89.5973     DEFAULT 
DEFAULT         1          1.00            31          10.4027     DEFAULT 
