*------------------------------------------------------------*
Usuario:                win
Fecha:                15/02/16
Hora:                18H08
*------------------------------------------------------------*
* Salida de entrenamiento
*------------------------------------------------------------*
 
 
 
 
Resumen de variables
 
           Nivel de     Número de
Rol         medida     ocurrencias
 
FREQ       INTERVAL         1
SEGMENT    NOMINAL          2
TARGET     BINARY           1


*------------------------------------------------------------*
* Salida de puntuación
*------------------------------------------------------------*
 
 
 
 
Variables input de puntuación
 
 Nombre                                                                   Utilizado en
  de la                                                       Variable     código de
variable       Rol       Creador    Comentario    Etiqueta     oculta      puntuación
 
 ACTIVE      REJECTED                             ACTIVE         N             Y
 AGE         REJECTED                             AGE            N             Y
 AVGEXP      REJECTED                             AVGEXP         N             Y
 CUR_ADD     REJECTED                             CUR_ADD        N             Y
 DEFAULT     TARGET                               DEFAULT        N             N
 DEPNDT      REJECTED                             DEPNDT         N             Y
 INCOME      REJECTED                             INCOME         N             Y
 
 
 
 
Variables de salida de puntuación
 
Nombre de la
variable               Función           Creador       Etiqueta
 
EM_CLASSIFICATION      CLASSIFICATION    Score         Prediction for DEFAULT
EM_EVENTPROBABILITY    PREDICT           Score         Probability for level 1.00 of DEFAULT
EM_PROBABILITY         PREDICT           Score         Probability of Classification
EM_SEGMENT             TRANSFORM         Score         Segmento
I_DEFAULT              CLASSIFICATION    Scorecard2    Into: DEFAULT
P_DEFAULT0_00          PREDICT           Scorecard2    Predicted: DEFAULT=0.00
P_DEFAULT1_00          PREDICT           Scorecard2    Predicted: DEFAULT=1.00
SCORECARD_BIN          TRANSFORM         Scorecard3
SCORECARD_POINTS       TRANSFORM         Scorecard3
SCR_ACTIVE             TRANSFORM         Scorecard3
SCR_AGE                TRANSFORM         Scorecard3
SCR_AVGEXP             TRANSFORM         Scorecard3
SCR_CUR_ADD            TRANSFORM         Scorecard3
SCR_DEPNDT             TRANSFORM         Scorecard3
SCR_INCOME             TRANSFORM         Scorecard3
U_DEFAULT              CLASSIFICATION    Scorecard2    Unnormalized Into: DEFAULT
WOE_ACTIVE             TRANSFORM         IGN2          Weight of Evidence: ACTIVE
WOE_AGE                TRANSFORM         IGN2          Weight of Evidence: AGE
WOE_AVGEXP             TRANSFORM         IGN2          Weight of Evidence: AVGEXP
WOE_CUR_ADD            TRANSFORM         IGN2          Weight of Evidence: CUR_ADD
WOE_DEPNDT             TRANSFORM                       Weight of Evidence: DEPNDT
WOE_INCOME             TRANSFORM         IGN2          Weight of Evidence: INCOME
_WARN_                 ASSESS            Scorecard2    Avisos


*------------------------------------------------------------*
* Salida del informe
*------------------------------------------------------------*
 
 
 
 
Estadísticos de sumarización de la variable de clase
 
Rol de los datos=SCORE Tipo de salida=CLASSIFICATION
 
               Valor       Valor        Número de
Variable     numérico    formateado    ocurrencias    Porcentaje
 
I_DEFAULT        .          0.00            34            100
 
 
Rol de los datos=SCORE Tipo de salida=SEGMENT
 
                   Valor       Valor        Número de
  Variable       numérico    formateado    ocurrencias    Porcentaje
 
SCORECARD_BIN        2           2              1            2.9412
SCORECARD_BIN        4           4              1            2.9412
SCORECARD_BIN        5           5              3            8.8235
SCORECARD_BIN        6           6              4           11.7647
SCORECARD_BIN        7           7              4           11.7647
SCORECARD_BIN        8           8              4           11.7647
SCORECARD_BIN        9           9              5           14.7059
SCORECARD_BIN       11           11             2            5.8824
SCORECARD_BIN       12           12             2            5.8824
SCORECARD_BIN       18           18             1            2.9412
SCORECARD_BIN       19           19             2            5.8824
SCORECARD_BIN       20           20             2            5.8824
SCORECARD_BIN       21           21             2            5.8824
SCORECARD_BIN       22           22             1            2.9412
 
 
Rol de los datos=TRAIN Tipo de salida=CLASSIFICATION
 
               Valor       Valor        Número de
Variable     numérico    formateado    ocurrencias    Porcentaje
 
I_DEFAULT        .          0.00           1413         99.5070
I_DEFAULT        .          1.00              7          0.4930
 
 
Rol de los datos=TRAIN Tipo de salida=SEGMENT
 
                   Valor       Valor        Número de
  Variable       numérico    formateado    ocurrencias    Porcentaje
 
SCORECARD_BIN        1           1             7.000         0.4930
SCORECARD_BIN        2           2             7.000         0.4930
SCORECARD_BIN        3           3            16.392         1.1543
SCORECARD_BIN        4           4            44.247         3.1160
SCORECARD_BIN        5           5            67.959         4.7858
SCORECARD_BIN        6           6           102.742         7.2354
SCORECARD_BIN        7           7           155.165        10.9271
SCORECARD_BIN        8           8           189.412        13.3389
SCORECARD_BIN        9           9           192.309        13.5429
SCORECARD_BIN       10           10          126.742         8.9255
SCORECARD_BIN       11           11           85.103         5.9932
SCORECARD_BIN       12           12           64.320         4.5295
SCORECARD_BIN       13           13           30.000         2.1127
SCORECARD_BIN       14           14            4.000         0.2817
SCORECARD_BIN       15           15            3.464         0.2439
SCORECARD_BIN       16           16            5.000         0.3521
SCORECARD_BIN       17           17           14.320         1.0084
SCORECARD_BIN       18           18           36.031         2.5374
SCORECARD_BIN       19           19           63.598         4.4787
SCORECARD_BIN       20           20           61.959         4.3633
SCORECARD_BIN       21           21           77.598         5.4646
SCORECARD_BIN       22           22           45.175         3.1814
SCORECARD_BIN       23           23           11.464         0.8073
SCORECARD_BIN       24           24            7.000         0.4930
SCORECARD_BIN       25           25            2.000         0.1408
 
 
 
 
Estadísticos descriptivos de la variable de intervalo
 
Nombre de la variable=P_DEFAULT0_00
 
Estadísticos    Etiqueta                 TRAIN     SCORE
 
   MEAN         Media                     0.89     0.8707
   STD          Desviación estándar       0.10     0.1133
   N            No ausente             1420.00    34.0000
   MIN          Mínimo                    0.41     0.5214
   P25          Percentil 25              0.85     0.7827
   MEDIAN       Mediana                   0.91     0.8865
   P75          Percentil 75              0.97     0.9619
   MAX          Máximo                    1.00     0.9980
 
 
Nombre de la variable=P_DEFAULT1_00
 
Estadísticos    Etiqueta                 TRAIN     SCORE
 
   MEAN         Media                     0.11     0.1293
   STD          Desviación estándar       0.10     0.1133
   N            No ausente             1420.00    34.0000
   MIN          Mínimo                    0.00     0.0020
   P25          Percentil 25              0.03     0.0381
   MEDIAN       Mediana                   0.09     0.1135
   P75          Percentil 75              0.15     0.2173
   MAX          Máximo                    0.59     0.4786
