 
                                                                                                                                                                                                                                                                
 
 
Variables input de puntuación

 Nombre                                                                   Utilizado en
  de la                                                       Variable     código de
variable       Rol       Creador    Comentario    Etiqueta     oculta      puntuación

 ACTIVE      REJECTED                             ACTIVE         N             Y      
 AGE         REJECTED                             AGE            N             Y      
 AVGEXP      REJECTED                             AVGEXP         N             Y      
 CUR_ADD     REJECTED                             CUR_ADD        N             Y      
 DEFAULT     TARGET                               DEFAULT        N             N      
 DEPNDT      REJECTED                             DEPNDT         N             Y      
 INCOME      REJECTED                             INCOME         N             Y      
 
                                                                                                                                                                                                                                                                
 
 
Variables de salida de puntuación

Nombre de la
variable               Función           Creador       Etiqueta

EM_CLASSIFICATION      CLASSIFICATION    Score         Prediction for DEFAULT               
EM_EVENTPROBABILITY    PREDICT           Score         Probability for level 1.00 of DEFAULT
EM_PROBABILITY         PREDICT           Score         Probability of Classification        
EM_SEGMENT             TRANSFORM         Score         Segmento                             
I_DEFAULT              CLASSIFICATION    Scorecard2    Into: DEFAULT                        
P_DEFAULT0_00          PREDICT           Scorecard2    Predicted: DEFAULT=0.00              
P_DEFAULT1_00          PREDICT           Scorecard2    Predicted: DEFAULT=1.00              
SCORECARD_BIN          TRANSFORM         Scorecard3                                         
SCORECARD_POINTS       TRANSFORM         Scorecard3                                         
SCR_ACTIVE             TRANSFORM         Scorecard3                                         
SCR_AGE                TRANSFORM         Scorecard3                                         
SCR_AVGEXP             TRANSFORM         Scorecard3                                         
SCR_CUR_ADD            TRANSFORM         Scorecard3                                         
SCR_DEPNDT             TRANSFORM         Scorecard3                                         
SCR_INCOME             TRANSFORM         Scorecard3                                         
U_DEFAULT              CLASSIFICATION    Scorecard2    Unnormalized Into: DEFAULT           
WOE_ACTIVE             TRANSFORM         IGN2          Weight of Evidence: ACTIVE           
WOE_AGE                TRANSFORM         IGN2          Weight of Evidence: AGE              
WOE_AVGEXP             TRANSFORM         IGN2          Weight of Evidence: AVGEXP           
WOE_CUR_ADD            TRANSFORM         IGN2          Weight of Evidence: CUR_ADD          
WOE_DEPNDT             TRANSFORM                       Weight of Evidence: DEPNDT           
WOE_INCOME             TRANSFORM         IGN2          Weight of Evidence: INCOME           
_WARN_                 ASSESS            Scorecard2    Avisos                               
